<?xml version="1.0" encoding="utf-8"?><testsuites name="pytest tests"><testsuite name="pytest" errors="0" failures="0" skipped="0" tests="212" time="21.597" timestamp="2026-08-14T13:54:27.742912+09:00" hostname="gnss-lab"><testcase classname="tests.test_gcspo_access" name="test_capability_pre_post_identity_and_same_descriptor_text" time="0.060" /><testcase classname="tests.test_gcspo_access" name="test_capability_mismatch_before_exposure_and_denied_attempts" time="0.056" /><testcase classname="tests.test_gcspo_access" name="test_capability_rejects_symlink_glob_directory_and_prior_result" time="0.027" /><testcase classname="tests.test_gcspo_access" name="test_capability_detects_path_replacement_during_consume" time="0.022" /><testcase classname="tests.test_gcspo_access" name="test_authenticated_manifest_is_required_for_child_mat_nmea_xml" time="0.041" /><testcase classname="tests.test_gcspo_access" name="test_manifest_rejects_missing_or_malformed_child_identity" time="0.016" /><testcase classname="tests.test_gcspo_b0" name="test_gcspo_b0_dependency_is_explicit_without_changing_frozen_project_bytes" time="0.000" /><testcase classname="tests.test_gcspo_b0" name="test_b0_scorer_intermediates_stay_outside_canonical_artifact_root" time="0.000" /><testcase classname="tests.test_gcspo_b0" name="test_b0_runner_full_frame_has_explicit_lazy_pandas_dependency" time="0.009" /><testcase classname="tests.test_gcspo_b0" name="test_b0_role_filter_requires_wholly_contained_windows" time="0.002" /><testcase classname="tests.test_gcspo_b0" name="test_b0_scheduled_windows_are_exactly_half_open_with_boundary_epsilon_and_reuse" time="0.011" /><testcase classname="tests.test_gcspo_b0" name="test_b0_common_support_keeps_identical_windows_and_prns" time="0.004" /><testcase classname="tests.test_gcspo_b0" name="test_b0_common_support_rejects_duplicate_prn_rows" time="0.002" /><testcase classname="tests.test_gcspo_clean_contrast" name="test_clean_holdout_cell_is_authenticated_and_present_in_both_reconstruction_paths" time="0.074" /><testcase classname="tests.test_gcspo_clean_contrast" name="test_clean_holdout_cell_rejects_tamper_missing_identity_and_wrong_count" time="0.053" /><testcase classname="tests.test_gcspo_controls" name="test_every_control_level_has_frozen_stage_seed_and_reset[COMMON_GAIN-levels0-raw_q]" time="0.011" /><testcase classname="tests.test_gcspo_controls" name="test_every_control_level_has_frozen_stage_seed_and_reset[PROMPT_AMPLITUDE-levels1-raw_q]" time="0.003" /><testcase classname="tests.test_gcspo_controls" name="test_every_control_level_has_frozen_stage_seed_and_reset[CN0_METADATA_EXCLUSION_INVARIANCE-levels2-metadata_only]" time="0.003" /><testcase classname="tests.test_gcspo_controls" name="test_every_control_level_has_frozen_stage_seed_and_reset[PRN_DROP_ONLY-levels3-mask]" time="0.003" /><testcase classname="tests.test_gcspo_controls" name="test_every_control_level_has_frozen_stage_seed_and_reset[EMPIRICAL_NOISE-levels4-pre_whitening_residual]" time="0.004" /><testcase classname="tests.test_gcspo_controls" name="test_every_control_level_has_frozen_stage_seed_and_reset[ONE_PRN_DISTURBANCE-levels5-pre_whitening_residual]" time="0.003" /><testcase classname="tests.test_gcspo_controls" name="test_every_control_level_has_frozen_stage_seed_and_reset[INDEPENDENT_MULTIPATH_LIKE-levels6-pre_whitening_residual]" time="0.007" /><testcase classname="tests.test_gcspo_controls" name="test_every_control_level_has_frozen_stage_seed_and_reset[CLOCK_DRIFT-levels7-physical_state]" time="0.045" /><testcase classname="tests.test_gcspo_controls" name="test_common_gain_and_prompt_amplitude_are_actual_raw_renormalizations" time="0.002" /><testcase classname="tests.test_gcspo_controls" name="test_cn0_exclusion_is_bitwise_score_input_invariant" time="0.001" /><testcase classname="tests.test_gcspo_controls" name="test_prn_drop_and_one_prn_disturbance_preserve_identity_contract" time="0.002" /><testcase classname="tests.test_gcspo_controls" name="test_empirical_noise_mapping_is_centered_and_deterministic" time="0.002" /><testcase classname="tests.test_gcspo_controls" name="test_independent_multipath_preserves_unlisted_rows_and_has_independent_phase" time="0.003" /><testcase classname="tests.test_gcspo_controls" name="test_clock_drift_uses_physical_loading_var_once_and_reports_specificity_inputs" time="0.021" /><testcase classname="tests.test_gcspo_controls" name="test_control_block_contract_is_nonoverlap_10s_and_warmup_reset" time="0.000" /><testcase classname="tests.test_gcspo_controls" name="test_control_grid_executes_every_block_level_and_records_alarm_fields" time="0.750" /><testcase classname="tests.test_gcspo_evaluator" name="test_phase_containment_and_missing_slot_breaks_persistence" time="0.001" /><testcase classname="tests.test_gcspo_evaluator" name="test_exact_contrast_support_includes_event_epoch_prn_identity" time="0.001" /><testcase classname="tests.test_gcspo_evaluator" name="test_exact_contrast_support_excludes_unequal_actual_epochs_and_rejects_duplicates" time="0.001" /><testcase classname="tests.test_gcspo_evaluator" name="test_method_rows_preserve_native_geometry_and_continuous_prn_support" time="0.001" /><testcase classname="tests.test_gcspo_evaluator" name="test_balanced_pauc_makes_ds7_ds8_one_cell_and_excludes_replay" time="0.001" /><testcase classname="tests.test_gcspo_evaluator" name="test_ds7_ds8_hierarchical_weights_balance_members_not_row_counts" time="0.001" /><testcase classname="tests.test_gcspo_evaluator" name="test_ds7_ds8_one_available_member_duplicate_rows_are_invariant_and_missing_member_fails" time="0.001" /><testcase classname="tests.test_gcspo_evaluator" name="test_bootstrap_is_real_2000_replicates_nextafter_and_family_coupled" time="0.899" /><testcase classname="tests.test_gcspo_evaluator" name="test_relation_destructions_are_executed_and_preserve_frozen_marginals" time="0.002" /><testcase classname="tests.test_gcspo_evaluator" name="test_all_six_gates_are_computed_from_numeric_evidence" time="0.000" /><testcase classname="tests.test_gcspo_evaluator" name="test_delivered_evaluator_contains_no_placeholder_bootstrap_or_literal_gate_failures" time="0.000" /><testcase classname="tests.test_gcspo_freeze" name="test_exact_once_marker_is_atomic_and_has_one_concurrent_claimant" time="0.026" /><testcase classname="tests.test_gcspo_freeze" name="test_malformed_freeze_or_manifest_never_consumes_marker" time="0.001" /><testcase classname="tests.test_gcspo_freeze" name="test_live_remote_sha_not_stale_tracking_ref_and_exact_sync_required" time="0.001" /><testcase classname="tests.test_gcspo_freeze" name="test_live_remote_requires_full_status_and_rejects_runtime_relevant_ignored[?? src/pkg/shadow.py\n--False]" time="0.001" /><testcase classname="tests.test_gcspo_freeze" name="test_live_remote_requires_full_status_and_rejects_runtime_relevant_ignored[?? config.local.json\n--False]" time="0.001" /><testcase classname="tests.test_gcspo_freeze" name="test_live_remote_requires_full_status_and_rejects_runtime_relevant_ignored[?? notes.txt\n--False]" time="0.001" /><testcase classname="tests.test_gcspo_freeze" name="test_live_remote_requires_full_status_and_rejects_runtime_relevant_ignored[A  tracked.py\n--False]" time="0.001" /><testcase classname="tests.test_gcspo_freeze" name="test_live_remote_requires_full_status_and_rejects_runtime_relevant_ignored[ M tracked.py\n--False]" time="0.001" /><testcase classname="tests.test_gcspo_freeze" name="test_live_remote_requires_full_status_and_rejects_runtime_relevant_ignored[-!! src/pkg/shadow.py\n-False]" time="0.001" /><testcase classname="tests.test_gcspo_freeze" name="test_live_remote_requires_full_status_and_rejects_runtime_relevant_ignored[-!! config.runtime.json\n-False]" time="0.001" /><testcase classname="tests.test_gcspo_freeze" name="test_live_remote_requires_full_status_and_rejects_runtime_relevant_ignored[-!! artifacts/gcspo_stage0_static_rerun/clean_only_report.json\n-True]" time="0.001" /><testcase classname="tests.test_gcspo_freeze" name="test_live_remote_requires_full_status_and_rejects_runtime_relevant_ignored[--True]" time="0.001" /><testcase classname="tests.test_gcspo_freeze" name="test_freeze_binds_ignored_science_bytes_and_rejects_mutation" time="0.002" /><testcase classname="tests.test_gcspo_freeze" name="test_inventory_missing_authenticated_manifest_size_is_preaccess_invalid" time="0.000" /><testcase classname="tests.test_gcspo_identity" name="test_channel_handoff_is_not_merged_at_same_epoch_prn" time="0.001" /><testcase classname="tests.test_gcspo_identity" name="test_reacquisition_identity_breaks_causal_history_even_without_epoch_gap" time="0.000" /><testcase classname="tests.test_gcspo_identity" name="test_channel_change_breaks_history_and_never_bridges_to_same_prn" time="0.001" /><testcase classname="tests.test_gcspo_identity" name="test_real_role_history_groups_channel_segment_and_rejects_simultaneous_prn_alias" time="0.001" /><testcase classname="tests.test_gcspo_independent_review_repairs" name="test_committed_preaccess_capabilities_validate_before_claim_and_keep_unavailable_optional" time="0.013" /><testcase classname="tests.test_gcspo_independent_review_repairs" name="test_committed_clean_contrast_count_is_bound_preaccess_and_tamper_fails" time="1.525" /><testcase classname="tests.test_gcspo_independent_review_repairs" name="test_protected_b0_is_integrated_on_exact_full_epoch_prn_support" time="0.002" /><testcase classname="tests.test_gcspo_independent_review_repairs" name="test_final_packaging_keeps_authenticated_clean_inputs_and_relation_reconstruction_matches" time="0.134" /><testcase classname="tests.test_gcspo_independent_review_repairs" name="test_a5_reacquisition_forms_independent_segments_and_preserves_actual_support" time="0.090" /><testcase classname="tests.test_gcspo_independent_review_repairs" name="test_committed_reproduction_manifests_are_self_authenticating_and_verifier_consumed" time="0.360" /><testcase classname="tests.test_gcspo_independent_review_repairs" name="test_repair_freeze_candidate_targets_immutable_parent_and_cannot_authorize_access" time="0.001" /><testcase classname="tests.test_gcspo_prefreeze_repairs" name="test_rerun_artifact_and_branch_isolation_keeps_legacy_tree_immutable" time="0.001" /><testcase classname="tests.test_gcspo_prefreeze_repairs" name="test_normalization_epsilon_uses_only_train_fit_not_guard_or_validation" time="0.130" /><testcase classname="tests.test_gcspo_prefreeze_repairs" name="test_signed_epl_coordinates_and_equal_norm_directions_reach_full_observer" time="0.329" /><testcase classname="tests.test_gcspo_prefreeze_repairs" name="test_end_to_end_synthetic_recovery_is_fail_closed_for_sign_units_and_rank" time="0.784" /><testcase classname="tests.test_gcspo_prefreeze_repairs" name="test_half_open_real_scorer_excludes_phase_endpoint" time="0.001" /><testcase classname="tests.test_gcspo_prefreeze_repairs" name="test_scenario_relation_policy_and_single_class_score_loss_contrast" time="0.125" /><testcase classname="tests.test_gcspo_prefreeze_repairs" name="test_b0_protected_exact_support_adapter_executes_without_entering_full_design" time="0.005" /><testcase classname="tests.test_gcspo_prefreeze_repairs" name="test_capability_sidecar_schema_binds_source_children_and_timeline" time="0.001" /><testcase classname="tests.test_gcspo_prefreeze_repairs" name="test_evaluator_has_no_hardcoded_validated_rows_or_placeholder_availability" time="0.000" /><testcase classname="tests.test_gcspo_prefreeze_repairs" name="test_canonical_json_rejects_nan_and_clean_ready_requires_recovery_proof" time="0.002" /><testcase classname="tests.test_gcspo_protected" name="test_phase_rows_require_window_and_availability_inside_half_open_phase" time="0.000" /><testcase classname="tests.test_gcspo_protected" name="test_reconstruct_normal_model_preserves_frozen_arrays" time="0.001" /><testcase classname="tests.test_gcspo_protected" name="test_science_verdict_is_no_go_when_any_mandatory_gate_fails" time="0.000" /><testcase classname="tests.test_gcspo_protected" name="test_protected_tracking_loader_uses_manifest_capabilities_and_keeps_channel" time="0.064" /><testcase classname="tests.test_gcspo_protected" name="test_protected_loader_integer_bins_multiple_rows_and_boundary_samples" time="0.001" /><testcase classname="tests.test_gcspo_protected" name="test_protected_loader_rejects_exact_duplicate_identity_before_segmenting" time="0.001" /><testcase classname="tests.test_gcspo_round3_freeze_repairs" name="test_sidecar_size_mismatch_fails_before_claim_ledger_or_child_read" time="0.002" /><testcase classname="tests.test_gcspo_round3_freeze_repairs" name="test_registered_child_replacement_is_rejected_preclaim_even_when_bytes_match" time="0.002" /><testcase classname="tests.test_gcspo_round3_freeze_repairs" name="test_child_toctou_between_precheck_and_open_closes_claim_without_science" time="0.020" /><testcase classname="tests.test_gcspo_round3_freeze_repairs" name="test_protected_b0_rejects_empty_partial_duplicate_missing_and_unsupported_support" time="0.002" /><testcase classname="tests.test_gcspo_round3_freeze_repairs" name="test_protected_b0_exact_support_succeeds_and_all_mandatory_methods_are_nonempty" time="0.002" /><testcase classname="tests.test_gcspo_round3_freeze_repairs" name="test_protected_b0_builder_rejects_non_access_gate_even_with_synthetic_rows" time="0.000" /><testcase classname="tests.test_gcspo_round3_freeze_repairs" name="test_reconstruction_rejects_missing_mandatory_ds7_relation_evidence" time="0.063" /><testcase classname="tests.test_gcspo_round3_freeze_repairs" name="test_final_evidence_validation_cannot_package_missing_relation_as_valid_no_go" time="0.000" /><testcase classname="tests.test_gcspo_round3_freeze_repairs" name="test_a5_exact_reviewer_negative_mode_cpu_cuda_parity" time="1.991" /><testcase classname="tests.test_gcspo_round3_freeze_repairs" name="test_a5_cpu_cuda_near_zero_and_rank_boundary_parity[-5e-16]" time="0.003" /><testcase classname="tests.test_gcspo_round3_freeze_repairs" name="test_a5_cpu_cuda_near_zero_and_rank_boundary_parity[0.0]" time="0.002" /><testcase classname="tests.test_gcspo_round3_freeze_repairs" name="test_a5_cpu_cuda_near_zero_and_rank_boundary_parity[5e-16]" time="0.002" /><testcase classname="tests.test_gcspo_round3_freeze_repairs" name="test_a5_cpu_cuda_near_zero_and_rank_boundary_parity[5e-10]" time="0.002" /><testcase classname="tests.test_gcspo_round3_freeze_repairs" name="test_a5_materially_negative_rss_fails_closed_on_both_backends" time="0.002" /><testcase classname="tests.test_gcspo_round3_freeze_repairs" name="test_a5_scale_aware_roundoff_rss_is_nonnegative_and_backend_identical[-1e-15]" time="0.002" /><testcase classname="tests.test_gcspo_round3_freeze_repairs" name="test_a5_scale_aware_roundoff_rss_is_nonnegative_and_backend_identical[1e-15]" time="0.002" /><testcase classname="tests.test_gcspo_round3_freeze_repairs" name="test_reproduction_evidence_authenticates_two_distinct_durable_executions" time="0.271" /><testcase classname="tests.test_gcspo_round3_freeze_repairs" name="test_runtime_hygiene_marks_all_generated_residue_relevant[.pytest_cache/]" time="0.001" /><testcase classname="tests.test_gcspo_round3_freeze_repairs" name="test_runtime_hygiene_marks_all_generated_residue_relevant[tests/__pycache__/]" time="0.001" /><testcase classname="tests.test_gcspo_round3_freeze_repairs" name="test_runtime_hygiene_marks_all_generated_residue_relevant[src/gnss_doppler_lab/cache.pyc]" time="0.001" /><testcase classname="tests.test_gcspo_round3_freeze_repairs" name="test_runtime_hygiene_marks_all_generated_residue_relevant[iq.bin.synthetic.tmp]" time="0.001" /><testcase classname="tests.test_gcspo_round4_freeze_repairs" name="test_consumer_receives_authenticated_snapshot_not_mutated_live_descriptor" time="0.039" /><testcase classname="tests.test_gcspo_round4_freeze_repairs" name="test_mutation_during_snapshot_acquisition_fails_without_consumer_success" time="0.106" /><testcase classname="tests.test_gcspo_round4_freeze_repairs" name="test_review_candidate_rows_are_bound_to_declared_git_target_tree[target_differs]" time="0.025" /><testcase classname="tests.test_gcspo_round4_freeze_repairs" name="test_review_candidate_rows_are_bound_to_declared_git_target_tree[target_lacks_row]" time="0.025" /><testcase classname="tests.test_gcspo_round4_freeze_repairs" name="test_review_wrapper_parent_must_equal_manifest_target" time="0.051" /><testcase classname="tests.test_gcspo_round4_freeze_repairs" name="test_causal_provenance_and_full_workload_cpu_cuda_parity_pass_synthetic" time="0.126" /><testcase classname="tests.test_gcspo_round4_freeze_repairs" name="test_causal_provenance_rejects_tamper_copy_and_incomplete_cases[duplicate_nonce]" time="0.103" /><testcase classname="tests.test_gcspo_round4_freeze_repairs" name="test_causal_provenance_rejects_tamper_copy_and_incomplete_cases[same_process_identity]" time="0.109" /><testcase classname="tests.test_gcspo_round4_freeze_repairs" name="test_causal_provenance_rejects_tamper_copy_and_incomplete_cases[missing_prepared]" time="0.118" /><testcase classname="tests.test_gcspo_round4_freeze_repairs" name="test_causal_provenance_rejects_tamper_copy_and_incomplete_cases[missing_completed]" time="0.108" /><testcase classname="tests.test_gcspo_round4_freeze_repairs" name="test_causal_provenance_rejects_tamper_copy_and_incomplete_cases[modified_transcript]" time="0.105" /><testcase classname="tests.test_gcspo_round4_freeze_repairs" name="test_causal_provenance_rejects_tamper_copy_and_incomplete_cases[nonzero_exit]" time="0.103" /><testcase classname="tests.test_gcspo_round4_freeze_repairs" name="test_causal_provenance_rejects_tamper_copy_and_incomplete_cases[preexisting_output]" time="0.026" /><testcase classname="tests.test_gcspo_round4_freeze_repairs" name="test_causal_provenance_rejects_tamper_copy_and_incomplete_cases[source_mismatch]" time="0.107" /><testcase classname="tests.test_gcspo_round4_freeze_repairs" name="test_remote_precondition_requires_symbolic_branch_and_exact_ahead_behind" time="0.001" /><testcase classname="tests.test_gcspo_round4_run_repair" name="test_one_worker_a5_scoring_runs_in_launch_process_without_pool" time="0.004" /><testcase classname="tests.test_gcspo_round4_run_repair" name="test_cuda_backend_is_initialized_and_attested_before_workload" time="0.004" /><testcase classname="tests.test_gcspo_round4_run_repair" name="test_causal_launcher_preserves_virtualenv_symlink_path" time="0.002" /><testcase classname="tests.test_gcspo_round4_run_repair" name="test_explicit_cpu_uses_same_torch_float64_algorithm_as_explicit_cuda" time="0.007" /><testcase classname="tests.test_gcspo_round5_child_receipt" name="test_witness_arguments_enter_actual_child_receipt_without_changing_scientific_bytes" time="0.101" /><testcase classname="tests.test_gcspo_round5_child_receipt" name="test_real_child_receipt_is_exact_compact_canonical_json_plus_lf" time="0.056" /><testcase classname="tests.test_gcspo_round5_child_receipt" name="test_all_scientific_output_bytes_match_exact_round5_source_commit" time="0.103" /><testcase classname="tests.test_gcspo_round5_witnessed_provenance" name="test_valid_external_controller_chains_pass" time="0.213" /><testcase classname="tests.test_gcspo_round5_witnessed_provenance" name="test_prepared_signed_after_observed_process_start_is_rejected" time="0.150" /><testcase classname="tests.test_gcspo_round5_witnessed_provenance" name="test_untrusted_prepared_envelopes_are_rejected[unsigned]" time="0.087" /><testcase classname="tests.test_gcspo_round5_witnessed_provenance" name="test_untrusted_prepared_envelopes_are_rejected[wrong_key]" time="0.137" /><testcase classname="tests.test_gcspo_round5_witnessed_provenance" name="test_untrusted_prepared_envelopes_are_rejected[wrong_namespace]" time="0.130" /><testcase classname="tests.test_gcspo_round5_witnessed_provenance" name="test_untrusted_prepared_envelopes_are_rejected[self_signed]" time="0.133" /><testcase classname="tests.test_gcspo_round5_witnessed_provenance" name="test_noncanonical_or_modified_json_after_signing_is_rejected" time="0.090" /><testcase classname="tests.test_gcspo_round5_witnessed_provenance" name="test_pretty_round5_execution_receipt_remains_rejected_even_if_resigned" time="0.153" /><testcase classname="tests.test_gcspo_round5_witnessed_provenance" name="test_nonce_must_enter_actual_child_invocation_and_receipt[argv]" time="0.101" /><testcase classname="tests.test_gcspo_round5_witnessed_provenance" name="test_nonce_must_enter_actual_child_invocation_and_receipt[receipt]" time="0.162" /><testcase classname="tests.test_gcspo_round5_witnessed_provenance" name="test_copied_cuda_bundle_with_invented_signed_metadata_is_rejected" time="0.195" /><testcase classname="tests.test_gcspo_round5_witnessed_provenance" name="test_replayed_receipt_or_signature_is_rejected[execution_receipt.json]" time="0.175" /><testcase classname="tests.test_gcspo_round5_witnessed_provenance" name="test_replayed_receipt_or_signature_is_rejected[prepared.json.sig]" time="0.147" /><testcase classname="tests.test_gcspo_round5_witnessed_provenance" name="test_replayed_receipt_or_signature_is_rejected[completed.json.sig]" time="0.168" /><testcase classname="tests.test_gcspo_round5_witnessed_provenance" name="test_completed_signature_predating_process_end_is_rejected" time="0.134" /><testcase classname="tests.test_gcspo_round5_witnessed_provenance" name="test_signed_chain_mismatches_are_rejected[argv]" time="0.137" /><testcase classname="tests.test_gcspo_round5_witnessed_provenance" name="test_signed_chain_mismatches_are_rejected[source]" time="0.135" /><testcase classname="tests.test_gcspo_round5_witnessed_provenance" name="test_signed_chain_mismatches_are_rejected[backend]" time="0.134" /><testcase classname="tests.test_gcspo_round5_witnessed_provenance" name="test_signed_chain_mismatches_are_rejected[output]" time="0.136" /><testcase classname="tests.test_gcspo_round5_witnessed_provenance" name="test_signed_chain_mismatches_are_rejected[transcript]" time="0.133" /><testcase classname="tests.test_gcspo_round5_witnessed_provenance" name="test_nonzero_exit_is_rejected" time="0.115" /><testcase classname="tests.test_gcspo_round5_witnessed_provenance" name="test_preexisting_output_assertion_is_rejected" time="0.102" /><testcase classname="tests.test_gcspo_round6_phase2" name="test_packaged_round6_signed_chains_and_parity_reconstruct" time="2.126" /><testcase classname="tests.test_gcspo_round6_phase2" name="test_round6_index_is_repository_relative_and_private_key_free" time="0.003" /><testcase classname="tests.test_gcspo_round6_phase2" name="test_round6_parity_fails_closed_on_tolerance_excess" time="4.265" /><testcase classname="tests.test_gcspo_round6_phase2" name="test_round5_unsigned_failure_remains_excluded_from_round6_freeze" time="0.001" /><testcase classname="tests.test_gcspo_round6_successor" name="test_round6_challenge_has_fresh_identities_roots_and_pinned_controller" time="0.001" /><testcase classname="tests.test_gcspo_round6_successor" name="test_failed_round5_runtime_is_permanently_unsigned_and_excluded" time="0.001" /><testcase classname="tests.test_gcspo_round6_successor" name="test_scientific_artifact_writer_is_byte_identical_to_round5_source" time="0.004" /><testcase classname="tests.test_gcspo_stage0" name="test_causal_20ms_aggregation_and_right_endpoint" time="0.001" /><testcase classname="tests.test_gcspo_stage0" name="test_exact_duplicate_scientific_rows_are_fatal" time="0.001" /><testcase classname="tests.test_gcspo_stage0" name="test_roles_are_half_open_disjoint_and_windows_cannot_cross" time="0.001" /><testcase classname="tests.test_gcspo_stage0" name="test_shared_var_is_causal_shared_and_resets_history" time="0.001" /><testcase classname="tests.test_gcspo_stage0" name="test_whitener_is_train_only_symmetric_and_sign_preserving" time="0.012" /><testcase classname="tests.test_gcspo_stage0" name="test_gamma_is_fit_in_z_coordinates_and_common_covariance_is_shared" time="0.002" /><testcase classname="tests.test_gcspo_stage0" name="test_geometry_rank_condition_and_variable_prn_count" time="0.001" /><testcase classname="tests.test_gcspo_stage0" name="test_physical_loading_uses_frozen_units_signs_and_zero_epl_rows" time="0.001" /><testcase classname="tests.test_gcspo_stage0" name="test_unverified_physical_loading_is_exactly_zero" time="0.001" /><testcase classname="tests.test_gcspo_stage0" name="test_var_transfer_is_applied_exactly_once_with_zero_prehistory" time="0.001" /><testcase classname="tests.test_gcspo_stage0" name="test_normalized_constant_velocity_prior_has_no_cross_window_edge" time="0.001" /><testcase classname="tests.test_gcspo_stage0" name="test_map_score_is_observation_gain_minus_exactly_one_edf_bic_penalty" time="0.001" /><testcase classname="tests.test_gcspo_stage0" name="test_a1_pooling_is_prn_permutation_invariant" time="0.001" /><testcase classname="tests.test_gcspo_stage0" name="test_empirical_threshold_is_nearest_rank_and_alarm_is_strict" time="0.001" /><testcase classname="tests.test_gcspo_stage0" name="test_persistence_is_causal_three_of_five_and_missing_breaks_run" time="0.001" /><testcase classname="tests.test_gcspo_stage0" name="test_common_support_removes_unavailable_rows_from_every_method" time="0.001" /><testcase classname="tests.test_gcspo_stage0" name="test_los_shuffle_preserves_los_rows_and_deranges_identity" time="0.001" /><testcase classname="tests.test_gcspo_stage0" name="test_temporal_desynchronization_preserves_each_prn_vector_norm_and_energy" time="0.002" /><testcase classname="tests.test_gcspo_stage0" name="test_content_rng_seed_matches_frozen_sha256_encoding" time="0.001" /><testcase classname="tests.test_gcspo_stage0" name="test_weighted_low_fpr_pauc_groups_ties_and_balances_cells" time="0.001" /><testcase classname="tests.test_gcspo_stage0" name="test_bootstrap_endpoint_assignment_and_nearest_rank_percentiles" time="0.001" /><testcase classname="tests.test_gcspo_stage0" name="test_ds7_ds8_are_one_family_in_frozen_preregistration" time="0.001" /><testcase classname="tests.test_gcspo_stage0" name="test_protected_gate_rejects_before_complete_freeze_and_exact_remote_sync" time="0.029" /><testcase classname="tests.test_gcspo_stage0" name="test_access_gate_rejects_directories_globs_and_prior_results" time="0.022" /><testcase classname="tests.test_gcspo_stage0" name="test_frozen_files_have_contract_sha256" time="0.002" /><testcase classname="tests.test_gcspo_stage0" name="test_receiver_semantic_preflight_is_source_hash_bound_and_proves_requested_rows" time="0.106" /><testcase classname="tests.test_gcspo_stage0" name="test_manifest_is_sorted_recursive_and_excludes_only_contract_cycle" time="0.005" /><testcase classname="tests.test_gcspo_stage0" name="test_valid_manifest_packaging_keeps_authenticated_clean_science_and_quarantines_scratch" time="0.029" /><testcase classname="tests.test_gcspo_stage0" name="test_invalid_run_exact_set_has_zero_attack_access_and_no_verdict" time="0.026" /><testcase classname="tests.test_gcspo_stage0" name="test_preaccess_invalid_cannot_erase_a_started_access_ledger" time="0.002" /><testcase classname="tests.test_gcspo_stage0" name="test_preaccess_failure_handler_writes_exact_invalid_without_running_protected" time="0.033" /><testcase classname="tests.test_gcspo_stage0" name="test_poststart_failure_quarantines_verdict_and_preserves_access_ledger" time="0.002" /><testcase classname="tests.test_gcspo_stage0" name="test_signed_q_normalization_uses_train_epsilon_and_excludes_duplicate_fields" time="0.001" /><testcase classname="tests.test_gcspo_stage0" name="test_causal_history_builder_resets_on_gap_and_role_boundary" time="0.001" /><testcase classname="tests.test_gcspo_stage0" name="test_clean_ridge_selection_uses_validation_and_larger_relative_tie" time="0.001" /><testcase classname="tests.test_gcspo_stage0" name="test_frozen_window_endpoints_are_right_end_anchored_and_contained" time="0.001" /><testcase classname="tests.test_gcspo_stage0" name="test_a2_loading_has_frozen_sign_and_rejects_no_eigengap" time="0.002" /><testcase classname="tests.test_gcspo_stage0" name="test_a2_scalar_prior_is_exact_first_difference_precision" time="0.001" /><testcase classname="tests.test_gcspo_stage0" name="test_a5_prior_is_block_independent_and_resets_each_prn_segment" time="0.001" /><testcase classname="tests.test_gcspo_stage0" name="test_a5_loading_uses_normalized_range_and_rate_scales" time="0.001" /><testcase classname="tests.test_gcspo_transfer" name="test_transfer_oracle_50_epoch_impulse_ramp_and_exactly_once" time="0.019" /><testcase classname="tests.test_gcspo_transfer" name="test_transfer_rejects_source_hash_and_var_mutations" time="0.037" /><testcase classname="tests.test_gcspo_transfer" name="test_transfer_rejects_equation_cadence_sign_and_loop_mutations[dll_nc_e_minus_l_normalized-dll_mutated-equation]" time="0.020" /><testcase classname="tests.test_gcspo_transfer" name="test_transfer_rejects_equation_cadence_sign_and_loop_mutations[d_correlation_length_ms = 1-d_correlation_length_ms = 2-cadence]" time="0.020" /><testcase classname="tests.test_gcspo_transfer" name="test_transfer_rejects_equation_cadence_sign_and_loop_mutations[pll_cloop_two_quadrant_atan(d_P_accu) / TWO_PI--pll_cloop_two_quadrant_atan(d_P_accu) / TWO_PI-sign]" time="0.020" /><testcase classname="tests.test_gcspo_transfer" name="test_transfer_rejects_equation_cadence_sign_and_loop_mutations[d_carrier_doppler_hz = d_carr_error_filt_hz-d_carrier_doppler_hz = -d_carr_error_filt_hz-loop_path]" time="0.020" /><testcase classname="tests.test_gcspo_transfer" name="test_transfer_wrap_boundary_mutation_fails" time="0.020" /><testcase classname="tests.test_gcspo_transfer" name="test_method_availability_fails_closed_by_physical_family" time="0.001" /><testcase classname="tests.test_gcspo_verifier" name="test_final_required_set_matches_frozen_contract_exactly" time="0.001" /><testcase classname="tests.test_gcspo_verifier" name="test_delivered_runners_use_contract_allowed_implementation_manifest_name" time="0.001" /><testcase classname="tests.test_gcspo_verifier" name="test_clean_ready_report_does_not_require_final_manifest" time="0.002" /><testcase classname="tests.test_gcspo_verifier" name="test_clean_ready_verifier_requires_all_methods_and_zero_access" time="0.007" /><testcase classname="tests.test_gcspo_verifier" name="test_final_verifier_rejects_manifest_or_access_count_mismatch" time="0.022" /><testcase classname="tests.test_gcspo_verifier" name="test_access_ledger_reconstruction_rejects_unpaired_or_tampered_records" time="0.001" /><testcase classname="tests.test_gcspo_verifier" name="test_access_ledger_rejects_missing_non_utc_reordered_counter_run_path_and_forged_minimal" time="0.001" /><testcase classname="tests.test_gcspo_verifier" name="test_verifier_recomputes_gates_and_rejects_placeholder_or_semantic_mutation" time="0.001" /><testcase classname="tests.test_gcspo_verifier" name="test_fresh_clone_helper_clones_local_remote_and_checks_exact_commit" time="0.037" /></testsuite></testsuites>