<?xml version="1.0" encoding="utf-8"?><testsuites name="pytest tests"><testsuite name="pytest" errors="0" failures="0" skipped="0" tests="32" time="11.362" timestamp="2026-08-14T13:54:07.820408+09:00" hostname="gnss-lab"><testcase classname="tests.test_gcspo_round5_child_receipt" name="test_witness_arguments_enter_actual_child_receipt_without_changing_scientific_bytes" time="1.427" /><testcase classname="tests.test_gcspo_round5_child_receipt" name="test_real_child_receipt_is_exact_compact_canonical_json_plus_lf" time="0.057" /><testcase classname="tests.test_gcspo_round5_child_receipt" name="test_all_scientific_output_bytes_match_exact_round5_source_commit" time="0.100" /><testcase classname="tests.test_gcspo_round5_witnessed_provenance" name="test_valid_external_controller_chains_pass" time="0.211" /><testcase classname="tests.test_gcspo_round5_witnessed_provenance" name="test_prepared_signed_after_observed_process_start_is_rejected" time="0.152" /><testcase classname="tests.test_gcspo_round5_witnessed_provenance" name="test_untrusted_prepared_envelopes_are_rejected[unsigned]" time="0.088" /><testcase classname="tests.test_gcspo_round5_witnessed_provenance" name="test_untrusted_prepared_envelopes_are_rejected[wrong_key]" time="0.134" /><testcase classname="tests.test_gcspo_round5_witnessed_provenance" name="test_untrusted_prepared_envelopes_are_rejected[wrong_namespace]" time="0.133" /><testcase classname="tests.test_gcspo_round5_witnessed_provenance" name="test_untrusted_prepared_envelopes_are_rejected[self_signed]" time="0.131" /><testcase classname="tests.test_gcspo_round5_witnessed_provenance" name="test_noncanonical_or_modified_json_after_signing_is_rejected" time="0.085" /><testcase classname="tests.test_gcspo_round5_witnessed_provenance" name="test_pretty_round5_execution_receipt_remains_rejected_even_if_resigned" time="0.148" /><testcase classname="tests.test_gcspo_round5_witnessed_provenance" name="test_nonce_must_enter_actual_child_invocation_and_receipt[argv]" time="0.102" /><testcase classname="tests.test_gcspo_round5_witnessed_provenance" name="test_nonce_must_enter_actual_child_invocation_and_receipt[receipt]" time="0.149" /><testcase classname="tests.test_gcspo_round5_witnessed_provenance" name="test_copied_cuda_bundle_with_invented_signed_metadata_is_rejected" time="0.181" /><testcase classname="tests.test_gcspo_round5_witnessed_provenance" name="test_replayed_receipt_or_signature_is_rejected[execution_receipt.json]" time="0.167" /><testcase classname="tests.test_gcspo_round5_witnessed_provenance" name="test_replayed_receipt_or_signature_is_rejected[prepared.json.sig]" time="0.152" /><testcase classname="tests.test_gcspo_round5_witnessed_provenance" name="test_replayed_receipt_or_signature_is_rejected[completed.json.sig]" time="0.170" /><testcase classname="tests.test_gcspo_round5_witnessed_provenance" name="test_completed_signature_predating_process_end_is_rejected" time="0.137" /><testcase classname="tests.test_gcspo_round5_witnessed_provenance" name="test_signed_chain_mismatches_are_rejected[argv]" time="0.137" /><testcase classname="tests.test_gcspo_round5_witnessed_provenance" name="test_signed_chain_mismatches_are_rejected[source]" time="0.136" /><testcase classname="tests.test_gcspo_round5_witnessed_provenance" name="test_signed_chain_mismatches_are_rejected[backend]" time="0.139" /><testcase classname="tests.test_gcspo_round5_witnessed_provenance" name="test_signed_chain_mismatches_are_rejected[output]" time="0.139" /><testcase classname="tests.test_gcspo_round5_witnessed_provenance" name="test_signed_chain_mismatches_are_rejected[transcript]" time="0.150" /><testcase classname="tests.test_gcspo_round5_witnessed_provenance" name="test_nonzero_exit_is_rejected" time="0.115" /><testcase classname="tests.test_gcspo_round5_witnessed_provenance" name="test_preexisting_output_assertion_is_rejected" time="0.101" /><testcase classname="tests.test_gcspo_round6_successor" name="test_round6_challenge_has_fresh_identities_roots_and_pinned_controller" time="0.001" /><testcase classname="tests.test_gcspo_round6_successor" name="test_failed_round5_runtime_is_permanently_unsigned_and_excluded" time="0.000" /><testcase classname="tests.test_gcspo_round6_successor" name="test_scientific_artifact_writer_is_byte_identical_to_round5_source" time="0.004" /><testcase classname="tests.test_gcspo_round6_phase2" name="test_packaged_round6_signed_chains_and_parity_reconstruct" time="2.224" /><testcase classname="tests.test_gcspo_round6_phase2" name="test_round6_index_is_repository_relative_and_private_key_free" time="0.003" /><testcase classname="tests.test_gcspo_round6_phase2" name="test_round6_parity_fails_closed_on_tolerance_excess" time="4.372" /><testcase classname="tests.test_gcspo_round6_phase2" name="test_round5_unsigned_failure_remains_excluded_from_round6_freeze" time="0.001" /></testsuite></testsuites>