<?xml version="1.0" encoding="utf-8"?><testsuites name="pytest tests"><testsuite name="pytest" errors="0" failures="0" skipped="0" tests="41" time="6.993" timestamp="2026-08-14T12:48:04.944524+09:00" hostname="gnss-lab"><testcase classname="tests.test_gcspo_round5_witnessed_provenance" name="test_valid_external_controller_chains_pass" time="0.236" /><testcase classname="tests.test_gcspo_round5_witnessed_provenance" name="test_prepared_signed_after_observed_process_start_is_rejected" time="0.150" /><testcase classname="tests.test_gcspo_round5_witnessed_provenance" name="test_untrusted_prepared_envelopes_are_rejected[unsigned]" time="0.084" /><testcase classname="tests.test_gcspo_round5_witnessed_provenance" name="test_untrusted_prepared_envelopes_are_rejected[wrong_key]" time="0.132" /><testcase classname="tests.test_gcspo_round5_witnessed_provenance" name="test_untrusted_prepared_envelopes_are_rejected[wrong_namespace]" time="0.128" /><testcase classname="tests.test_gcspo_round5_witnessed_provenance" name="test_untrusted_prepared_envelopes_are_rejected[self_signed]" time="0.120" /><testcase classname="tests.test_gcspo_round5_witnessed_provenance" name="test_noncanonical_or_modified_json_after_signing_is_rejected" time="0.085" /><testcase classname="tests.test_gcspo_round5_witnessed_provenance" name="test_nonce_must_enter_actual_child_invocation_and_receipt[argv]" time="0.100" /><testcase classname="tests.test_gcspo_round5_witnessed_provenance" name="test_nonce_must_enter_actual_child_invocation_and_receipt[receipt]" time="0.148" /><testcase classname="tests.test_gcspo_round5_witnessed_provenance" name="test_copied_cuda_bundle_with_invented_signed_metadata_is_rejected" time="0.175" /><testcase classname="tests.test_gcspo_round5_witnessed_provenance" name="test_replayed_receipt_or_signature_is_rejected[execution_receipt.json]" time="0.165" /><testcase classname="tests.test_gcspo_round5_witnessed_provenance" name="test_replayed_receipt_or_signature_is_rejected[prepared.json.sig]" time="0.151" /><testcase classname="tests.test_gcspo_round5_witnessed_provenance" name="test_replayed_receipt_or_signature_is_rejected[completed.json.sig]" time="0.168" /><testcase classname="tests.test_gcspo_round5_witnessed_provenance" name="test_completed_signature_predating_process_end_is_rejected" time="0.135" /><testcase classname="tests.test_gcspo_round5_witnessed_provenance" name="test_signed_chain_mismatches_are_rejected[argv]" time="0.133" /><testcase classname="tests.test_gcspo_round5_witnessed_provenance" name="test_signed_chain_mismatches_are_rejected[source]" time="0.136" /><testcase classname="tests.test_gcspo_round5_witnessed_provenance" name="test_signed_chain_mismatches_are_rejected[backend]" time="0.136" /><testcase classname="tests.test_gcspo_round5_witnessed_provenance" name="test_signed_chain_mismatches_are_rejected[output]" time="0.134" /><testcase classname="tests.test_gcspo_round5_witnessed_provenance" name="test_signed_chain_mismatches_are_rejected[transcript]" time="0.132" /><testcase classname="tests.test_gcspo_round5_witnessed_provenance" name="test_nonzero_exit_is_rejected" time="0.115" /><testcase classname="tests.test_gcspo_round5_witnessed_provenance" name="test_preexisting_output_assertion_is_rejected" time="0.097" /><testcase classname="tests.test_gcspo_round5_child_receipt" name="test_witness_arguments_enter_actual_child_receipt_without_changing_scientific_bytes" time="1.388" /><testcase classname="tests.test_gcspo_round4_freeze_repairs" name="test_consumer_receives_authenticated_snapshot_not_mutated_live_descriptor" time="0.029" /><testcase classname="tests.test_gcspo_round4_freeze_repairs" name="test_mutation_during_snapshot_acquisition_fails_without_consumer_success" time="0.105" /><testcase classname="tests.test_gcspo_round4_freeze_repairs" name="test_review_candidate_rows_are_bound_to_declared_git_target_tree[target_differs]" time="0.027" /><testcase classname="tests.test_gcspo_round4_freeze_repairs" name="test_review_candidate_rows_are_bound_to_declared_git_target_tree[target_lacks_row]" time="0.023" /><testcase classname="tests.test_gcspo_round4_freeze_repairs" name="test_review_wrapper_parent_must_equal_manifest_target" time="0.049" /><testcase classname="tests.test_gcspo_round4_freeze_repairs" name="test_causal_provenance_and_full_workload_cpu_cuda_parity_pass_synthetic" time="0.123" /><testcase classname="tests.test_gcspo_round4_freeze_repairs" name="test_causal_provenance_rejects_tamper_copy_and_incomplete_cases[duplicate_nonce]" time="0.104" /><testcase classname="tests.test_gcspo_round4_freeze_repairs" name="test_causal_provenance_rejects_tamper_copy_and_incomplete_cases[same_process_identity]" time="0.104" /><testcase classname="tests.test_gcspo_round4_freeze_repairs" name="test_causal_provenance_rejects_tamper_copy_and_incomplete_cases[missing_prepared]" time="0.101" /><testcase classname="tests.test_gcspo_round4_freeze_repairs" name="test_causal_provenance_rejects_tamper_copy_and_incomplete_cases[missing_completed]" time="0.106" /><testcase classname="tests.test_gcspo_round4_freeze_repairs" name="test_causal_provenance_rejects_tamper_copy_and_incomplete_cases[modified_transcript]" time="0.109" /><testcase classname="tests.test_gcspo_round4_freeze_repairs" name="test_causal_provenance_rejects_tamper_copy_and_incomplete_cases[nonzero_exit]" time="0.104" /><testcase classname="tests.test_gcspo_round4_freeze_repairs" name="test_causal_provenance_rejects_tamper_copy_and_incomplete_cases[preexisting_output]" time="0.028" /><testcase classname="tests.test_gcspo_round4_freeze_repairs" name="test_causal_provenance_rejects_tamper_copy_and_incomplete_cases[source_mismatch]" time="0.111" /><testcase classname="tests.test_gcspo_round4_freeze_repairs" name="test_remote_precondition_requires_symbolic_branch_and_exact_ahead_behind" time="0.002" /><testcase classname="tests.test_gcspo_round4_run_repair" name="test_one_worker_a5_scoring_runs_in_launch_process_without_pool" time="0.001" /><testcase classname="tests.test_gcspo_round4_run_repair" name="test_cuda_backend_is_initialized_and_attested_before_workload" time="0.002" /><testcase classname="tests.test_gcspo_round4_run_repair" name="test_causal_launcher_preserves_virtualenv_symlink_path" time="0.004" /><testcase classname="tests.test_gcspo_round4_run_repair" name="test_explicit_cpu_uses_same_torch_float64_algorithm_as_explicit_cuda" time="1.487" /></testsuite></testsuites>