<?xml version="1.0" encoding="utf-8"?><testsuites name="pytest tests"><testsuite name="pytest" errors="0" failures="0" skipped="0" tests="94" time="66.564" timestamp="2026-08-14T15:13:41.533653+09:00" hostname="gnss-lab"><testcase classname="tests.test_gcspo_round5_child_receipt" name="test_witness_arguments_enter_actual_child_receipt_without_changing_scientific_bytes" time="1.436" /><testcase classname="tests.test_gcspo_round5_child_receipt" name="test_real_child_receipt_is_exact_compact_canonical_json_plus_lf" time="0.059" /><testcase classname="tests.test_gcspo_round5_child_receipt" name="test_all_scientific_output_bytes_match_exact_round5_source_commit" time="0.103" /><testcase classname="tests.test_gcspo_round5_witnessed_provenance" name="test_valid_external_controller_chains_pass" time="0.227" /><testcase classname="tests.test_gcspo_round5_witnessed_provenance" name="test_prepared_signed_after_observed_process_start_is_rejected" time="0.157" /><testcase classname="tests.test_gcspo_round5_witnessed_provenance" name="test_untrusted_prepared_envelopes_are_rejected[unsigned]" time="0.087" /><testcase classname="tests.test_gcspo_round5_witnessed_provenance" name="test_untrusted_prepared_envelopes_are_rejected[wrong_key]" time="0.135" /><testcase classname="tests.test_gcspo_round5_witnessed_provenance" name="test_untrusted_prepared_envelopes_are_rejected[wrong_namespace]" time="0.131" /><testcase classname="tests.test_gcspo_round5_witnessed_provenance" name="test_untrusted_prepared_envelopes_are_rejected[self_signed]" time="0.135" /><testcase classname="tests.test_gcspo_round5_witnessed_provenance" name="test_noncanonical_or_modified_json_after_signing_is_rejected" time="0.087" /><testcase classname="tests.test_gcspo_round5_witnessed_provenance" name="test_pretty_round5_execution_receipt_remains_rejected_even_if_resigned" time="0.147" /><testcase classname="tests.test_gcspo_round5_witnessed_provenance" name="test_nonce_must_enter_actual_child_invocation_and_receipt[argv]" time="0.100" /><testcase classname="tests.test_gcspo_round5_witnessed_provenance" name="test_nonce_must_enter_actual_child_invocation_and_receipt[receipt]" time="0.148" /><testcase classname="tests.test_gcspo_round5_witnessed_provenance" name="test_copied_cuda_bundle_with_invented_signed_metadata_is_rejected" time="0.180" /><testcase classname="tests.test_gcspo_round5_witnessed_provenance" name="test_replayed_receipt_or_signature_is_rejected[execution_receipt.json]" time="0.178" /><testcase classname="tests.test_gcspo_round5_witnessed_provenance" name="test_replayed_receipt_or_signature_is_rejected[prepared.json.sig]" time="0.168" /><testcase classname="tests.test_gcspo_round5_witnessed_provenance" name="test_replayed_receipt_or_signature_is_rejected[completed.json.sig]" time="0.182" /><testcase classname="tests.test_gcspo_round5_witnessed_provenance" name="test_completed_signature_predating_process_end_is_rejected" time="0.157" /><testcase classname="tests.test_gcspo_round5_witnessed_provenance" name="test_signed_chain_mismatches_are_rejected[argv]" time="0.139" /><testcase classname="tests.test_gcspo_round5_witnessed_provenance" name="test_signed_chain_mismatches_are_rejected[source]" time="0.139" /><testcase classname="tests.test_gcspo_round5_witnessed_provenance" name="test_signed_chain_mismatches_are_rejected[backend]" time="0.137" /><testcase classname="tests.test_gcspo_round5_witnessed_provenance" name="test_signed_chain_mismatches_are_rejected[output]" time="0.138" /><testcase classname="tests.test_gcspo_round5_witnessed_provenance" name="test_signed_chain_mismatches_are_rejected[transcript]" time="0.135" /><testcase classname="tests.test_gcspo_round5_witnessed_provenance" name="test_nonzero_exit_is_rejected" time="0.111" /><testcase classname="tests.test_gcspo_round5_witnessed_provenance" name="test_preexisting_output_assertion_is_rejected" time="0.096" /><testcase classname="tests.test_gcspo_round6_successor" name="test_round6_challenge_has_fresh_identities_roots_and_pinned_controller" time="0.001" /><testcase classname="tests.test_gcspo_round6_successor" name="test_failed_round5_runtime_is_permanently_unsigned_and_excluded" time="0.000" /><testcase classname="tests.test_gcspo_round6_successor" name="test_scientific_artifact_writer_is_byte_identical_to_round5_source" time="0.003" /><testcase classname="tests.test_gcspo_round6_phase2" name="test_packaged_round6_signed_chains_and_parity_reconstruct" time="8.192" /><testcase classname="tests.test_gcspo_round6_phase2" name="test_round6_index_is_repository_relative_and_private_key_free" time="0.003" /><testcase classname="tests.test_gcspo_round6_phase2" name="test_round6_parity_fails_closed_on_tolerance_excess" time="15.882" /><testcase classname="tests.test_gcspo_round6_phase2" name="test_round6_json_loader_rejects_nonstandard_nonfinite_constants[NaN]" time="0.001" /><testcase classname="tests.test_gcspo_round6_phase2" name="test_round6_json_loader_rejects_nonstandard_nonfinite_constants[Infinity]" time="0.001" /><testcase classname="tests.test_gcspo_round6_phase2" name="test_round6_json_loader_rejects_nonstandard_nonfinite_constants[-Infinity]" time="0.001" /><testcase classname="tests.test_gcspo_round6_phase2" name="test_round6_numeric_pair_rejects_nonfinite_compared_values[nan]" time="0.001" /><testcase classname="tests.test_gcspo_round6_phase2" name="test_round6_numeric_pair_rejects_nonfinite_compared_values[inf]" time="0.000" /><testcase classname="tests.test_gcspo_round6_phase2" name="test_round6_numeric_pair_rejects_nonfinite_compared_values[-inf]" time="0.000" /><testcase classname="tests.test_gcspo_round6_phase2" name="test_round6_threshold_comparison_rejects_bool" time="8.676" /><testcase classname="tests.test_gcspo_round6_phase2" name="test_round6_comparison_rejects_overflow_derived_nonfinite" time="0.000" /><testcase classname="tests.test_gcspo_round6_phase2" name="test_round6_rejects_each_nonfinite_derived_metric[delta-nan]" time="0.001" /><testcase classname="tests.test_gcspo_round6_phase2" name="test_round6_rejects_each_nonfinite_derived_metric[absolute value-inf]" time="0.001" /><testcase classname="tests.test_gcspo_round6_phase2" name="test_round6_rejects_each_nonfinite_derived_metric[scale--inf]" time="0.001" /><testcase classname="tests.test_gcspo_round6_phase2" name="test_round6_rejects_each_nonfinite_derived_metric[relative value-nan]" time="0.001" /><testcase classname="tests.test_gcspo_round6_phase2" name="test_round6_comparison_metrics_are_strictly_finite" time="0.000" /><testcase classname="tests.test_gcspo_round6_phase2" name="test_round5_unsigned_failure_remains_excluded_from_round6_freeze" time="0.001" /><testcase classname="tests.test_gcspo_round8_repairs" name="test_public_parity_rejects_boolean_numeric_trace_leaves[True-True]" time="8.546" /><testcase classname="tests.test_gcspo_round8_repairs" name="test_public_parity_rejects_boolean_numeric_trace_leaves[False-False]" time="0.180" /><testcase classname="tests.test_gcspo_round8_repairs" name="test_public_parity_rejects_boolean_numeric_trace_leaves[True-1]" time="0.178" /><testcase classname="tests.test_gcspo_round8_repairs" name="test_public_parity_rejects_boolean_numeric_trace_leaves[1-True]" time="0.176" /><testcase classname="tests.test_gcspo_round8_repairs" name="test_public_parity_rejects_boolean_numeric_trace_leaves[False-0]" time="0.178" /><testcase classname="tests.test_gcspo_round8_repairs" name="test_public_parity_rejects_boolean_numeric_trace_leaves[0-False]" time="0.179" /><testcase classname="tests.test_gcspo_round8_repairs" name="test_public_parity_rejects_boolean_numeric_trace_leaves[left6-right6]" time="0.175" /><testcase classname="tests.test_gcspo_round8_repairs" name="test_public_parity_rejects_boolean_numeric_trace_leaves[left7-right7]" time="0.191" /><testcase classname="tests.test_gcspo_round8_repairs" name="test_public_parity_rejects_boolean_numeric_trace_leaves[left8-right8]" time="0.185" /><testcase classname="tests.test_gcspo_round8_repairs" name="test_public_parity_rejects_empty_or_nested_empty_trace_documents[payload0]" time="0.190" /><testcase classname="tests.test_gcspo_round8_repairs" name="test_public_parity_rejects_empty_or_nested_empty_trace_documents[payload1]" time="0.189" /><testcase classname="tests.test_gcspo_round8_repairs" name="test_public_parity_rejects_empty_or_nested_empty_trace_documents[payload2]" time="0.179" /><testcase classname="tests.test_gcspo_round8_repairs" name="test_public_parity_rejects_empty_or_nested_empty_trace_documents[payload3]" time="0.175" /><testcase classname="tests.test_gcspo_round8_repairs" name="test_public_parity_rejects_empty_or_nested_empty_trace_documents[payload4]" time="0.174" /><testcase classname="tests.test_gcspo_round8_repairs" name="test_public_parity_rejects_both_sides_omitting_same_required_numeric_field" time="0.173" /><testcase classname="tests.test_gcspo_round8_repairs" name="test_public_parity_rejects_unexpected_numeric_field_coverage" time="0.173" /><testcase classname="tests.test_gcspo_round8_repairs" name="test_public_parity_rejects_matching_unapproved_nonnumeric_metadata" time="0.175" /><testcase classname="tests.test_gcspo_round8_repairs" name="test_public_parity_rejects_numeric_path_change_with_same_field_count" time="6.786" /><testcase classname="tests.test_gcspo_round8_repairs" name="test_public_strict_loader_rejects_nonfinite_constants[NaN]" time="0.001" /><testcase classname="tests.test_gcspo_round8_repairs" name="test_public_strict_loader_rejects_nonfinite_constants[Infinity]" time="0.000" /><testcase classname="tests.test_gcspo_round8_repairs" name="test_public_strict_loader_rejects_nonfinite_constants[-Infinity]" time="0.000" /><testcase classname="tests.test_gcspo_round8_repairs" name="test_public_parity_rejects_huge_integer_numeric_coercion" time="0.175" /><testcase classname="tests.test_gcspo_round8_repairs" name="test_public_parity_rejects_subtraction_overflow" time="0.174" /><testcase classname="tests.test_gcspo_round8_repairs" name="test_public_package_verifier_rejects_duplicate_package_metadata[round6_a5_provenance.json]" time="0.001" /><testcase classname="tests.test_gcspo_round8_repairs" name="test_public_package_verifier_rejects_duplicate_package_metadata[round6_evidence_manifest.json]" time="1.017" /><testcase classname="tests.test_gcspo_round8_repairs" name="test_public_package_verifier_rejects_duplicate_package_metadata[round6_a5_parity.json]" time="8.431" /><testcase classname="tests.test_gcspo_round8_repairs" name="test_public_package_verifier_rejects_duplicate_scientific_or_backend_json[bundle/clean_a5_report.json]" time="0.111" /><testcase classname="tests.test_gcspo_round8_repairs" name="test_public_package_verifier_rejects_duplicate_scientific_or_backend_json[bundle/a5_numeric_trace.json]" time="0.387" /><testcase classname="tests.test_gcspo_round8_repairs" name="test_public_package_verifier_rejects_duplicate_scientific_or_backend_json[bundle/a5_backend_truth.json]" time="0.349" /><testcase classname="tests.test_gcspo_round8_repairs" name="test_public_package_verifier_rejects_duplicate_challenge_json" time="0.001" /><testcase classname="tests.test_gcspo_round8_repairs" name="test_public_strict_loader_rejects_duplicate_nested_key" time="0.000" /><testcase classname="tests.test_gcspo_round8_repairs" name="test_public_freeze_verifier_rejects_duplicate_freeze_audit_handoff_json[round6_audit_report.json]" time="0.001" /><testcase classname="tests.test_gcspo_round8_repairs" name="test_public_freeze_verifier_rejects_duplicate_freeze_audit_handoff_json[round6_freeze_manifest.json]" time="0.001" /><testcase classname="tests.test_gcspo_round8_repairs" name="test_public_freeze_verifier_rejects_duplicate_freeze_audit_handoff_json[round6_phase1_handoff.json]" time="0.001" /><testcase classname="tests.test_gcspo_round8_repairs" name="test_public_freeze_verifier_rejects_duplicate_freeze_audit_handoff_json[round6_phase2_review_handoff.json]" time="0.001" /><testcase classname="tests.test_gcspo_round8_repairs" name="test_public_freeze_verifier_rejects_duplicate_freeze_audit_handoff_json[round7_audit_report.json]" time="0.002" /><testcase classname="tests.test_gcspo_round8_repairs" name="test_public_freeze_verifier_rejects_duplicate_freeze_audit_handoff_json[round7_freeze_manifest.json]" time="0.002" /><testcase classname="tests.test_gcspo_round8_repairs" name="test_public_freeze_verifier_rejects_duplicate_freeze_audit_handoff_json[round7_evidence_manifest.json]" time="0.002" /><testcase classname="tests.test_gcspo_round8_repairs" name="test_public_freeze_verifier_rejects_duplicate_freeze_audit_handoff_json[round7_repair_evidence.json]" time="0.002" /><testcase classname="tests.test_gcspo_round8_repairs" name="test_public_freeze_verifier_rejects_duplicate_freeze_audit_handoff_json[round7_repair_review_handoff.json]" time="0.002" /><testcase classname="tests.test_gcspo_round8_repairs" name="test_public_freeze_verifier_rejects_duplicate_freeze_audit_handoff_json[round6_independent_review_rejection.json]" time="0.001" /><testcase classname="tests.test_gcspo_round8_repairs" name="test_public_freeze_verifier_rejects_duplicate_historical_manifest" time="0.006" /><testcase classname="tests.test_gcspo_round8_repairs" name="test_public_round8_freeze_verifier_rejects_duplicate_general_json[round8_audit_report.json]" time="0.008" /><testcase classname="tests.test_gcspo_round8_repairs" name="test_public_round8_freeze_verifier_rejects_duplicate_general_json[round8_evidence_manifest.json]" time="0.006" /><testcase classname="tests.test_gcspo_round8_repairs" name="test_public_round8_freeze_verifier_rejects_duplicate_general_json[round8_freeze_manifest.json]" time="0.005" /><testcase classname="tests.test_gcspo_round8_repairs" name="test_public_round8_freeze_verifier_rejects_duplicate_general_json[round8_green_report.json]" time="0.006" /><testcase classname="tests.test_gcspo_round8_repairs" name="test_public_round8_freeze_verifier_rejects_duplicate_general_json[round8_red_report.json]" time="0.005" /><testcase classname="tests.test_gcspo_round8_repairs" name="test_public_round8_freeze_verifier_rejects_duplicate_general_json[round8_repair_review_handoff.json]" time="0.006" /><testcase classname="tests.test_gcspo_round8_repairs" name="test_public_round8_freeze_verifier_rejects_duplicate_historical_round7_manifest" time="0.009" /></testsuite></testsuites>