<?xml version="1.0" encoding="utf-8"?><testsuites name="pytest tests"><testsuite name="pytest" errors="0" failures="1" skipped="0" tests="1" time="1.562" timestamp="2026-08-14T13:08:15.230158+09:00" hostname="gnss-lab"><testcase classname="tests.test_gcspo_round5_child_receipt" name="test_real_child_receipt_is_exact_compact_canonical_json_plus_lf" time="1.433"><failure message="ValueError: provenance signed execution receipt envelope is not exact canonical JSON">tmp_path = PosixPath('/tmp/pytest-of-ubuntu/pytest-48/test_real_child_receipt_is_exa0')
monkeypatch = &lt;_pytest.monkeypatch.MonkeyPatch object at 0x7ab3e4dad760&gt;

    def test_real_child_receipt_is_exact_compact_canonical_json_plus_lf(
            tmp_path, monkeypatch):
        """The verifier must accept the exact receipt emitted by the child path."""
        assert str(tmp_path).startswith("/tmp/")
        challenge = tmp_path / "challenge.json"
        challenge.write_text("{}\n")
        receipt = tmp_path / "execution_receipt.json"
        module = _module()
        _run_synthetic(module, monkeypatch, tmp_path / "witnessed", challenge, receipt)
    
        from gnss_doppler_lab.gcspo_witness import _canonical_document
    
        document = json.loads(receipt.read_text())
&gt;       assert _canonical_document(receipt, "execution receipt") == document
               ^^^^^^^^^^^^^^^^^^^^^^^^^^^^^^^^^^^^^^^^^^^^^^^^^

tests/test_gcspo_round5_child_receipt.py:108: 
_ _ _ _ _ _ _ _ _ _ _ _ _ _ _ _ _ _ _ _ _ _ _ _ _ _ _ _ _ _ _ _ _ _ _ _ _ _ _ _ 

path = PosixPath('/tmp/pytest-of-ubuntu/pytest-48/test_real_child_receipt_is_exa0/execution_receipt.json')
label = 'execution receipt'

    def _canonical_document(path, label):
        path = Path(path)
        if not path.is_file():
            raise ValueError(f"provenance signed {label} envelope is absent")
        payload = path.read_bytes()
        try:
            document = json.loads(payload)
            expected = canonical_json_bytes(document)
        except (UnicodeDecodeError, json.JSONDecodeError, TypeError, ValueError) as exc:
            raise ValueError(f"provenance signed {label} envelope is not canonical JSON") from exc
        if payload != expected:
&gt;           raise ValueError(f"provenance signed {label} envelope is not exact canonical JSON")
E           ValueError: provenance signed execution receipt envelope is not exact canonical JSON

src/gnss_doppler_lab/gcspo_witness.py:58: ValueError</failure></testcase></testsuite></testsuites>