<?xml version="1.0" encoding="utf-8"?><testsuites name="pytest tests"><testsuite name="pytest" errors="0" failures="14" skipped="0" tests="15" time="0.492" timestamp="2026-08-14T09:07:49.938156+09:00" hostname="gnss-lab"><testcase classname="tests.test_gcspo_round4_freeze_repairs" name="test_consumer_receives_authenticated_snapshot_not_mutated_live_descriptor" time="0.190"><failure message="AssertionError: assert b'UNAUTHENTICATED-BYTES!' == b'AUTHENTICATED-SNAPSHOT'&#10;  &#10;  At index 0 diff: b'U' != b'A'&#10;  Use -v to get more diff">tmp_path = PosixPath('/tmp/pytest-of-ubuntu/pytest-9/test_consumer_receives_authent0')
monkeypatch = &lt;_pytest.monkeypatch.MonkeyPatch object at 0x71377fdf3560&gt;

    def test_consumer_receives_authenticated_snapshot_not_mutated_live_descriptor(tmp_path, monkeypatch):
        """Same-inode/same-size mutation after authentication cannot reach parsing."""
        import gnss_doppler_lab.gcspo_access as access
    
        source = tmp_path / "synthetic.bin"
        authenticated = b"AUTHENTICATED-SNAPSHOT"
        unauthenticated = b"UNAUTHENTICATED-BYTES!"
        assert len(authenticated) == len(unauthenticated)
        source.write_bytes(authenticated)
        gate = _ready_gate(tmp_path)
        gate.register_pinned(
            source, expected_sha256=hashlib.sha256(authenticated).hexdigest(),
            expected_size=len(authenticated), kind="SYNTHETIC")
    
        real_lseek = access.os.lseek
        mutated = False
    
        def mutate_before_rewind(fd, offset, whence):
            nonlocal mutated
            if not mutated and offset == 0 and whence == os.SEEK_SET:
                mutated = True
                with source.open("r+b", buffering=0) as handle:
                    handle.write(unauthenticated)
                    handle.flush()
                    os.fsync(handle.fileno())
            return real_lseek(fd, offset, whence)
    
        monkeypatch.setattr(access.os, "lseek", mutate_before_rewind)
        observed = gate.consume(source, scenario="DS3", phase="transition",
                                purpose="synthetic immutable snapshot",
                                consumer=lambda handle: handle.read())
&gt;       assert observed == authenticated
E       AssertionError: assert b'UNAUTHENTICATED-BYTES!' == b'AUTHENTICATED-SNAPSHOT'
E         
E         At index 0 diff: b'U' != b'A'
E         Use -v to get more diff

tests/test_gcspo_round4_freeze_repairs.py:76: AssertionError</failure></testcase><testcase classname="tests.test_gcspo_round4_freeze_repairs" name="test_mutation_during_snapshot_acquisition_fails_without_consumer_success" time="0.046" /><testcase classname="tests.test_gcspo_round4_freeze_repairs" name="test_review_candidate_rows_are_bound_to_declared_git_target_tree[target_differs]" time="0.019"><failure message="TypeError: verify_review_candidate_record() got an unexpected keyword argument 'repo_root'">tmp_path = PosixPath('/tmp/pytest-of-ubuntu/pytest-9/test_review_candidate_rows_are0')
mode = 'target_differs'

    @pytest.mark.parametrize("mode", ["target_differs", "target_lacks_row"])
    def test_review_candidate_rows_are_bound_to_declared_git_target_tree(tmp_path, mode):
        from gnss_doppler_lab.gcspo_freeze import verify_review_candidate_record
    
        repo, target = _init_repo(tmp_path)
        if mode == "target_differs":
            member = repo / "tracked.txt"
            member.write_text("working tree bytes\n")
        else:
            member = repo / "wrapper-only.txt"
            member.write_text("wrapper only\n")
        record = _record_for(member, target)
        with pytest.raises(ValueError, match="target.*tree|Git.*tree|absent.*target"):
&gt;           verify_review_candidate_record(record, target_commit=target,
                                           repo_root=repo, wrapper_commit=None)
E           TypeError: verify_review_candidate_record() got an unexpected keyword argument 'repo_root'

tests/test_gcspo_round4_freeze_repairs.py:155: TypeError</failure></testcase><testcase classname="tests.test_gcspo_round4_freeze_repairs" name="test_review_candidate_rows_are_bound_to_declared_git_target_tree[target_lacks_row]" time="0.018"><failure message="TypeError: verify_review_candidate_record() got an unexpected keyword argument 'repo_root'">tmp_path = PosixPath('/tmp/pytest-of-ubuntu/pytest-9/test_review_candidate_rows_are1')
mode = 'target_lacks_row'

    @pytest.mark.parametrize("mode", ["target_differs", "target_lacks_row"])
    def test_review_candidate_rows_are_bound_to_declared_git_target_tree(tmp_path, mode):
        from gnss_doppler_lab.gcspo_freeze import verify_review_candidate_record
    
        repo, target = _init_repo(tmp_path)
        if mode == "target_differs":
            member = repo / "tracked.txt"
            member.write_text("working tree bytes\n")
        else:
            member = repo / "wrapper-only.txt"
            member.write_text("wrapper only\n")
        record = _record_for(member, target)
        with pytest.raises(ValueError, match="target.*tree|Git.*tree|absent.*target"):
&gt;           verify_review_candidate_record(record, target_commit=target,
                                           repo_root=repo, wrapper_commit=None)
E           TypeError: verify_review_candidate_record() got an unexpected keyword argument 'repo_root'

tests/test_gcspo_round4_freeze_repairs.py:155: TypeError</failure></testcase><testcase classname="tests.test_gcspo_round4_freeze_repairs" name="test_review_wrapper_parent_must_equal_manifest_target" time="0.036"><failure message="TypeError: verify_review_candidate_record() got an unexpected keyword argument 'repo_root'">tmp_path = PosixPath('/tmp/pytest-of-ubuntu/pytest-9/test_review_wrapper_parent_mus0')

    def test_review_wrapper_parent_must_equal_manifest_target(tmp_path):
        from gnss_doppler_lab.gcspo_freeze import verify_review_candidate_record
    
        repo, target = _init_repo(tmp_path)
        (repo / "other.txt").write_text("middle\n")
        _git(repo, "add", "other.txt")
        _git(repo, "commit", "-qm", "middle")
        member = repo / "tracked.txt"
        record = _record_for(member, target)
        (repo / "implementation_manifest.json").write_text(json.dumps(record) + "\n")
        _git(repo, "add", "implementation_manifest.json")
        _git(repo, "commit", "-qm", "wrapper")
        wrapper = _git(repo, "rev-parse", "HEAD")
        with pytest.raises(ValueError, match="wrapper.*parent|immediate.*parent"):
&gt;           verify_review_candidate_record(record, target_commit=target,
                                           repo_root=repo, wrapper_commit=wrapper)
E           TypeError: verify_review_candidate_record() got an unexpected keyword argument 'repo_root'

tests/test_gcspo_round4_freeze_repairs.py:173: TypeError</failure></testcase><testcase classname="tests.test_gcspo_round4_freeze_repairs" name="test_causal_provenance_and_full_workload_cpu_cuda_parity_pass_synthetic" time="0.001"><failure message="ModuleNotFoundError: No module named 'gnss_doppler_lab.gcspo_provenance'">tmp_path = PosixPath('/tmp/pytest-of-ubuntu/pytest-9/test_causal_provenance_and_ful0')

    def test_causal_provenance_and_full_workload_cpu_cuda_parity_pass_synthetic(tmp_path):
&gt;       from gnss_doppler_lab.gcspo_provenance import (compare_full_a5_runs,
                                                       verify_causal_runs)
E       ModuleNotFoundError: No module named 'gnss_doppler_lab.gcspo_provenance'

tests/test_gcspo_round4_freeze_repairs.py:253: ModuleNotFoundError</failure></testcase><testcase classname="tests.test_gcspo_round4_freeze_repairs" name="test_causal_provenance_rejects_tamper_copy_and_incomplete_cases[duplicate_nonce]" time="0.001"><failure message="ModuleNotFoundError: No module named 'gnss_doppler_lab.gcspo_provenance'">tmp_path = PosixPath('/tmp/pytest-of-ubuntu/pytest-9/test_causal_provenance_rejects0')
tamper = 'duplicate_nonce'

    @pytest.mark.parametrize("tamper", [
        "duplicate_nonce", "same_process_identity", "missing_prepared", "missing_completed",
        "modified_transcript", "nonzero_exit", "preexisting_output", "source_mismatch",
    ])
    def test_causal_provenance_rejects_tamper_copy_and_incomplete_cases(tmp_path, tamper):
&gt;       from gnss_doppler_lab.gcspo_provenance import (prepare_run,
                                                       verify_causal_runs)
E       ModuleNotFoundError: No module named 'gnss_doppler_lab.gcspo_provenance'

tests/test_gcspo_round4_freeze_repairs.py:271: ModuleNotFoundError</failure></testcase><testcase classname="tests.test_gcspo_round4_freeze_repairs" name="test_causal_provenance_rejects_tamper_copy_and_incomplete_cases[same_process_identity]" time="0.001"><failure message="ModuleNotFoundError: No module named 'gnss_doppler_lab.gcspo_provenance'">tmp_path = PosixPath('/tmp/pytest-of-ubuntu/pytest-9/test_causal_provenance_rejects1')
tamper = 'same_process_identity'

    @pytest.mark.parametrize("tamper", [
        "duplicate_nonce", "same_process_identity", "missing_prepared", "missing_completed",
        "modified_transcript", "nonzero_exit", "preexisting_output", "source_mismatch",
    ])
    def test_causal_provenance_rejects_tamper_copy_and_incomplete_cases(tmp_path, tamper):
&gt;       from gnss_doppler_lab.gcspo_provenance import (prepare_run,
                                                       verify_causal_runs)
E       ModuleNotFoundError: No module named 'gnss_doppler_lab.gcspo_provenance'

tests/test_gcspo_round4_freeze_repairs.py:271: ModuleNotFoundError</failure></testcase><testcase classname="tests.test_gcspo_round4_freeze_repairs" name="test_causal_provenance_rejects_tamper_copy_and_incomplete_cases[missing_prepared]" time="0.001"><failure message="ModuleNotFoundError: No module named 'gnss_doppler_lab.gcspo_provenance'">tmp_path = PosixPath('/tmp/pytest-of-ubuntu/pytest-9/test_causal_provenance_rejects2')
tamper = 'missing_prepared'

    @pytest.mark.parametrize("tamper", [
        "duplicate_nonce", "same_process_identity", "missing_prepared", "missing_completed",
        "modified_transcript", "nonzero_exit", "preexisting_output", "source_mismatch",
    ])
    def test_causal_provenance_rejects_tamper_copy_and_incomplete_cases(tmp_path, tamper):
&gt;       from gnss_doppler_lab.gcspo_provenance import (prepare_run,
                                                       verify_causal_runs)
E       ModuleNotFoundError: No module named 'gnss_doppler_lab.gcspo_provenance'

tests/test_gcspo_round4_freeze_repairs.py:271: ModuleNotFoundError</failure></testcase><testcase classname="tests.test_gcspo_round4_freeze_repairs" name="test_causal_provenance_rejects_tamper_copy_and_incomplete_cases[missing_completed]" time="0.001"><failure message="ModuleNotFoundError: No module named 'gnss_doppler_lab.gcspo_provenance'">tmp_path = PosixPath('/tmp/pytest-of-ubuntu/pytest-9/test_causal_provenance_rejects3')
tamper = 'missing_completed'

    @pytest.mark.parametrize("tamper", [
        "duplicate_nonce", "same_process_identity", "missing_prepared", "missing_completed",
        "modified_transcript", "nonzero_exit", "preexisting_output", "source_mismatch",
    ])
    def test_causal_provenance_rejects_tamper_copy_and_incomplete_cases(tmp_path, tamper):
&gt;       from gnss_doppler_lab.gcspo_provenance import (prepare_run,
                                                       verify_causal_runs)
E       ModuleNotFoundError: No module named 'gnss_doppler_lab.gcspo_provenance'

tests/test_gcspo_round4_freeze_repairs.py:271: ModuleNotFoundError</failure></testcase><testcase classname="tests.test_gcspo_round4_freeze_repairs" name="test_causal_provenance_rejects_tamper_copy_and_incomplete_cases[modified_transcript]" time="0.001"><failure message="ModuleNotFoundError: No module named 'gnss_doppler_lab.gcspo_provenance'">tmp_path = PosixPath('/tmp/pytest-of-ubuntu/pytest-9/test_causal_provenance_rejects4')
tamper = 'modified_transcript'

    @pytest.mark.parametrize("tamper", [
        "duplicate_nonce", "same_process_identity", "missing_prepared", "missing_completed",
        "modified_transcript", "nonzero_exit", "preexisting_output", "source_mismatch",
    ])
    def test_causal_provenance_rejects_tamper_copy_and_incomplete_cases(tmp_path, tamper):
&gt;       from gnss_doppler_lab.gcspo_provenance import (prepare_run,
                                                       verify_causal_runs)
E       ModuleNotFoundError: No module named 'gnss_doppler_lab.gcspo_provenance'

tests/test_gcspo_round4_freeze_repairs.py:271: ModuleNotFoundError</failure></testcase><testcase classname="tests.test_gcspo_round4_freeze_repairs" name="test_causal_provenance_rejects_tamper_copy_and_incomplete_cases[nonzero_exit]" time="0.001"><failure message="ModuleNotFoundError: No module named 'gnss_doppler_lab.gcspo_provenance'">tmp_path = PosixPath('/tmp/pytest-of-ubuntu/pytest-9/test_causal_provenance_rejects5')
tamper = 'nonzero_exit'

    @pytest.mark.parametrize("tamper", [
        "duplicate_nonce", "same_process_identity", "missing_prepared", "missing_completed",
        "modified_transcript", "nonzero_exit", "preexisting_output", "source_mismatch",
    ])
    def test_causal_provenance_rejects_tamper_copy_and_incomplete_cases(tmp_path, tamper):
&gt;       from gnss_doppler_lab.gcspo_provenance import (prepare_run,
                                                       verify_causal_runs)
E       ModuleNotFoundError: No module named 'gnss_doppler_lab.gcspo_provenance'

tests/test_gcspo_round4_freeze_repairs.py:271: ModuleNotFoundError</failure></testcase><testcase classname="tests.test_gcspo_round4_freeze_repairs" name="test_causal_provenance_rejects_tamper_copy_and_incomplete_cases[preexisting_output]" time="0.001"><failure message="ModuleNotFoundError: No module named 'gnss_doppler_lab.gcspo_provenance'">tmp_path = PosixPath('/tmp/pytest-of-ubuntu/pytest-9/test_causal_provenance_rejects6')
tamper = 'preexisting_output'

    @pytest.mark.parametrize("tamper", [
        "duplicate_nonce", "same_process_identity", "missing_prepared", "missing_completed",
        "modified_transcript", "nonzero_exit", "preexisting_output", "source_mismatch",
    ])
    def test_causal_provenance_rejects_tamper_copy_and_incomplete_cases(tmp_path, tamper):
&gt;       from gnss_doppler_lab.gcspo_provenance import (prepare_run,
                                                       verify_causal_runs)
E       ModuleNotFoundError: No module named 'gnss_doppler_lab.gcspo_provenance'

tests/test_gcspo_round4_freeze_repairs.py:271: ModuleNotFoundError</failure></testcase><testcase classname="tests.test_gcspo_round4_freeze_repairs" name="test_causal_provenance_rejects_tamper_copy_and_incomplete_cases[source_mismatch]" time="0.001"><failure message="ModuleNotFoundError: No module named 'gnss_doppler_lab.gcspo_provenance'">tmp_path = PosixPath('/tmp/pytest-of-ubuntu/pytest-9/test_causal_provenance_rejects7')
tamper = 'source_mismatch'

    @pytest.mark.parametrize("tamper", [
        "duplicate_nonce", "same_process_identity", "missing_prepared", "missing_completed",
        "modified_transcript", "nonzero_exit", "preexisting_output", "source_mismatch",
    ])
    def test_causal_provenance_rejects_tamper_copy_and_incomplete_cases(tmp_path, tamper):
&gt;       from gnss_doppler_lab.gcspo_provenance import (prepare_run,
                                                       verify_causal_runs)
E       ModuleNotFoundError: No module named 'gnss_doppler_lab.gcspo_provenance'

tests/test_gcspo_round4_freeze_repairs.py:271: ModuleNotFoundError</failure></testcase><testcase classname="tests.test_gcspo_round4_freeze_repairs" name="test_remote_precondition_requires_symbolic_branch_and_exact_ahead_behind" time="0.001"><failure message="assert True is False">tmp_path = PosixPath('/tmp/pytest-of-ubuntu/pytest-9/test_remote_precondition_requi0')
monkeypatch = &lt;_pytest.monkeypatch.MonkeyPatch object at 0x713718966e40&gt;

    def test_remote_precondition_requires_symbolic_branch_and_exact_ahead_behind(tmp_path, monkeypatch):
        from gnss_doppler_lab.gcspo_freeze import live_remote_snapshot
    
        class Result:
            def __init__(self, stdout):
                self.stdout = stdout
    
        def fake(command, **_kwargs):
            if "ls-remote" in command:
                return Result("a" * 40 + "\trefs/heads/topic\n")
            if command[-2:] == ["rev-parse", "HEAD"]:
                return Result("a" * 40 + "\n")
            if command[-2:] == ["symbolic-ref", "--short"]:
                return Result("wrong-branch\n")
            if "rev-list" in command:
                return Result("0\t0\n")
            if "status" in command:
                return Result("")
            raise AssertionError(command)
    
        monkeypatch.setattr("gnss_doppler_lab.gcspo_freeze.subprocess.run", fake)
        snapshot = live_remote_snapshot(tmp_path, "origin", "topic")
&gt;       assert snapshot["synchronized"] is False
E       assert True is False

tests/test_gcspo_round4_freeze_repairs.py:338: AssertionError</failure></testcase></testsuite></testsuites>