<?xml version="1.0" encoding="utf-8"?><testsuites name="pytest tests"><testsuite name="pytest" errors="0" failures="15" skipped="0" tests="21" time="3.629" timestamp="2026-08-14T07:19:39.358727+09:00" hostname="gnss-lab"><testcase classname="tests.test_gcspo_round3_freeze_repairs" name="test_sidecar_size_mismatch_fails_before_claim_ledger_or_child_read" time="0.050"><failure message="Failed: DID NOT RAISE ValueError">tests/test_gcspo_round3_freeze_repairs.py:82: in test_sidecar_size_mismatch_fails_before_claim_ledger_or_child_read
    with pytest.raises(ValueError, match="size|identity"):
E   Failed: DID NOT RAISE ValueError</failure></testcase><testcase classname="tests.test_gcspo_round3_freeze_repairs" name="test_registered_child_replacement_is_rejected_preclaim_even_when_bytes_match" time="0.036"><failure message="Failed: DID NOT RAISE RuntimeError">tests/test_gcspo_round3_freeze_repairs.py:111: in test_registered_child_replacement_is_rejected_preclaim_even_when_bytes_match
    with pytest.raises(RuntimeError, match="replaced|identity"):
E   Failed: DID NOT RAISE RuntimeError</failure></testcase><testcase classname="tests.test_gcspo_round3_freeze_repairs" name="test_child_toctou_between_precheck_and_open_closes_claim_without_science" time="0.012"><failure message="AssertionError: assert ['PRE'] == ['PRE', 'POST']&#10;  &#10;  Right contains one more item: 'POST'&#10;  &#10;  Full diff:&#10;    [&#10;        'PRE',&#10;  -     'POST',&#10;    ]">tests/test_gcspo_round3_freeze_repairs.py:167: in test_child_toctou_between_precheck_and_open_closes_claim_without_science
    assert [row["record_type"] for row in records] == ["PRE", "POST"]
E   AssertionError: assert ['PRE'] == ['PRE', 'POST']
E
E     Right contains one more item: 'POST'
E
E     Full diff:
E       [
E           'PRE',
E     -     'POST',
E       ]</failure></testcase><testcase classname="tests.test_gcspo_round3_freeze_repairs" name="test_protected_b0_rejects_empty_partial_duplicate_missing_and_unsupported_support" time="1.102"><failure message="Failed: DID NOT RAISE ValueError">tests/test_gcspo_round3_freeze_repairs.py:208: in test_protected_b0_rejects_empty_partial_duplicate_missing_and_unsupported_support
    with pytest.raises(ValueError, match="empty|support"):
E   Failed: DID NOT RAISE ValueError</failure></testcase><testcase classname="tests.test_gcspo_round3_freeze_repairs" name="test_protected_b0_exact_support_succeeds_and_all_mandatory_methods_are_nonempty" time="0.000"><failure message="ImportError: cannot import name 'validate_protected_method_support' from 'gnss_doppler_lab.gcspo_evaluate' (/home/ubuntu/projects/gnss-doppler-gcspo-stage0-static-rerun/src/gnss_doppler_lab/gcspo_evaluate.py)">tests/test_gcspo_round3_freeze_repairs.py:225: in test_protected_b0_exact_support_succeeds_and_all_mandatory_methods_are_nonempty
    from gnss_doppler_lab.gcspo_evaluate import (
E   ImportError: cannot import name 'validate_protected_method_support' from 'gnss_doppler_lab.gcspo_evaluate' (/home/ubuntu/projects/gnss-doppler-gcspo-stage0-static-rerun/src/gnss_doppler_lab/gcspo_evaluate.py)</failure></testcase><testcase classname="tests.test_gcspo_round3_freeze_repairs" name="test_protected_b0_builder_rejects_non_access_gate_even_with_synthetic_rows" time="0.004"><failure message="Failed: DID NOT RAISE TypeError">tests/test_gcspo_round3_freeze_repairs.py:255: in test_protected_b0_builder_rejects_non_access_gate_even_with_synthetic_rows
    with pytest.raises(TypeError, match="AccessGate"):
E   Failed: DID NOT RAISE TypeError</failure></testcase><testcase classname="tests.test_gcspo_round3_freeze_repairs" name="test_reconstruction_rejects_missing_mandatory_ds7_relation_evidence" time="0.065"><failure message="Failed: DID NOT RAISE ValueError">tests/test_gcspo_round3_freeze_repairs.py:297: in test_reconstruction_rejects_missing_mandatory_ds7_relation_evidence
    with pytest.raises(ValueError, match="mandatory.*DS7|DS7.*mandatory"):
E   Failed: DID NOT RAISE ValueError</failure></testcase><testcase classname="tests.test_gcspo_round3_freeze_repairs" name="test_final_evidence_validation_cannot_package_missing_relation_as_valid_no_go" time="0.001"><failure message="Failed: DID NOT RAISE ValueError">tests/test_gcspo_round3_freeze_repairs.py:347: in test_final_evidence_validation_cannot_package_missing_relation_as_valid_no_go
    with pytest.raises(ValueError, match="mandatory.*relation|relation.*mandatory"):
E   Failed: DID NOT RAISE ValueError</failure></testcase><testcase classname="tests.test_gcspo_round3_freeze_repairs" name="test_a5_exact_reviewer_negative_mode_cpu_cuda_parity" time="2.030"><failure message="AssertionError: &#10;Not equal to tolerance rtol=1e-11, atol=1e-11&#10;&#10;Mismatched elements: 1 / 2 (50%)&#10;Mismatch at index:&#10; [0]: 10.0 (ACTUAL), 99.99999999999994 (DESIRED)&#10;Max absolute difference among violations: 90.&#10;Max relative difference among violations: 0.9&#10; ACTUAL: array([10.,  0.])&#10; DESIRED: array([100.,   0.])">tests/test_gcspo_round3_freeze_repairs.py:382: in test_a5_exact_reviewer_negative_mode_cpu_cuda_parity
    _assert_a5_equal(cpu, cuda)
tests/test_gcspo_round3_freeze_repairs.py:361: in _assert_a5_equal
    np.testing.assert_allclose(first["state"], second["state"], rtol=1e-11, atol=1e-11)
E   AssertionError:
E   Not equal to tolerance rtol=1e-11, atol=1e-11
E
E   Mismatched elements: 1 / 2 (50%)
E   Mismatch at index:
E    [0]: 10.0 (ACTUAL), 99.99999999999994 (DESIRED)
E   Max absolute difference among violations: 90.
E   Max relative difference among violations: 0.9
E    ACTUAL: array([10.,  0.])
E    DESIRED: array([100.,   0.])</failure></testcase><testcase classname="tests.test_gcspo_round3_freeze_repairs" name="test_a5_cpu_cuda_near_zero_and_rank_boundary_parity[-5e-16]" time="0.003" /><testcase classname="tests.test_gcspo_round3_freeze_repairs" name="test_a5_cpu_cuda_near_zero_and_rank_boundary_parity[0.0]" time="0.002" /><testcase classname="tests.test_gcspo_round3_freeze_repairs" name="test_a5_cpu_cuda_near_zero_and_rank_boundary_parity[5e-16]" time="0.002" /><testcase classname="tests.test_gcspo_round3_freeze_repairs" name="test_a5_cpu_cuda_near_zero_and_rank_boundary_parity[5e-10]" time="0.002" /><testcase classname="tests.test_gcspo_round3_freeze_repairs" name="test_a5_materially_negative_rss_fails_closed_on_both_backends" time="0.001"><failure message="Failed: DID NOT RAISE ValueError">tests/test_gcspo_round3_freeze_repairs.py:400: in test_a5_materially_negative_rss_fails_closed_on_both_backends
    with pytest.raises(ValueError, match="negative RSS"):
E   Failed: DID NOT RAISE ValueError</failure></testcase><testcase classname="tests.test_gcspo_round3_freeze_repairs" name="test_a5_scale_aware_roundoff_rss_is_nonnegative_and_backend_identical[-1e-15]" time="0.002"><failure message="assert -9.992007221626409e-16 &gt;= 0.0">tests/test_gcspo_round3_freeze_repairs.py:414: in test_a5_scale_aware_roundoff_rss_is_nonnegative_and_backend_identical
    assert cpu["rss"] &gt;= 0.0
E   assert -9.992007221626409e-16 &gt;= 0.0</failure></testcase><testcase classname="tests.test_gcspo_round3_freeze_repairs" name="test_a5_scale_aware_roundoff_rss_is_nonnegative_and_backend_identical[1e-15]" time="0.002" /><testcase classname="tests.test_gcspo_round3_freeze_repairs" name="test_reproduction_evidence_authenticates_two_distinct_durable_executions" time="0.020"><failure message="KeyError: 'run_ids'">tests/test_gcspo_round3_freeze_repairs.py:423: in test_reproduction_evidence_authenticates_two_distinct_durable_executions
    assert len(set(result["run_ids"])) == 2
                   ^^^^^^^^^^^^^^^^^
E   KeyError: 'run_ids'</failure></testcase><testcase classname="tests.test_gcspo_round3_freeze_repairs" name="test_runtime_hygiene_marks_all_generated_residue_relevant[.pytest_cache/]" time="0.001"><failure message="AssertionError: assert [] == ['!! .pytest_cache/']&#10;  &#10;  Right contains one more item: '!! .pytest_cache/'&#10;  &#10;  Full diff:&#10;  + []&#10;  - [&#10;  -     '!! .pytest_cache/',&#10;  - ]">tests/test_gcspo_round3_freeze_repairs.py:439: in test_runtime_hygiene_marks_all_generated_residue_relevant
    assert _runtime_relevant_ignored(f"!! {path}\n") == [f"!! {path}"]
E   AssertionError: assert [] == ['!! .pytest_cache/']
E
E     Right contains one more item: '!! .pytest_cache/'
E
E     Full diff:
E     + []
E     - [
E     -     '!! .pytest_cache/',
E     - ]</failure></testcase><testcase classname="tests.test_gcspo_round3_freeze_repairs" name="test_runtime_hygiene_marks_all_generated_residue_relevant[tests/__pycache__/]" time="0.001"><failure message="AssertionError: assert [] == ['!! tests/__pycache__/']&#10;  &#10;  Right contains one more item: '!! tests/__pycache__/'&#10;  &#10;  Full diff:&#10;  + []&#10;  - [&#10;  -     '!! tests/__pycache__/',&#10;  - ]">tests/test_gcspo_round3_freeze_repairs.py:439: in test_runtime_hygiene_marks_all_generated_residue_relevant
    assert _runtime_relevant_ignored(f"!! {path}\n") == [f"!! {path}"]
E   AssertionError: assert [] == ['!! tests/__pycache__/']
E
E     Right contains one more item: '!! tests/__pycache__/'
E
E     Full diff:
E     + []
E     - [
E     -     '!! tests/__pycache__/',
E     - ]</failure></testcase><testcase classname="tests.test_gcspo_round3_freeze_repairs" name="test_runtime_hygiene_marks_all_generated_residue_relevant[src/gnss_doppler_lab/cache.pyc]" time="0.001" /><testcase classname="tests.test_gcspo_round3_freeze_repairs" name="test_runtime_hygiene_marks_all_generated_residue_relevant[iq.bin.synthetic.tmp]" time="0.001"><failure message="AssertionError: assert [] == ['!! iq.bin.synthetic.tmp']&#10;  &#10;  Right contains one more item: '!! iq.bin.synthetic.tmp'&#10;  &#10;  Full diff:&#10;  + []&#10;  - [&#10;  -     '!! iq.bin.synthetic.tmp',&#10;  - ]">tests/test_gcspo_round3_freeze_repairs.py:439: in test_runtime_hygiene_marks_all_generated_residue_relevant
    assert _runtime_relevant_ignored(f"!! {path}\n") == [f"!! {path}"]
E   AssertionError: assert [] == ['!! iq.bin.synthetic.tmp']
E
E     Right contains one more item: '!! iq.bin.synthetic.tmp'
E
E     Full diff:
E     + []
E     - [
E     -     '!! iq.bin.synthetic.tmp',
E     - ]</failure></testcase></testsuite></testsuites>