<?xml version="1.0" encoding="utf-8"?><testsuites name="pytest tests"><testsuite name="pytest" errors="0" failures="6" skipped="0" tests="627" time="41.548" timestamp="2026-08-14T11:24:00.467789+09:00" hostname="gnss-lab"><testcase classname="tests.test_acquisition_surface" name="test_gps_l1ca_code_has_one_period_and_balance" time="0.003" /><testcase classname="tests.test_acquisition_surface" name="test_acquisition_surface_finds_synthetic_peak" time="1.507" /><testcase classname="tests.test_acquisition_surface" name="test_read_s8_iq" time="0.001" /><testcase classname="tests.test_ai_morph_gru_q70_eval" name="test_add_score_persistence_is_causal_rolling_max_and_keeps_base_cols" time="0.005" /><testcase classname="tests.test_ai_morph_gru_q70_eval" name="test_add_score_persistence_disabled_returns_original_cols_without_mutation" time="0.003" /><testcase classname="tests.test_ai_morph_gru_q70_eval" name="test_q70_eval_defaults_match_validated_morphology_quorum_frame" time="0.003" /><testcase classname="tests.test_ai_morph_gru_q70_eval" name="test_event_scores_uses_current_tracked_set_quantile_and_quorum_gate" time="0.011" /><testcase classname="tests.test_btail_support_gate" name="test_binomial_tail_surprise_matches_exact_four_of_four_coin_tail" time="0.005" /><testcase classname="tests.test_btail_support_gate" name="test_build_event_scores_counts_current_prns_and_applies_causal_ewma" time="0.010" /><testcase classname="tests.test_btail_support_gate" name="test_clean_only_calibration_produces_node_thresholds_and_q99_event_threshold" time="0.022" /><testcase classname="tests.test_btail_support_gate" name="test_build_event_scores_requires_frozen_grouping_contract[run_id]" time="0.006" /><testcase classname="tests.test_btail_support_gate" name="test_build_event_scores_requires_frozen_grouping_contract[prn]" time="0.006" /><testcase classname="tests.test_btail_support_gate" name="test_build_event_scores_requires_frozen_grouping_contract[window_bin_s]" time="0.005" /><testcase classname="tests.test_btail_support_gate" name="test_build_event_scores_rejects_non_finite_numeric_inputs[window_bin_s]" time="0.006" /><testcase classname="tests.test_btail_support_gate" name="test_build_event_scores_rejects_non_finite_numeric_inputs[window_start_s]" time="0.007" /><testcase classname="tests.test_btail_support_gate" name="test_build_event_scores_rejects_non_finite_numeric_inputs[window_mid_s]" time="0.007" /><testcase classname="tests.test_btail_support_gate" name="test_build_event_scores_rejects_non_finite_numeric_inputs[prn_node_rmse]" time="0.007" /><testcase classname="tests.test_btail_support_gate" name="test_build_event_scores_rejects_null_identifiers[run_id]" time="0.006" /><testcase classname="tests.test_btail_support_gate" name="test_build_event_scores_rejects_null_identifiers[prn]" time="0.006" /><testcase classname="tests.test_btail_support_gate" name="test_build_event_scores_rejects_duplicate_run_event_prn" time="0.007" /><testcase classname="tests.test_btail_support_gate" name="test_build_event_scores_keeps_runs_separate_and_resets_ewma" time="0.010" /><testcase classname="tests.test_btail_support_gate" name="test_detector_rejects_alpha_that_disagrees_with_ewma075_name" time="0.005" /><testcase classname="tests.test_btail_support_gate" name="test_evaluate_scenario_requires_both_pre_and_post_windows[times0]" time="0.005" /><testcase classname="tests.test_btail_support_gate" name="test_evaluate_scenario_requires_both_pre_and_post_windows[times1]" time="0.005" /><testcase classname="tests.test_btail_support_gate" name="test_ds7_ds8_phase_metrics_preserve_overall_onset_and_report_each_phase" time="0.006" /><testcase classname="tests.test_btail_support_gate" name="test_frozen_champion_checkpoint_hash_and_feature_contract" time="0.006" /><testcase classname="tests.test_btail_support_gate" name="test_tracked_frozen_calibration_has_exact_champion_contract" time="0.001" /><testcase classname="tests.test_btail_support_gate" name="test_frozen_calibration_validation_fails_closed_on_mismatch" time="0.005" /><testcase classname="tests.test_btail_support_gate" name="test_generic_score_prefix_and_filename" time="0.009" /><testcase classname="tests.test_btail_support_gate" name="test_frozen_loader_rejects_well_formed_but_noncanonical_contract[mutation0]" time="0.005" /><testcase classname="tests.test_btail_support_gate" name="test_frozen_loader_rejects_well_formed_but_noncanonical_contract[mutation1]" time="0.005" /><testcase classname="tests.test_btail_support_gate" name="test_frozen_loader_rejects_well_formed_but_noncanonical_contract[mutation2]" time="0.005" /><testcase classname="tests.test_btail_support_gate" name="test_frozen_loader_rejects_well_formed_but_noncanonical_contract[mutation3]" time="0.005" /><testcase classname="tests.test_btail_support_gate" name="test_clean_only_evaluation_is_onset_free_and_reports_false_positive_metrics" time="0.005" /><testcase classname="tests.test_btail_support_gate" name="test_gate_timing_contract_documents_frozen_start_and_availability_offset" time="0.005" /><testcase classname="tests.test_da_peak_floor_relational_transformer" name="test_script_imports_without_temporal_autoencoder_files" time="0.057" /><testcase classname="tests.test_da_peak_floor_relational_transformer" name="test_gradient_reversal_changes_only_backward_sign" time="0.157" /><testcase classname="tests.test_da_peak_floor_relational_transformer" name="test_labeled_sequences_use_endpoint_labels_and_ranges_only" time="0.184" /><testcase classname="tests.test_da_peak_floor_relational_transformer" name="test_model_outputs_spoof_domain_branch_and_matching_heads" time="0.604" /><testcase classname="tests.test_da_peak_floor_relational_transformer" name="test_fixed_threshold_uses_validation_normal_scores_only" time="0.017" /><testcase classname="tests.test_da_peak_floor_relational_transformer" name="test_hard_negatives_preserve_domain_and_label_and_change_sample" time="0.014" /><testcase classname="tests.test_da_peak_floor_relational_transformer" name="test_three_consecutive_alarm_is_timestamped_at_third_available_score" time="0.014" /><testcase classname="tests.test_da_peak_floor_relational_transformer" name="test_fold_contract_excludes_held_scenario_from_training_and_threshold" time="0.014" /><testcase classname="tests.test_da_peak_floor_relational_transformer" name="test_alignment_requires_finite_causal_end_times_and_sequence_uses_max_availability" time="0.102" /><testcase classname="tests.test_da_peak_floor_relational_transformer" name="test_manifest_is_exact_pinned_and_rejects_swaps_and_identity_mismatches" time="0.155" /><testcase classname="tests.test_defensive_anomaly_injector" name="test_inject_tracking_rows_applies_windowed_common_and_prn_specific_bias" time="0.001" /><testcase classname="tests.test_defensive_anomaly_injector" name="test_write_injected_tracking_csv_publishes_manifest_and_preserves_columns" time="0.002" /><testcase classname="tests.test_dynamic_validation" name="test_parser_and_utc" time="0.002" /><testcase classname="tests.test_dynamic_validation" name="test_missing_log_lines" time="0.001" /><testcase classname="tests.test_dynamic_validation" name="test_nav_parser_matches_exact_message_and_order_dedupes" time="0.001" /><testcase classname="tests.test_dynamic_validation" name="test_position_and_timestamp_aware_velocity" time="0.001" /><testcase classname="tests.test_dynamic_validation" name="test_metrics_percentiles" time="0.001" /><testcase classname="tests.test_dynamic_validation" name="test_truth_hash_mutation_is_rejected_before_validation_outputs" time="0.002" /><testcase classname="tests.test_dynamic_validation" name="test_truth_hash_missing_or_invalid_fails_closed[None]" time="0.002" /><testcase classname="tests.test_dynamic_validation" name="test_truth_hash_missing_or_invalid_fails_closed[not-a-sha256]" time="0.002" /><testcase classname="tests.test_dynamic_validation" name="test_truth_hash_missing_or_invalid_fails_closed[AAAAAAAAAAAAAAAAAAAAAAAAAAAAAAAAAAAAAAAAAAAAAAAAAAAAAAAAAAAAAAAA]" time="0.002" /><testcase classname="tests.test_dynamic_validation" name="test_ecef_truth_matches_equivalent_llh_enu_and_metrics" time="0.951" /><testcase classname="tests.test_dynamic_validation" name="test_unknown_truth_coordinate_system_is_rejected" time="0.002" /><testcase classname="tests.test_dynamic_validation" name="test_corrected_manifest_uses_direct_utc_zero_alignment" time="0.470" /><testcase classname="tests.test_dynamic_validation" name="test_legacy_manifest_requires_and_records_explicit_plus_18" time="0.472" /><testcase classname="tests.test_dynamic_validation" name="test_summary_separates_all_tracking_from_nav_decoded" time="0.465" /><testcase classname="tests.test_dynamic_validation" name="test_dashboard_enu_axis_labels_and_equal_aspect" time="0.129" /><testcase classname="tests.test_eval_oakbat_trcd" name="test_hash_manifest_rejection" time="0.003" /><testcase classname="tests.test_eval_oakbat_trcd" name="test_campaign_semantics_fail_closed" time="0.001" /><testcase classname="tests.test_eval_oakbat_trcd" name="test_partition_role_leakage" time="0.004" /><testcase classname="tests.test_eval_oakbat_trcd" name="test_held_not_used_in_calibration" time="0.021" /><testcase classname="tests.test_eval_oakbat_trcd" name="test_production_run_persists_calibration_before_attack_reader" time="0.187" /><testcase classname="tests.test_eval_oakbat_trcd" name="test_official_masks" time="0.002" /><testcase classname="tests.test_eval_oakbat_trcd" name="test_q95_q99_branch_gates" time="0.003" /><testcase classname="tests.test_eval_oakbat_trcd" name="test_no_scenario_fitting_and_finite" time="0.092" /><testcase classname="tests.test_eval_oakbat_trcd" name="test_no_overwrite" time="0.002" /><testcase classname="tests.test_eval_oakbat_trcd" name="test_relation_only_shuffle_preserves_local_evidence_but_changes_relations" time="0.086" /><testcase classname="tests.test_eval_oakbat_trcd" name="test_trusted_manifest_pins_and_fail_closed" time="0.002" /><testcase classname="tests.test_eval_oakbat_trcd" name="test_post_alarm_delays_are_explicit_relative_to_onset" time="0.024" /><testcase classname="tests.test_eval_oakbat_trcd" name="test_relation_shuffle_keeps_zero_rows_zero_and_reports_counts" time="0.007" /><testcase classname="tests.test_eval_oakbat_trcd" name="test_unpinned_override_summary_is_explicitly_nonproduction" time="0.213" /><testcase classname="tests.test_evaluate_oakbat_cleanstatic_detector" name="test_auc_ties" time="0.028" /><testcase classname="tests.test_evaluate_oakbat_cleanstatic_detector" name="test_alias_and_restriction" time="0.206" /><testcase classname="tests.test_evaluate_oakbat_cleanstatic_detector" name="test_availability_sustained_and_pre_fp" time="0.027" /><testcase classname="tests.test_evaluate_oakbat_cleanstatic_detector" name="test_frozen_load_before_attack_access" time="0.031" /><testcase classname="tests.test_evaluate_oakbat_cleanstatic_detector" name="test_attack_does_not_calibrate" time="0.028" /><testcase classname="tests.test_evaluate_oakbat_cleanstatic_detector" name="test_parser_scenarios" time="0.028" /><testcase classname="tests.test_evaluate_oakbat_cleanstatic_detector" name="test_resume_report_tamper_rejected" time="0.068" /><testcase classname="tests.test_evaluate_oakbat_cleanstatic_detector" name="test_resume_accepts_normal_noninteger_csv_round_trip" time="0.048" /><testcase classname="tests.test_evaluate_oakbat_cleanstatic_detector" name="test_failed_rerun_invalidates_old_complete_manifest_and_preflights" time="0.057" /><testcase classname="tests.test_gcmr_experiment" name="test_roles_strict_purges_and_boundaries" time="0.001" /><testcase classname="tests.test_gcmr_experiment" name="test_nmea_absolute_mapping_excludes_post_onset" time="0.002" /><testcase classname="tests.test_gcmr_experiment" name="test_cache_roundtrip_hash_mismatch" time="0.008" /><testcase classname="tests.test_gcmr_experiment" name="test_deterministic_variable_pair_training" time="1.141" /><testcase classname="tests.test_gcmr_experiment" name="test_attack_gate" time="0.001" /><testcase classname="tests.test_gcmr_experiment" name="test_calibration_threshold_and_availability" time="0.041" /><testcase classname="tests.test_gcmr_experiment" name="test_geometry_channel_ablation_is_deterministic_and_preserves_quality_bytes" time="0.002" /><testcase classname="tests.test_gcmr_experiment" name="test_summary_normal_context" time="0.002" /><testcase classname="tests.test_gcmr_experiment" name="test_relation_contract_rejects_old_cache_even_with_current_schema" time="0.006" /><testcase classname="tests.test_gcmr_experiment" name="test_oakbat_geometry_preflight_reads_rx_time_and_absolute_rmc_week" time="0.004" /><testcase classname="tests.test_gcmr_experiment" name="test_oakbat_preflight_documents_unhealthy_tracked_prns_and_cache_metadata" time="0.005" /><testcase classname="tests.test_gcmr_experiment" name="test_oakbat_preflight_rejects_too_few_healthy_tracked_prns" time="0.003" /><testcase classname="tests.test_gcmr_experiment" name="test_cache_rejects_negative_or_nonmonotone_offsets[&lt;lambda&gt;0]" time="0.006" /><testcase classname="tests.test_gcmr_experiment" name="test_cache_rejects_negative_or_nonmonotone_offsets[&lt;lambda&gt;1]" time="0.006" /><testcase classname="tests.test_gcmr_experiment" name="test_cache_rejects_truncated_concatenated_array" time="0.006" /><testcase classname="tests.test_gcmr_experiment" name="test_implementation_manifest_cwd_independent_and_content_sensitive" time="0.014" /><testcase classname="tests.test_gcmr_experiment" name="test_checkpoint_validated_roundtrip_and_contract_rejection" time="0.083" /><testcase classname="tests.test_gcmr_experiment" name="test_checkpoint_rejects_saved_implementation_stale_against_runtime" time="0.042" /><testcase classname="tests.test_gcmr_experiment" name="test_torch_is_gcmr_optional_extra_not_base_dependency" time="0.001" /><testcase classname="tests.test_gcmr_geometry" name="test_parses_gnss_sdr_boost_xml_fixture" time="0.002" /><testcase classname="tests.test_gcmr_geometry" name="test_broadcast_position_has_plausible_gps_orbit_radius" time="0.001" /><testcase classname="tests.test_gcmr_geometry" name="test_week_crossover_position_and_velocity_are_continuous" time="0.001" /><testcase classname="tests.test_gcmr_geometry" name="test_look_angles_obey_local_enu_invariant" time="0.001" /><testcase classname="tests.test_gcmr_geometry" name="test_static_receiver_doppler_uses_negative_range_rate_convention" time="0.001" /><testcase classname="tests.test_gcmr_geometry" name="test_common_clock_removed_residuals_use_visible_prn_median" time="0.001" /><testcase classname="tests.test_gcmr_geometry" name="test_nonfinite_or_invalid_inputs_fail_closed[nan]" time="0.001" /><testcase classname="tests.test_gcmr_geometry" name="test_nonfinite_or_invalid_inputs_fail_closed[inf]" time="0.001" /><testcase classname="tests.test_gcmr_geometry" name="test_nonfinite_or_invalid_inputs_fail_closed[not-a-number]" time="0.001" /><testcase classname="tests.test_gcmr_geometry" name="test_missing_or_nonfinite_ephemeris_fails_closed" time="0.002" /><testcase classname="tests.test_gcmr_geometry" name="test_predicted_doppler_convenience_returns_observation_value" time="0.001" /><testcase classname="tests.test_gcmr_geometry" name="test_parses_epoch_snapshot_health_and_fit_metadata" time="0.002" /><testcase classname="tests.test_gcmr_geometry" name="test_ephemeris_alignment_checks_week_and_toe_age_but_reports_snapshot_separately" time="0.001" /><testcase classname="tests.test_gcmr_geometry" name="test_missing_optional_decoded_snapshot_is_reported_not_rejected" time="0.001" /><testcase classname="tests.test_gcmr_geometry" name="test_kepler_solver_fails_closed_on_invalid_eccentricity_and_nonconvergence" time="0.001" /><testcase classname="tests.test_gcmr_geometry" name="test_oakbat_g10_hard_coded_geometry_sanity" time="0.001" /><testcase classname="tests.test_gcmr_model" name="test_pair_permutation_equivariance_and_latent_invariance" time="0.008" /><testcase classname="tests.test_gcmr_model" name="test_padding_leaves_real_output_latent_and_loss_unchanged" time="0.009" /><testcase classname="tests.test_gcmr_model" name="test_empty_and_all_masked_events_are_rejected" time="0.002" /><testcase classname="tests.test_gcmr_model" name="test_robust_scaler_ignores_masked_and_padded_extremes" time="0.005" /><testcase classname="tests.test_gcmr_model" name="test_decoder_is_geometry_conditioned_not_target_conditioned" time="0.007" /><testcase classname="tests.test_gcmr_model" name="test_masked_reconstruction_loss_ignores_invalid_extreme_target" time="0.002" /><testcase classname="tests.test_gcmr_model" name="test_clean_reference_calibrator_handles_singular_covariance_and_outlier" time="0.002" /><testcase classname="tests.test_gcmr_model" name="test_state_dict_save_load_is_deterministic" time="0.014" /><testcase classname="tests.test_gcmr_model" name="test_standardized_residual_loss_balances_channel_units_and_masking" time="0.002" /><testcase classname="tests.test_gcmr_relations" name="test_hdf5_fixture_extraction_and_duplicates" time="0.015" /><testcase classname="tests.test_gcmr_relations" name="test_cc_sign_formula" time="0.001" /><testcase classname="tests.test_gcmr_relations" name="test_endpoint_input_and_padding_invariance" time="0.155" /><testcase classname="tests.test_gcmr_relations" name="test_constant_correlations_masked_not_zeroed" time="0.040" /><testcase classname="tests.test_gcmr_relations" name="test_no_future_influence" time="0.127" /><testcase classname="tests.test_gcmr_relations" name="test_gap_rejected" time="0.016" /><testcase classname="tests.test_gcmr_relations" name="test_event_contract_dimensions_and_finiteness" time="0.044" /><testcase classname="tests.test_gcmr_relations" name="test_robust_z_flat_plus_step_preserves_jump_when_mad_is_zero" time="0.001" /><testcase classname="tests.test_gcmr_relations" name="test_robust_z_truly_constant_is_zero" time="0.001" /><testcase classname="tests.test_gcmr_relations" name="test_unhealthy_ephemeris_prn_is_absent_and_cannot_bias_common_clock_or_pairs" time="0.086" /><testcase classname="tests.test_gcmr_relations" name="test_relation_build_rejects_fewer_than_min_healthy_tracked_prns" time="0.003" /><testcase classname="tests.test_gcmr_relations" name="test_event_contract_rejects_bad_windows_and_noncanonical_pairs" time="0.001" /><testcase classname="tests.test_gcmr_relations" name="test_geometry_uses_median_actual_timestamp_in_each_bin" time="0.016" /><testcase classname="tests.test_gcmr_texbat_cleanstatic" name="test_contract_roles_config" time="0.001" /><testcase classname="tests.test_gcmr_texbat_cleanstatic" name="test_grid_roles_counts_contamination" time="0.018" /><testcase classname="tests.test_gcmr_texbat_cleanstatic" name="test_manifest_auth" time="0.002" /><testcase classname="tests.test_gcmr_texbat_cleanstatic" name="test_manifest_auth_fails_closed[missing]" time="0.002" /><testcase classname="tests.test_gcmr_texbat_cleanstatic" name="test_manifest_auth_fails_closed[empty]" time="0.002" /><testcase classname="tests.test_gcmr_texbat_cleanstatic" name="test_manifest_auth_fails_closed[before_only]" time="0.002" /><testcase classname="tests.test_gcmr_texbat_cleanstatic" name="test_manifest_auth_fails_closed[after_only]" time="0.002" /><testcase classname="tests.test_gcmr_texbat_cleanstatic" name="test_manifest_auth_fails_closed[before_mismatch]" time="0.002" /><testcase classname="tests.test_gcmr_texbat_cleanstatic" name="test_manifest_auth_fails_closed[after_mismatch]" time="0.002" /><testcase classname="tests.test_gcmr_texbat_cleanstatic" name="test_gate_prohibits_ds_until_reload_and_held" time="0.001" /><testcase classname="tests.test_gcmr_texbat_cleanstatic" name="test_pinned_hashes" time="0.001" /><testcase classname="tests.test_gcmr_texbat_cleanstatic" name="test_regions_latency_strict_and_ds4" time="0.001" /><testcase classname="tests.test_gcmr_texbat_cleanstatic" name="test_exactly_one_fit_checkpoint_threshold_no_loso_path" time="0.007" /><testcase classname="tests.test_gcmr_texbat_external" name="test_import_and_contract_are_frozen" time="0.001" /><testcase classname="tests.test_gcmr_texbat_external" name="test_adapter_has_no_fit_or_training_api_calls" time="0.006" /><testcase classname="tests.test_gcmr_texbat_external" name="test_frozen_loader_gate_uses_validated_loader_and_fixed_threshold" time="0.003" /><testcase classname="tests.test_gcmr_texbat_external" name="test_real_frozen_checkpoint_load_smoke" time="0.025" /><testcase classname="tests.test_gcmr_texbat_external" name="test_ds4_alternate_preflight_passes_without_observables" time="0.002" /><testcase classname="tests.test_gcmr_texbat_external" name="test_ds4_alternate_preflight_fails_closed" time="0.002" /><testcase classname="tests.test_gcmr_texbat_external" name="test_onset_region_boundaries_and_no_primary_contract_change" time="0.001" /><testcase classname="tests.test_gcmr_texbat_external" name="test_cache_roundtrip_and_stale_source_rejection" time="0.006" /><testcase classname="tests.test_gcmr_texbat_external" name="test_score_availability_fixed_threshold_and_external_summary_shape" time="0.001" /><testcase classname="tests.test_gcmr_texbat_external" name="test_adapter_manifest_hashes_runtime_bytes_without_embedded_expected" time="0.002" /><testcase classname="tests.test_gcmr_texbat_external" name="test_cache_reuse_rejects_changed_or_missing_adapter_provenance" time="0.004" /><testcase classname="tests.test_gcmr_texbat_external" name="test_summary_explicitly_marks_external_evaluation_and_no_fitting" time="0.002" /><testcase classname="tests.test_gcspo_access" name="test_capability_pre_post_identity_and_same_descriptor_text" time="0.043" /><testcase classname="tests.test_gcspo_access" name="test_capability_mismatch_before_exposure_and_denied_attempts" time="0.022" /><testcase classname="tests.test_gcspo_access" name="test_capability_rejects_symlink_glob_directory_and_prior_result" time="0.027" /><testcase classname="tests.test_gcspo_access" name="test_capability_detects_path_replacement_during_consume" time="0.022" /><testcase classname="tests.test_gcspo_access" name="test_authenticated_manifest_is_required_for_child_mat_nmea_xml" time="0.042" /><testcase classname="tests.test_gcspo_access" name="test_manifest_rejects_missing_or_malformed_child_identity" time="0.021" /><testcase classname="tests.test_gcspo_b0" name="test_gcspo_b0_dependency_is_explicit_without_changing_frozen_project_bytes" time="0.001" /><testcase classname="tests.test_gcspo_b0" name="test_b0_scorer_intermediates_stay_outside_canonical_artifact_root" time="0.001" /><testcase classname="tests.test_gcspo_b0" name="test_b0_runner_full_frame_has_explicit_lazy_pandas_dependency" time="0.009" /><testcase classname="tests.test_gcspo_b0" name="test_b0_role_filter_requires_wholly_contained_windows" time="0.002" /><testcase classname="tests.test_gcspo_b0" name="test_b0_scheduled_windows_are_exactly_half_open_with_boundary_epsilon_and_reuse" time="0.009" /><testcase classname="tests.test_gcspo_b0" name="test_b0_common_support_keeps_identical_windows_and_prns" time="0.004" /><testcase classname="tests.test_gcspo_b0" name="test_b0_common_support_rejects_duplicate_prn_rows" time="0.002" /><testcase classname="tests.test_gcspo_clean_contrast" name="test_clean_holdout_cell_is_authenticated_and_present_in_both_reconstruction_paths" time="0.236" /><testcase classname="tests.test_gcspo_clean_contrast" name="test_clean_holdout_cell_rejects_tamper_missing_identity_and_wrong_count" time="0.055" /><testcase classname="tests.test_gcspo_controls" name="test_every_control_level_has_frozen_stage_seed_and_reset[COMMON_GAIN-levels0-raw_q]" time="0.011" /><testcase classname="tests.test_gcspo_controls" name="test_every_control_level_has_frozen_stage_seed_and_reset[PROMPT_AMPLITUDE-levels1-raw_q]" time="0.004" /><testcase classname="tests.test_gcspo_controls" name="test_every_control_level_has_frozen_stage_seed_and_reset[CN0_METADATA_EXCLUSION_INVARIANCE-levels2-metadata_only]" time="0.003" /><testcase classname="tests.test_gcspo_controls" name="test_every_control_level_has_frozen_stage_seed_and_reset[PRN_DROP_ONLY-levels3-mask]" time="0.003" /><testcase classname="tests.test_gcspo_controls" name="test_every_control_level_has_frozen_stage_seed_and_reset[EMPIRICAL_NOISE-levels4-pre_whitening_residual]" time="0.004" /><testcase classname="tests.test_gcspo_controls" name="test_every_control_level_has_frozen_stage_seed_and_reset[ONE_PRN_DISTURBANCE-levels5-pre_whitening_residual]" time="0.003" /><testcase classname="tests.test_gcspo_controls" name="test_every_control_level_has_frozen_stage_seed_and_reset[INDEPENDENT_MULTIPATH_LIKE-levels6-pre_whitening_residual]" time="0.007" /><testcase classname="tests.test_gcspo_controls" name="test_every_control_level_has_frozen_stage_seed_and_reset[CLOCK_DRIFT-levels7-physical_state]" time="0.046" /><testcase classname="tests.test_gcspo_controls" name="test_common_gain_and_prompt_amplitude_are_actual_raw_renormalizations" time="0.002" /><testcase classname="tests.test_gcspo_controls" name="test_cn0_exclusion_is_bitwise_score_input_invariant" time="0.002" /><testcase classname="tests.test_gcspo_controls" name="test_prn_drop_and_one_prn_disturbance_preserve_identity_contract" time="0.002" /><testcase classname="tests.test_gcspo_controls" name="test_empirical_noise_mapping_is_centered_and_deterministic" time="0.003" /><testcase classname="tests.test_gcspo_controls" name="test_independent_multipath_preserves_unlisted_rows_and_has_independent_phase" time="0.003" /><testcase classname="tests.test_gcspo_controls" name="test_clock_drift_uses_physical_loading_var_once_and_reports_specificity_inputs" time="0.017" /><testcase classname="tests.test_gcspo_controls" name="test_control_block_contract_is_nonoverlap_10s_and_warmup_reset" time="0.001" /><testcase classname="tests.test_gcspo_controls" name="test_control_grid_executes_every_block_level_and_records_alarm_fields" time="0.718" /><testcase classname="tests.test_gcspo_evaluator" name="test_phase_containment_and_missing_slot_breaks_persistence" time="0.001" /><testcase classname="tests.test_gcspo_evaluator" name="test_exact_contrast_support_includes_event_epoch_prn_identity" time="0.001" /><testcase classname="tests.test_gcspo_evaluator" name="test_exact_contrast_support_excludes_unequal_actual_epochs_and_rejects_duplicates" time="0.001" /><testcase classname="tests.test_gcspo_evaluator" name="test_method_rows_preserve_native_geometry_and_continuous_prn_support" time="0.001" /><testcase classname="tests.test_gcspo_evaluator" name="test_balanced_pauc_makes_ds7_ds8_one_cell_and_excludes_replay" time="0.001" /><testcase classname="tests.test_gcspo_evaluator" name="test_ds7_ds8_hierarchical_weights_balance_members_not_row_counts" time="0.001" /><testcase classname="tests.test_gcspo_evaluator" name="test_ds7_ds8_one_available_member_duplicate_rows_are_invariant_and_missing_member_fails" time="0.002" /><testcase classname="tests.test_gcspo_evaluator" name="test_bootstrap_is_real_2000_replicates_nextafter_and_family_coupled" time="0.924" /><testcase classname="tests.test_gcspo_evaluator" name="test_relation_destructions_are_executed_and_preserve_frozen_marginals" time="0.002" /><testcase classname="tests.test_gcspo_evaluator" name="test_all_six_gates_are_computed_from_numeric_evidence" time="0.001" /><testcase classname="tests.test_gcspo_evaluator" name="test_delivered_evaluator_contains_no_placeholder_bootstrap_or_literal_gate_failures" time="0.001" /><testcase classname="tests.test_gcspo_freeze" name="test_exact_once_marker_is_atomic_and_has_one_concurrent_claimant" time="0.027" /><testcase classname="tests.test_gcspo_freeze" name="test_malformed_freeze_or_manifest_never_consumes_marker" time="0.001" /><testcase classname="tests.test_gcspo_freeze" name="test_live_remote_sha_not_stale_tracking_ref_and_exact_sync_required" time="0.001" /><testcase classname="tests.test_gcspo_freeze" name="test_live_remote_requires_full_status_and_rejects_runtime_relevant_ignored[?? src/pkg/shadow.py\n--False]" time="0.002" /><testcase classname="tests.test_gcspo_freeze" name="test_live_remote_requires_full_status_and_rejects_runtime_relevant_ignored[?? config.local.json\n--False]" time="0.002" /><testcase classname="tests.test_gcspo_freeze" name="test_live_remote_requires_full_status_and_rejects_runtime_relevant_ignored[?? notes.txt\n--False]" time="0.002" /><testcase classname="tests.test_gcspo_freeze" name="test_live_remote_requires_full_status_and_rejects_runtime_relevant_ignored[A  tracked.py\n--False]" time="0.002" /><testcase classname="tests.test_gcspo_freeze" name="test_live_remote_requires_full_status_and_rejects_runtime_relevant_ignored[ M tracked.py\n--False]" time="0.002" /><testcase classname="tests.test_gcspo_freeze" name="test_live_remote_requires_full_status_and_rejects_runtime_relevant_ignored[-!! src/pkg/shadow.py\n-False]" time="0.002" /><testcase classname="tests.test_gcspo_freeze" name="test_live_remote_requires_full_status_and_rejects_runtime_relevant_ignored[-!! config.runtime.json\n-False]" time="0.002" /><testcase classname="tests.test_gcspo_freeze" name="test_live_remote_requires_full_status_and_rejects_runtime_relevant_ignored[-!! artifacts/gcspo_stage0_static_rerun/clean_only_report.json\n-True]" time="0.002" /><testcase classname="tests.test_gcspo_freeze" name="test_live_remote_requires_full_status_and_rejects_runtime_relevant_ignored[--True]" time="0.002" /><testcase classname="tests.test_gcspo_freeze" name="test_freeze_binds_ignored_science_bytes_and_rejects_mutation" time="0.002" /><testcase classname="tests.test_gcspo_freeze" name="test_inventory_missing_authenticated_manifest_size_is_preaccess_invalid" time="0.001" /><testcase classname="tests.test_gcspo_identity" name="test_channel_handoff_is_not_merged_at_same_epoch_prn" time="0.001" /><testcase classname="tests.test_gcspo_identity" name="test_reacquisition_identity_breaks_causal_history_even_without_epoch_gap" time="0.001" /><testcase classname="tests.test_gcspo_identity" name="test_channel_change_breaks_history_and_never_bridges_to_same_prn" time="0.001" /><testcase classname="tests.test_gcspo_identity" name="test_real_role_history_groups_channel_segment_and_rejects_simultaneous_prn_alias" time="0.001" /><testcase classname="tests.test_gcspo_independent_review_repairs" name="test_committed_preaccess_capabilities_validate_before_claim_and_keep_unavailable_optional" time="0.014" /><testcase classname="tests.test_gcspo_independent_review_repairs" name="test_committed_clean_contrast_count_is_bound_preaccess_and_tamper_fails" time="1.645" /><testcase classname="tests.test_gcspo_independent_review_repairs" name="test_protected_b0_is_integrated_on_exact_full_epoch_prn_support" time="0.002" /><testcase classname="tests.test_gcspo_independent_review_repairs" name="test_final_packaging_keeps_authenticated_clean_inputs_and_relation_reconstruction_matches" time="0.104" /><testcase classname="tests.test_gcspo_independent_review_repairs" name="test_a5_reacquisition_forms_independent_segments_and_preserves_actual_support" time="0.086" /><testcase classname="tests.test_gcspo_independent_review_repairs" name="test_committed_reproduction_manifests_are_self_authenticating_and_verifier_consumed" time="0.353" /><testcase classname="tests.test_gcspo_independent_review_repairs" name="test_repair_freeze_candidate_targets_immutable_parent_and_cannot_authorize_access" time="0.002" /><testcase classname="tests.test_gcspo_prefreeze_repairs" name="test_rerun_artifact_and_branch_isolation_keeps_legacy_tree_immutable" time="0.002" /><testcase classname="tests.test_gcspo_prefreeze_repairs" name="test_normalization_epsilon_uses_only_train_fit_not_guard_or_validation" time="0.128" /><testcase classname="tests.test_gcspo_prefreeze_repairs" name="test_signed_epl_coordinates_and_equal_norm_directions_reach_full_observer" time="0.427" /><testcase classname="tests.test_gcspo_prefreeze_repairs" name="test_end_to_end_synthetic_recovery_is_fail_closed_for_sign_units_and_rank" time="0.919" /><testcase classname="tests.test_gcspo_prefreeze_repairs" name="test_half_open_real_scorer_excludes_phase_endpoint" time="0.001" /><testcase classname="tests.test_gcspo_prefreeze_repairs" name="test_scenario_relation_policy_and_single_class_score_loss_contrast" time="0.109" /><testcase classname="tests.test_gcspo_prefreeze_repairs" name="test_b0_protected_exact_support_adapter_executes_without_entering_full_design" time="0.006" /><testcase classname="tests.test_gcspo_prefreeze_repairs" name="test_capability_sidecar_schema_binds_source_children_and_timeline" time="0.002" /><testcase classname="tests.test_gcspo_prefreeze_repairs" name="test_evaluator_has_no_hardcoded_validated_rows_or_placeholder_availability" time="0.001" /><testcase classname="tests.test_gcspo_prefreeze_repairs" name="test_canonical_json_rejects_nan_and_clean_ready_requires_recovery_proof" time="0.002" /><testcase classname="tests.test_gcspo_protected" name="test_phase_rows_require_window_and_availability_inside_half_open_phase" time="0.001" /><testcase classname="tests.test_gcspo_protected" name="test_reconstruct_normal_model_preserves_frozen_arrays" time="0.002" /><testcase classname="tests.test_gcspo_protected" name="test_science_verdict_is_no_go_when_any_mandatory_gate_fails" time="0.001" /><testcase classname="tests.test_gcspo_protected" name="test_protected_tracking_loader_uses_manifest_capabilities_and_keeps_channel" time="0.066" /><testcase classname="tests.test_gcspo_protected" name="test_protected_loader_integer_bins_multiple_rows_and_boundary_samples" time="0.002" /><testcase classname="tests.test_gcspo_protected" name="test_protected_loader_rejects_exact_duplicate_identity_before_segmenting" time="0.001" /><testcase classname="tests.test_gcspo_round3_freeze_repairs" name="test_sidecar_size_mismatch_fails_before_claim_ledger_or_child_read" time="0.002" /><testcase classname="tests.test_gcspo_round3_freeze_repairs" name="test_registered_child_replacement_is_rejected_preclaim_even_when_bytes_match" time="0.002" /><testcase classname="tests.test_gcspo_round3_freeze_repairs" name="test_child_toctou_between_precheck_and_open_closes_claim_without_science" time="0.022" /><testcase classname="tests.test_gcspo_round3_freeze_repairs" name="test_protected_b0_rejects_empty_partial_duplicate_missing_and_unsupported_support" time="0.002" /><testcase classname="tests.test_gcspo_round3_freeze_repairs" name="test_protected_b0_exact_support_succeeds_and_all_mandatory_methods_are_nonempty" time="0.002" /><testcase classname="tests.test_gcspo_round3_freeze_repairs" name="test_protected_b0_builder_rejects_non_access_gate_even_with_synthetic_rows" time="0.001" /><testcase classname="tests.test_gcspo_round3_freeze_repairs" name="test_reconstruction_rejects_missing_mandatory_ds7_relation_evidence" time="0.063" /><testcase classname="tests.test_gcspo_round3_freeze_repairs" name="test_final_evidence_validation_cannot_package_missing_relation_as_valid_no_go" time="0.001" /><testcase classname="tests.test_gcspo_round3_freeze_repairs" name="test_a5_exact_reviewer_negative_mode_cpu_cuda_parity" time="0.125" /><testcase classname="tests.test_gcspo_round3_freeze_repairs" name="test_a5_cpu_cuda_near_zero_and_rank_boundary_parity[-5e-16]" time="0.003" /><testcase classname="tests.test_gcspo_round3_freeze_repairs" name="test_a5_cpu_cuda_near_zero_and_rank_boundary_parity[0.0]" time="0.003" /><testcase classname="tests.test_gcspo_round3_freeze_repairs" name="test_a5_cpu_cuda_near_zero_and_rank_boundary_parity[5e-16]" time="0.002" /><testcase classname="tests.test_gcspo_round3_freeze_repairs" name="test_a5_cpu_cuda_near_zero_and_rank_boundary_parity[5e-10]" time="0.003" /><testcase classname="tests.test_gcspo_round3_freeze_repairs" name="test_a5_materially_negative_rss_fails_closed_on_both_backends" time="0.002" /><testcase classname="tests.test_gcspo_round3_freeze_repairs" name="test_a5_scale_aware_roundoff_rss_is_nonnegative_and_backend_identical[-1e-15]" time="0.003" /><testcase classname="tests.test_gcspo_round3_freeze_repairs" name="test_a5_scale_aware_roundoff_rss_is_nonnegative_and_backend_identical[1e-15]" time="0.003" /><testcase classname="tests.test_gcspo_round3_freeze_repairs" name="test_reproduction_evidence_authenticates_two_distinct_durable_executions" time="0.276" /><testcase classname="tests.test_gcspo_round3_freeze_repairs" name="test_runtime_hygiene_marks_all_generated_residue_relevant[.pytest_cache/]" time="0.001" /><testcase classname="tests.test_gcspo_round3_freeze_repairs" name="test_runtime_hygiene_marks_all_generated_residue_relevant[tests/__pycache__/]" time="0.001" /><testcase classname="tests.test_gcspo_round3_freeze_repairs" name="test_runtime_hygiene_marks_all_generated_residue_relevant[src/gnss_doppler_lab/cache.pyc]" time="0.001" /><testcase classname="tests.test_gcspo_round3_freeze_repairs" name="test_runtime_hygiene_marks_all_generated_residue_relevant[iq.bin.synthetic.tmp]" time="0.001" /><testcase classname="tests.test_gcspo_round4_freeze_repairs" name="test_consumer_receives_authenticated_snapshot_not_mutated_live_descriptor" time="0.036" /><testcase classname="tests.test_gcspo_round4_freeze_repairs" name="test_mutation_during_snapshot_acquisition_fails_without_consumer_success" time="0.042" /><testcase classname="tests.test_gcspo_round4_freeze_repairs" name="test_review_candidate_rows_are_bound_to_declared_git_target_tree[target_differs]" time="0.024" /><testcase classname="tests.test_gcspo_round4_freeze_repairs" name="test_review_candidate_rows_are_bound_to_declared_git_target_tree[target_lacks_row]" time="0.025" /><testcase classname="tests.test_gcspo_round4_freeze_repairs" name="test_review_wrapper_parent_must_equal_manifest_target" time="0.058" /><testcase classname="tests.test_gcspo_round4_freeze_repairs" name="test_causal_provenance_and_full_workload_cpu_cuda_parity_pass_synthetic" time="0.122" /><testcase classname="tests.test_gcspo_round4_freeze_repairs" name="test_causal_provenance_rejects_tamper_copy_and_incomplete_cases[duplicate_nonce]" time="0.111" /><testcase classname="tests.test_gcspo_round4_freeze_repairs" name="test_causal_provenance_rejects_tamper_copy_and_incomplete_cases[same_process_identity]" time="0.107" /><testcase classname="tests.test_gcspo_round4_freeze_repairs" name="test_causal_provenance_rejects_tamper_copy_and_incomplete_cases[missing_prepared]" time="0.111" /><testcase classname="tests.test_gcspo_round4_freeze_repairs" name="test_causal_provenance_rejects_tamper_copy_and_incomplete_cases[missing_completed]" time="0.110" /><testcase classname="tests.test_gcspo_round4_freeze_repairs" name="test_causal_provenance_rejects_tamper_copy_and_incomplete_cases[modified_transcript]" time="0.109" /><testcase classname="tests.test_gcspo_round4_freeze_repairs" name="test_causal_provenance_rejects_tamper_copy_and_incomplete_cases[nonzero_exit]" time="0.110" /><testcase classname="tests.test_gcspo_round4_freeze_repairs" name="test_causal_provenance_rejects_tamper_copy_and_incomplete_cases[preexisting_output]" time="0.026" /><testcase classname="tests.test_gcspo_round4_freeze_repairs" name="test_causal_provenance_rejects_tamper_copy_and_incomplete_cases[source_mismatch]" time="0.110" /><testcase classname="tests.test_gcspo_round4_freeze_repairs" name="test_remote_precondition_requires_symbolic_branch_and_exact_ahead_behind" time="0.002" /><testcase classname="tests.test_gcspo_round4_run_repair" name="test_one_worker_a5_scoring_runs_in_launch_process_without_pool" time="0.003" /><testcase classname="tests.test_gcspo_round4_run_repair" name="test_cuda_backend_is_initialized_and_attested_before_workload" time="0.003" /><testcase classname="tests.test_gcspo_round4_run_repair" name="test_causal_launcher_preserves_virtualenv_symlink_path" time="0.003" /><testcase classname="tests.test_gcspo_round4_run_repair" name="test_explicit_cpu_uses_same_torch_float64_algorithm_as_explicit_cuda" time="0.008" /><testcase classname="tests.test_gcspo_stage0" name="test_causal_20ms_aggregation_and_right_endpoint" time="0.001" /><testcase classname="tests.test_gcspo_stage0" name="test_exact_duplicate_scientific_rows_are_fatal" time="0.001" /><testcase classname="tests.test_gcspo_stage0" name="test_roles_are_half_open_disjoint_and_windows_cannot_cross" time="0.001" /><testcase classname="tests.test_gcspo_stage0" name="test_shared_var_is_causal_shared_and_resets_history" time="0.002" /><testcase classname="tests.test_gcspo_stage0" name="test_whitener_is_train_only_symmetric_and_sign_preserving" time="0.012" /><testcase classname="tests.test_gcspo_stage0" name="test_gamma_is_fit_in_z_coordinates_and_common_covariance_is_shared" time="0.002" /><testcase classname="tests.test_gcspo_stage0" name="test_geometry_rank_condition_and_variable_prn_count" time="0.001" /><testcase classname="tests.test_gcspo_stage0" name="test_physical_loading_uses_frozen_units_signs_and_zero_epl_rows" time="0.001" /><testcase classname="tests.test_gcspo_stage0" name="test_unverified_physical_loading_is_exactly_zero" time="0.001" /><testcase classname="tests.test_gcspo_stage0" name="test_var_transfer_is_applied_exactly_once_with_zero_prehistory" time="0.001" /><testcase classname="tests.test_gcspo_stage0" name="test_normalized_constant_velocity_prior_has_no_cross_window_edge" time="0.001" /><testcase classname="tests.test_gcspo_stage0" name="test_map_score_is_observation_gain_minus_exactly_one_edf_bic_penalty" time="0.001" /><testcase classname="tests.test_gcspo_stage0" name="test_a1_pooling_is_prn_permutation_invariant" time="0.001" /><testcase classname="tests.test_gcspo_stage0" name="test_empirical_threshold_is_nearest_rank_and_alarm_is_strict" time="0.001" /><testcase classname="tests.test_gcspo_stage0" name="test_persistence_is_causal_three_of_five_and_missing_breaks_run" time="0.001" /><testcase classname="tests.test_gcspo_stage0" name="test_common_support_removes_unavailable_rows_from_every_method" time="0.001" /><testcase classname="tests.test_gcspo_stage0" name="test_los_shuffle_preserves_los_rows_and_deranges_identity" time="0.001" /><testcase classname="tests.test_gcspo_stage0" name="test_temporal_desynchronization_preserves_each_prn_vector_norm_and_energy" time="0.002" /><testcase classname="tests.test_gcspo_stage0" name="test_content_rng_seed_matches_frozen_sha256_encoding" time="0.001" /><testcase classname="tests.test_gcspo_stage0" name="test_weighted_low_fpr_pauc_groups_ties_and_balances_cells" time="0.001" /><testcase classname="tests.test_gcspo_stage0" name="test_bootstrap_endpoint_assignment_and_nearest_rank_percentiles" time="0.001" /><testcase classname="tests.test_gcspo_stage0" name="test_ds7_ds8_are_one_family_in_frozen_preregistration" time="0.001" /><testcase classname="tests.test_gcspo_stage0" name="test_protected_gate_rejects_before_complete_freeze_and_exact_remote_sync" time="0.017" /><testcase classname="tests.test_gcspo_stage0" name="test_access_gate_rejects_directories_globs_and_prior_results" time="0.023" /><testcase classname="tests.test_gcspo_stage0" name="test_frozen_files_have_contract_sha256" time="0.002" /><testcase classname="tests.test_gcspo_stage0" name="test_receiver_semantic_preflight_is_source_hash_bound_and_proves_requested_rows" time="0.106" /><testcase classname="tests.test_gcspo_stage0" name="test_manifest_is_sorted_recursive_and_excludes_only_contract_cycle" time="0.005" /><testcase classname="tests.test_gcspo_stage0" name="test_valid_manifest_packaging_keeps_authenticated_clean_science_and_quarantines_scratch" time="0.027" /><testcase classname="tests.test_gcspo_stage0" name="test_invalid_run_exact_set_has_zero_attack_access_and_no_verdict" time="0.026" /><testcase classname="tests.test_gcspo_stage0" name="test_preaccess_invalid_cannot_erase_a_started_access_ledger" time="0.002" /><testcase classname="tests.test_gcspo_stage0" name="test_preaccess_failure_handler_writes_exact_invalid_without_running_protected" time="0.032" /><testcase classname="tests.test_gcspo_stage0" name="test_poststart_failure_quarantines_verdict_and_preserves_access_ledger" time="0.002" /><testcase classname="tests.test_gcspo_stage0" name="test_signed_q_normalization_uses_train_epsilon_and_excludes_duplicate_fields" time="0.001" /><testcase classname="tests.test_gcspo_stage0" name="test_causal_history_builder_resets_on_gap_and_role_boundary" time="0.001" /><testcase classname="tests.test_gcspo_stage0" name="test_clean_ridge_selection_uses_validation_and_larger_relative_tie" time="0.001" /><testcase classname="tests.test_gcspo_stage0" name="test_frozen_window_endpoints_are_right_end_anchored_and_contained" time="0.001" /><testcase classname="tests.test_gcspo_stage0" name="test_a2_loading_has_frozen_sign_and_rejects_no_eigengap" time="0.002" /><testcase classname="tests.test_gcspo_stage0" name="test_a2_scalar_prior_is_exact_first_difference_precision" time="0.001" /><testcase classname="tests.test_gcspo_stage0" name="test_a5_prior_is_block_independent_and_resets_each_prn_segment" time="0.002" /><testcase classname="tests.test_gcspo_stage0" name="test_a5_loading_uses_normalized_range_and_rate_scales" time="0.001" /><testcase classname="tests.test_gcspo_transfer" name="test_transfer_oracle_50_epoch_impulse_ramp_and_exactly_once" time="0.022" /><testcase classname="tests.test_gcspo_transfer" name="test_transfer_rejects_source_hash_and_var_mutations" time="0.039" /><testcase classname="tests.test_gcspo_transfer" name="test_transfer_rejects_equation_cadence_sign_and_loop_mutations[dll_nc_e_minus_l_normalized-dll_mutated-equation]" time="0.020" /><testcase classname="tests.test_gcspo_transfer" name="test_transfer_rejects_equation_cadence_sign_and_loop_mutations[d_correlation_length_ms = 1-d_correlation_length_ms = 2-cadence]" time="0.021" /><testcase classname="tests.test_gcspo_transfer" name="test_transfer_rejects_equation_cadence_sign_and_loop_mutations[pll_cloop_two_quadrant_atan(d_P_accu) / TWO_PI--pll_cloop_two_quadrant_atan(d_P_accu) / TWO_PI-sign]" time="0.021" /><testcase classname="tests.test_gcspo_transfer" name="test_transfer_rejects_equation_cadence_sign_and_loop_mutations[d_carrier_doppler_hz = d_carr_error_filt_hz-d_carrier_doppler_hz = -d_carr_error_filt_hz-loop_path]" time="0.021" /><testcase classname="tests.test_gcspo_transfer" name="test_transfer_wrap_boundary_mutation_fails" time="0.020" /><testcase classname="tests.test_gcspo_transfer" name="test_method_availability_fails_closed_by_physical_family" time="0.001" /><testcase classname="tests.test_gcspo_verifier" name="test_final_required_set_matches_frozen_contract_exactly" time="0.001" /><testcase classname="tests.test_gcspo_verifier" name="test_delivered_runners_use_contract_allowed_implementation_manifest_name" time="0.001" /><testcase classname="tests.test_gcspo_verifier" name="test_clean_ready_report_does_not_require_final_manifest" time="0.002" /><testcase classname="tests.test_gcspo_verifier" name="test_clean_ready_verifier_requires_all_methods_and_zero_access" time="0.008" /><testcase classname="tests.test_gcspo_verifier" name="test_final_verifier_rejects_manifest_or_access_count_mismatch" time="0.023" /><testcase classname="tests.test_gcspo_verifier" name="test_access_ledger_reconstruction_rejects_unpaired_or_tampered_records" time="0.001" /><testcase classname="tests.test_gcspo_verifier" name="test_access_ledger_rejects_missing_non_utc_reordered_counter_run_path_and_forged_minimal" time="0.002" /><testcase classname="tests.test_gcspo_verifier" name="test_verifier_recomputes_gates_and_rejects_placeholder_or_semantic_mutation" time="0.001" /><testcase classname="tests.test_gcspo_verifier" name="test_fresh_clone_helper_clones_local_remote_and_checks_exact_commit" time="0.037" /><testcase classname="tests.test_gnss_sdr" name="test_render_receiver_config_matches_s8_complex_baseband" time="0.002" /><testcase classname="tests.test_gnss_sdr" name="test_parse_acquired_prns_preserves_order_and_deduplicates_gps_ids" time="0.001" /><testcase classname="tests.test_gnss_sdr" name="test_parse_acquired_prns_handles_interleaved_split_tracking_start" time="0.001" /><testcase classname="tests.test_gnss_sdr" name="test_parse_acquired_prns_does_not_treat_nav_messages_as_acquisition" time="0.001" /><testcase classname="tests.test_gnss_sdr" name="test_parse_acquired_prns_handles_two_interleaved_starts_on_one_line" time="0.001" /><testcase classname="tests.test_gnss_sdr" name="test_parse_receiver_reported_prns_includes_bit_sync_and_nav_evidence" time="0.001" /><testcase classname="tests.test_gnss_sdr" name="test_export_tracking_csv_preserves_prn_time_doppler_and_summary" time="0.013" /><testcase classname="tests.test_gnss_sdr" name="test_export_tracking_csv_skips_zero_byte_dump_converter_sentinel" time="0.011" /><testcase classname="tests.test_gnss_sdr" name="test_run_receiver_creates_reproducible_run_artifacts" time="0.008" /><testcase classname="tests.test_gnss_sdr" name="test_render_receiver_config_allows_configurable_tracking_tap_count" time="0.002" /><testcase classname="tests.test_gnss_sdr" name="test_render_receiver_config_rejects_unsupported_tracking_tap_count" time="0.001" /><testcase classname="tests.test_iq_visualization" name="test_load_s8_iq_decodes_interleaved_signed_samples" time="0.002" /><testcase classname="tests.test_iq_visualization" name="test_load_s8_iq_rejects_odd_byte_count" time="0.002" /><testcase classname="tests.test_iq_visualization" name="test_summarize_iq_reports_signal_statistics" time="0.001" /><testcase classname="tests.test_iq_visualization" name="test_render_iq_dashboard_writes_png" time="1.104" /><testcase classname="tests.test_normal_multi_prn_dataset" name="test_export_normal_multi_prn_dataset_writes_node_and_graph_tables" time="0.012" /><testcase classname="tests.test_normal_multi_prn_dataset" name="test_export_normal_multi_prn_dataset_rejects_bad_inputs" time="0.004" /><testcase classname="tests.test_normal_multi_prn_dataset" name="test_export_tap_multi_prn_dataset_accepts_real_nine_tap_feature_csv" time="0.011" /><testcase classname="tests.test_normal_multi_prn_dataset" name="test_export_tap_multi_prn_dataset_rejects_three_tap_claim" time="0.002" /><testcase classname="tests.test_normal_multi_prn_dataset" name="test_export_tap_multi_prn_dataset_adds_receiver_relative_relation_contrast_features" time="0.004" /><testcase classname="tests.test_normal_multi_prn_dataset" name="test_export_tap_multi_prn_dataset_adds_recent_temporal_relation_delta" time="0.022" /><testcase classname="tests.test_oakbat_9tap_detection_pipeline" name="test_receiver_config_is_exact_oakbat_5mhz_method_a_contract" time="0.009" /><testcase classname="tests.test_oakbat_9tap_detection_pipeline" name="test_iq_validation_requires_exact_480_second_interleaved_int16_size" time="0.008" /><testcase classname="tests.test_oakbat_9tap_detection_pipeline" name="test_scenarios_and_manifest_are_oakbat_frozen_evaluation_contract" time="0.008" /><testcase classname="tests.test_oakbat_9tap_detection_pipeline" name="test_receiver_cache_fails_closed_on_stale_provenance_or_incomplete_outputs[iq_path]" time="0.017" /><testcase classname="tests.test_oakbat_9tap_detection_pipeline" name="test_receiver_cache_fails_closed_on_stale_provenance_or_incomplete_outputs[iq_size]" time="0.016" /><testcase classname="tests.test_oakbat_9tap_detection_pipeline" name="test_receiver_cache_fails_closed_on_stale_provenance_or_incomplete_outputs[iq_sha]" time="0.016" /><testcase classname="tests.test_oakbat_9tap_detection_pipeline" name="test_receiver_cache_fails_closed_on_stale_provenance_or_incomplete_outputs[available_items]" time="0.017" /><testcase classname="tests.test_oakbat_9tap_detection_pipeline" name="test_receiver_cache_fails_closed_on_stale_provenance_or_incomplete_outputs[configured_samples]" time="0.016" /><testcase classname="tests.test_oakbat_9tap_detection_pipeline" name="test_receiver_cache_fails_closed_on_stale_provenance_or_incomplete_outputs[config_sha]" time="0.016" /><testcase classname="tests.test_oakbat_9tap_detection_pipeline" name="test_receiver_cache_fails_closed_on_stale_provenance_or_incomplete_outputs[tap]" time="0.016" /><testcase classname="tests.test_oakbat_9tap_detection_pipeline" name="test_receiver_cache_fails_closed_on_stale_provenance_or_incomplete_outputs[exe_sha]" time="0.016" /><testcase classname="tests.test_oakbat_9tap_detection_pipeline" name="test_receiver_cache_fails_closed_on_stale_provenance_or_incomplete_outputs[output]" time="0.013" /><testcase classname="tests.test_oakbat_9tap_detection_pipeline" name="test_receiver_cache_rejects_explicit_full_boundary_sample_config" time="0.013" /><testcase classname="tests.test_oakbat_9tap_detection_pipeline" name="test_feature_cache_validates_receiver_relationship_schema_hash_and_finiteness" time="0.023" /><testcase classname="tests.test_oakbat_9tap_detection_pipeline" name="test_default_scenarios_include_clean_static_negative_control" time="0.008" /><testcase classname="tests.test_oakbat_9tap_detection_pipeline" name="test_top_manifest_contains_frozen_contract_and_artifact_hashes" time="0.009" /><testcase classname="tests.test_oakbat_9tap_detection_pipeline" name="test_feature_cache_rejects_hash_consistent_but_wrong_node_schema" time="0.024" /><testcase classname="tests.test_oakbat_9tap_detection_pipeline" name="test_receiver_streams_log_and_writes_failure_metadata_on_nonzero" time="0.064" /><testcase classname="tests.test_oakbat_9tap_detection_pipeline" name="test_receiver_rejects_iq_changed_during_execution" time="0.103" /><testcase classname="tests.test_oakbat_9tap_detection_pipeline" name="test_output_space_preflight_enforces_configurable_floor_and_estimate" time="0.008" /><testcase classname="tests.test_oakbat_9tap_detection_pipeline" name="test_timing_contract_is_explicit_in_feature_and_top_provenance" time="0.008" /><testcase classname="tests.test_oakbat_9tap_detection_pipeline" name="test_receiver_cache_contract_uses_supplied_iq_identity_without_rehash" time="0.016" /><testcase classname="tests.test_oakbat_9tap_detection_pipeline" name="test_receiver_rejects_iq_changed_during_tracking_export" time="0.083" /><testcase classname="tests.test_oakbat_9tap_detection_pipeline" name="test_version_probe_failures_write_metadata[timeout]" time="0.010" /><testcase classname="tests.test_oakbat_9tap_detection_pipeline" name="test_version_probe_failures_write_metadata[nonzero]" time="0.009" /><testcase classname="tests.test_oakbat_9tap_detection_pipeline" name="test_tracking_export_exception_writes_failure_metadata" time="0.071" /><testcase classname="tests.test_oakbat_9tap_detection_pipeline" name="test_pipeline_path_defaults_are_rooted_and_explicit_paths_remain_accepted" time="0.011" /><testcase classname="tests.test_oakbat_9tap_detection_pipeline" name="test_pipeline_help_invocation_works_outside_repository" time="1.570" /><testcase classname="tests.test_oakbat_9tap_detection_pipeline" name="test_receiver_source_provenance_distinguishes_available_expected_and_configured_samples" time="0.014" /><testcase classname="tests.test_oakbat_9tap_detection_pipeline" name="test_full_receiver_coverage_rejects_240_seconds_and_accepts_small_tail" time="0.013" /><testcase classname="tests.test_oakbat_9tap_detection_pipeline" name="test_receiver_coverage_rejects_invalid_prns_and_rows" time="0.009" /><testcase classname="tests.test_oakbat_9tap_detection_pipeline" name="test_incomplete_coverage_writes_structured_failure_and_no_complete_manifest" time="0.075" /><testcase classname="tests.test_oakbat_9tap_detection_pipeline" name="test_receiver_cache_rejects_manifest_coverage_claim_and_artifact_tampering" time="0.016" /><testcase classname="tests.test_oakbat_9tap_detection_pipeline" name="test_raw_feature_schema_uses_window_bounds_while_node_schema_keeps_window_bin" time="0.010" /><testcase classname="tests.test_oakbat_9tap_detection_pipeline" name="test_feature_use_reauthenticates_receiver_full_coverage" time="0.021" /><testcase classname="tests.test_oakbat_9tap_detection_pipeline" name="test_force_features_rebuilds_partial_failed_feature_file" time="0.024" /><testcase classname="tests.test_peak_floor_contract" name="test_contract_dimensions_alignment_mask_and_scaler_padding" time="0.085" /><testcase classname="tests.test_peak_floor_contract" name="test_split_before_pairs_no_boundary_or_gap_crossing_and_full_support_available_time" time="0.185" /><testcase classname="tests.test_peak_floor_contract" name="test_clean_only_rejects_attack" time="0.005" /><testcase classname="tests.test_peak_floor_contract" name="test_clean_static_contract_rejects_non_static_or_substring_labels[cleanDynamic]" time="0.008" /><testcase classname="tests.test_peak_floor_contract" name="test_clean_static_contract_rejects_non_static_or_substring_labels[unclean]" time="0.008" /><testcase classname="tests.test_peak_floor_contract" name="test_clean_static_contract_rejects_non_static_or_substring_labels[not_clean]" time="0.008" /><testcase classname="tests.test_peak_floor_contract" name="test_clean_static_contract_rejects_non_static_or_substring_labels[jammed]" time="0.008" /><testcase classname="tests.test_peak_floor_contract" name="test_clean_static_contract_rejects_non_static_or_substring_labels[cleanStatic_attack]" time="0.008" /><testcase classname="tests.test_peak_floor_contract" name="test_clean_static_contract_rejects_non_static_or_substring_labels[cleanStaticFoo]" time="0.008" /><testcase classname="tests.test_peak_floor_contract" name="test_clean_static_contract_requires_source_identity" time="0.004" /><testcase classname="tests.test_peak_floor_contract" name="test_clean_static_contract_rejects_missing_values_in_required_rows" time="0.016" /><testcase classname="tests.test_peak_floor_contract" name="test_causal_pair_exposes_true_full_support_start" time="0.079" /><testcase classname="tests.test_peak_floor_contrastive_predictive" name="test_predictive_pairs_use_only_past_context_and_future_endpoint" time="0.005"><failure message="FileNotFoundError: [Errno 2] No such file or directory: '/home/ubuntu/projects/gnss-doppler-gcspo-stage0-static-rerun/scripts/train_peak_floor_temporal_autoencoder.py'">def test_predictive_pairs_use_only_past_context_and_future_endpoint():
&gt;       m = load_module()
            ^^^^^^^^^^^^^

tests/test_peak_floor_contrastive_predictive.py:56: 
_ _ _ _ _ _ _ _ _ _ _ _ _ _ _ _ _ _ _ _ _ _ _ _ _ _ _ _ _ _ _ _ _ _ _ _ _ _ _ _ 
tests/test_peak_floor_contrastive_predictive.py:22: in load_module
    spec.loader.exec_module(module)
&lt;frozen importlib._bootstrap_external&gt;:995: in exec_module
    ???
&lt;frozen importlib._bootstrap&gt;:488: in _call_with_frames_removed
    ???
scripts/train_peak_floor_contrastive_predictive.py:34: in &lt;module&gt;
    _spec.loader.exec_module(_base)
&lt;frozen importlib._bootstrap_external&gt;:991: in exec_module
    ???
&lt;frozen importlib._bootstrap_external&gt;:1128: in get_code
    ???
_ _ _ _ _ _ _ _ _ _ _ _ _ _ _ _ _ _ _ _ _ _ _ _ _ _ _ _ _ _ _ _ _ _ _ _ _ _ _ _ 

self = &lt;_frozen_importlib_external.SourceFileLoader object at 0x73bb9122e9f0&gt;
path = '/home/ubuntu/projects/gnss-doppler-gcspo-stage0-static-rerun/scripts/train_peak_floor_temporal_autoencoder.py'

&gt;   ???
E   FileNotFoundError: [Errno 2] No such file or directory: '/home/ubuntu/projects/gnss-doppler-gcspo-stage0-static-rerun/scripts/train_peak_floor_temporal_autoencoder.py'

&lt;frozen importlib._bootstrap_external&gt;:1186: FileNotFoundError</failure></testcase><testcase classname="tests.test_peak_floor_contrastive_predictive" name="test_info_nce_prefers_correct_future_pairing" time="0.005"><failure message="FileNotFoundError: [Errno 2] No such file or directory: '/home/ubuntu/projects/gnss-doppler-gcspo-stage0-static-rerun/scripts/train_peak_floor_temporal_autoencoder.py'">def test_info_nce_prefers_correct_future_pairing():
&gt;       m = load_module()
            ^^^^^^^^^^^^^

tests/test_peak_floor_contrastive_predictive.py:67: 
_ _ _ _ _ _ _ _ _ _ _ _ _ _ _ _ _ _ _ _ _ _ _ _ _ _ _ _ _ _ _ _ _ _ _ _ _ _ _ _ 
tests/test_peak_floor_contrastive_predictive.py:22: in load_module
    spec.loader.exec_module(module)
&lt;frozen importlib._bootstrap_external&gt;:995: in exec_module
    ???
&lt;frozen importlib._bootstrap&gt;:488: in _call_with_frames_removed
    ???
scripts/train_peak_floor_contrastive_predictive.py:34: in &lt;module&gt;
    _spec.loader.exec_module(_base)
&lt;frozen importlib._bootstrap_external&gt;:991: in exec_module
    ???
&lt;frozen importlib._bootstrap_external&gt;:1128: in get_code
    ???
_ _ _ _ _ _ _ _ _ _ _ _ _ _ _ _ _ _ _ _ _ _ _ _ _ _ _ _ _ _ _ _ _ _ _ _ _ _ _ _ 

self = &lt;_frozen_importlib_external.SourceFileLoader object at 0x73bb8b52fb30&gt;
path = '/home/ubuntu/projects/gnss-doppler-gcspo-stage0-static-rerun/scripts/train_peak_floor_temporal_autoencoder.py'

&gt;   ???
E   FileNotFoundError: [Errno 2] No such file or directory: '/home/ubuntu/projects/gnss-doppler-gcspo-stage0-static-rerun/scripts/train_peak_floor_temporal_autoencoder.py'

&lt;frozen importlib._bootstrap_external&gt;:1186: FileNotFoundError</failure></testcase><testcase classname="tests.test_peak_floor_contrastive_predictive" name="test_model_predicts_normalized_future_embedding_from_joint_peak_floor_context" time="0.005"><failure message="FileNotFoundError: [Errno 2] No such file or directory: '/home/ubuntu/projects/gnss-doppler-gcspo-stage0-static-rerun/scripts/train_peak_floor_temporal_autoencoder.py'">def test_model_predicts_normalized_future_embedding_from_joint_peak_floor_context():
&gt;       m = load_module()
            ^^^^^^^^^^^^^

tests/test_peak_floor_contrastive_predictive.py:76: 
_ _ _ _ _ _ _ _ _ _ _ _ _ _ _ _ _ _ _ _ _ _ _ _ _ _ _ _ _ _ _ _ _ _ _ _ _ _ _ _ 
tests/test_peak_floor_contrastive_predictive.py:22: in load_module
    spec.loader.exec_module(module)
&lt;frozen importlib._bootstrap_external&gt;:995: in exec_module
    ???
&lt;frozen importlib._bootstrap&gt;:488: in _call_with_frames_removed
    ???
scripts/train_peak_floor_contrastive_predictive.py:34: in &lt;module&gt;
    _spec.loader.exec_module(_base)
&lt;frozen importlib._bootstrap_external&gt;:991: in exec_module
    ???
&lt;frozen importlib._bootstrap_external&gt;:1128: in get_code
    ???
_ _ _ _ _ _ _ _ _ _ _ _ _ _ _ _ _ _ _ _ _ _ _ _ _ _ _ _ _ _ _ _ _ _ _ _ _ _ _ _ 

self = &lt;_frozen_importlib_external.SourceFileLoader object at 0x73bb8b52e810&gt;
path = '/home/ubuntu/projects/gnss-doppler-gcspo-stage0-static-rerun/scripts/train_peak_floor_temporal_autoencoder.py'

&gt;   ???
E   FileNotFoundError: [Errno 2] No such file or directory: '/home/ubuntu/projects/gnss-doppler-gcspo-stage0-static-rerun/scripts/train_peak_floor_temporal_autoencoder.py'

&lt;frozen importlib._bootstrap_external&gt;:1186: FileNotFoundError</failure></testcase><testcase classname="tests.test_peak_floor_contrastive_predictive" name="test_scoring_timestamp_is_future_endpoint_and_is_causal" time="0.005"><failure message="FileNotFoundError: [Errno 2] No such file or directory: '/home/ubuntu/projects/gnss-doppler-gcspo-stage0-static-rerun/scripts/train_peak_floor_temporal_autoencoder.py'">def test_scoring_timestamp_is_future_endpoint_and_is_causal():
&gt;       m = load_module()
            ^^^^^^^^^^^^^

tests/test_peak_floor_contrastive_predictive.py:94: 
_ _ _ _ _ _ _ _ _ _ _ _ _ _ _ _ _ _ _ _ _ _ _ _ _ _ _ _ _ _ _ _ _ _ _ _ _ _ _ _ 
tests/test_peak_floor_contrastive_predictive.py:22: in load_module
    spec.loader.exec_module(module)
&lt;frozen importlib._bootstrap_external&gt;:995: in exec_module
    ???
&lt;frozen importlib._bootstrap&gt;:488: in _call_with_frames_removed
    ???
scripts/train_peak_floor_contrastive_predictive.py:34: in &lt;module&gt;
    _spec.loader.exec_module(_base)
&lt;frozen importlib._bootstrap_external&gt;:991: in exec_module
    ???
&lt;frozen importlib._bootstrap_external&gt;:1128: in get_code
    ???
_ _ _ _ _ _ _ _ _ _ _ _ _ _ _ _ _ _ _ _ _ _ _ _ _ _ _ _ _ _ _ _ _ _ _ _ _ _ _ _ 

self = &lt;_frozen_importlib_external.SourceFileLoader object at 0x73bb8b52c380&gt;
path = '/home/ubuntu/projects/gnss-doppler-gcspo-stage0-static-rerun/scripts/train_peak_floor_temporal_autoencoder.py'

&gt;   ???
E   FileNotFoundError: [Errno 2] No such file or directory: '/home/ubuntu/projects/gnss-doppler-gcspo-stage0-static-rerun/scripts/train_peak_floor_temporal_autoencoder.py'

&lt;frozen importlib._bootstrap_external&gt;:1186: FileNotFoundError</failure></testcase><testcase classname="tests.test_peak_floor_contrastive_predictive" name="test_tiny_normal_only_campaign_writes_cpc_artifacts" time="0.005"><failure message="FileNotFoundError: [Errno 2] No such file or directory: '/home/ubuntu/projects/gnss-doppler-gcspo-stage0-static-rerun/scripts/train_peak_floor_temporal_autoencoder.py'">tmp_path = PosixPath('/tmp/pytest-of-ubuntu/pytest-30/test_tiny_normal_only_campaign0')

    def test_tiny_normal_only_campaign_writes_cpc_artifacts(tmp_path):
&gt;       m = load_module()
            ^^^^^^^^^^^^^

tests/test_peak_floor_contrastive_predictive.py:108: 
_ _ _ _ _ _ _ _ _ _ _ _ _ _ _ _ _ _ _ _ _ _ _ _ _ _ _ _ _ _ _ _ _ _ _ _ _ _ _ _ 
tests/test_peak_floor_contrastive_predictive.py:22: in load_module
    spec.loader.exec_module(module)
&lt;frozen importlib._bootstrap_external&gt;:995: in exec_module
    ???
&lt;frozen importlib._bootstrap&gt;:488: in _call_with_frames_removed
    ???
scripts/train_peak_floor_contrastive_predictive.py:34: in &lt;module&gt;
    _spec.loader.exec_module(_base)
&lt;frozen importlib._bootstrap_external&gt;:991: in exec_module
    ???
&lt;frozen importlib._bootstrap_external&gt;:1128: in get_code
    ???
_ _ _ _ _ _ _ _ _ _ _ _ _ _ _ _ _ _ _ _ _ _ _ _ _ _ _ _ _ _ _ _ _ _ _ _ _ _ _ _ 

self = &lt;_frozen_importlib_external.SourceFileLoader object at 0x73bb9119ce90&gt;
path = '/home/ubuntu/projects/gnss-doppler-gcspo-stage0-static-rerun/scripts/train_peak_floor_temporal_autoencoder.py'

&gt;   ???
E   FileNotFoundError: [Errno 2] No such file or directory: '/home/ubuntu/projects/gnss-doppler-gcspo-stage0-static-rerun/scripts/train_peak_floor_temporal_autoencoder.py'

&lt;frozen importlib._bootstrap_external&gt;:1186: FileNotFoundError</failure></testcase><testcase classname="tests.test_peak_floor_dic_v3_quality" name="test_empirical_gaussianization_and_rank_aware_projection" time="0.006" /><testcase classname="tests.test_peak_floor_dic_v3_quality" name="test_config_ranges_distribution_nu_and_explicit_cuda" time="0.001" /><testcase classname="tests.test_peak_floor_dic_v3_quality" name="test_time_nan_rejected_and_cli_options_visible" time="0.015" /><testcase classname="tests.test_peak_floor_dic_v3_quality" name="test_v3_train_center_and_trainer_scorer_numerical_equivalence" time="1.899" /><testcase classname="tests.test_peak_floor_dic_v3_quality" name="test_semantic_validation_and_manifest_traversal_even_when_rehashed" time="0.697" /><testcase classname="tests.test_peak_floor_dic_v3_quality" name="test_model_weights_scores_and_onset_must_be_finite" time="1.997" /><testcase classname="tests.test_peak_floor_dynamic_innovation_copula" name="test_masked_epoch_summary_ignores_padding_and_prn_order" time="0.006" /><testcase classname="tests.test_peak_floor_dynamic_innovation_copula" name="test_nll_finite_and_singleton_model_output_separate_branches" time="0.007" /><testcase classname="tests.test_peak_floor_dynamic_innovation_copula" name="test_correlated_aligned_relation_has_lower_nll_than_permuted" time="0.006" /><testcase classname="tests.test_peak_floor_dynamic_innovation_copula" name="test_relation_deviation_is_two_sided_and_permutation_shifts_have_guard_band" time="0.005" /><testcase classname="tests.test_research_notebooks" name="test_single_research_notebook_has_linear_normal_only_structure" time="0.001" /><testcase classname="tests.test_research_notebooks" name="test_only_one_source_research_notebook_is_kept" time="0.001" /><testcase classname="tests.test_research_notebooks" name="test_notebook_does_not_embed_machine_specific_paths_or_outputs" time="0.001" /><testcase classname="tests.test_research_sequence" name="test_latest_run_selects_newest_complete_run" time="0.003" /><testcase classname="tests.test_research_sequence" name="test_latest_run_explains_when_no_complete_run_exists" time="0.002" /><testcase classname="tests.test_research_sequence" name="test_load_run_manifest_returns_mapping" time="0.002" /><testcase classname="tests.test_research_sequence" name="test_sequence_status_reports_stage_artifacts" time="0.003" /><testcase classname="tests.test_rf_cli" name="test_probe_cli_reports_machine_readable_status" time="0.002" /><testcase classname="tests.test_rf_generation" name="test_load_versioned_config_and_resolve_paths" time="0.004" /><testcase classname="tests.test_rf_generation" name="test_rejects_fractional_second_scenario_utc" time="0.004" /><testcase classname="tests.test_rf_generation" name="test_rejects_unknown_version_and_malformed_trajectory" time="0.006" /><testcase classname="tests.test_rf_generation" name="test_discovery_precedence_and_command_contract" time="0.004" /><testcase classname="tests.test_rf_generation" name="test_pinned_runner_expected_bytes_accounts_for_initial_100ms_warmup" time="0.003" /><testcase classname="tests.test_rf_generation" name="test_relative_explicit_executable_is_resolved_before_changing_cwd" time="0.002" /><testcase classname="tests.test_rf_generation" name="test_runner_uses_safe_argv_atomic_output_and_logs" time="0.004" /><testcase classname="tests.test_rf_generation" name="test_runner_failure_and_empty_output_do_not_publish" time="0.005" /><testcase classname="tests.test_rf_generation" name="test_runner_rejects_rinex3_before_execution" time="0.004" /><testcase classname="tests.test_rf_generation" name="test_pipeline_deterministic_layout_and_manifest" time="0.004" /><testcase classname="tests.test_rf_generation" name="test_rejects_unsafe_scenario_names[../escape]" time="0.003" /><testcase classname="tests.test_rf_generation" name="test_rejects_unsafe_scenario_names[a/b]" time="0.003" /><testcase classname="tests.test_rf_generation" name="test_rejects_unsafe_scenario_names[.]" time="0.003" /><testcase classname="tests.test_rf_generation" name="test_rejects_unsafe_scenario_names[]" time="0.003" /><testcase classname="tests.test_rf_generation" name="test_rejects_unsafe_scenario_names[bad name]" time="0.003" /><testcase classname="tests.test_rf_generation" name="test_rejects_unsafe_scenario_names[x\\y]" time="0.003" /><testcase classname="tests.test_rf_generation" name="test_rejects_values_outside_pinned_simulator_limits[duration_seconds: 2-duration_seconds: 0]" time="0.004" /><testcase classname="tests.test_rf_generation" name="test_rejects_values_outside_pinned_simulator_limits[duration_seconds: 2-duration_seconds: 86401]" time="0.003" /><testcase classname="tests.test_rf_generation" name="test_rejects_values_outside_pinned_simulator_limits[rf_sample_rate_hz: 2600000-rf_sample_rate_hz: 999999]" time="0.004" /><testcase classname="tests.test_rf_generation" name="test_rejects_values_outside_pinned_simulator_limits[latitude_deg: 37.5-latitude_deg: .nan]" time="0.003" /><testcase classname="tests.test_rf_generation" name="test_rejects_values_outside_pinned_simulator_limits[longitude_deg: 127.0-longitude_deg: .inf]" time="0.003" /><testcase classname="tests.test_rf_generation" name="test_rejects_values_outside_pinned_simulator_limits[altitude_m: 42-altitude_m: -.inf]" time="0.003" /><testcase classname="tests.test_rf_generation" name="test_runner_stages_short_nav_name_and_returns_exact_argv" time="0.005" /><testcase classname="tests.test_rf_generation" name="test_static_run_preserves_preexisting_motion_csv" time="0.005" /><testcase classname="tests.test_rf_generation" name="test_dynamic_motion_collision_cleans_only_nav_created_by_call" time="0.004" /><testcase classname="tests.test_rf_generation" name="test_dynamic_motion_copy_failure_cleans_nav_and_is_simulator_error" time="0.004" /><testcase classname="tests.test_rf_generation" name="test_dynamic_success_cleans_nav_and_motion_staging" time="0.005" /><testcase classname="tests.test_rf_generation" name="test_manifest_records_unverified_executable_hash_and_cli_contract" time="0.004" /><testcase classname="tests.test_rf_generation" name="test_pipeline_rejects_odd_s8_iq_byte_count" time="0.004" /><testcase classname="tests.test_rf_generation" name="test_pipeline_requires_exact_recording_size_and_runner_agreement[18-18-expected 20]" time="0.004" /><testcase classname="tests.test_rf_generation" name="test_pipeline_requires_exact_recording_size_and_runner_agreement[22-22-expected 20]" time="0.004" /><testcase classname="tests.test_rf_generation" name="test_pipeline_requires_exact_recording_size_and_runner_agreement[20-18-reported.*filesystem]" time="0.004" /><testcase classname="tests.test_rf_generation" name="test_pipeline_defensively_keeps_run_directory_under_output_root" time="0.004" /><testcase classname="tests.test_rf_generation" name="test_runner_provenance_hashes_available_path_executable" time="0.002" /><testcase classname="tests.test_rf_generation" name="test_rinex_timescale_midnight_and_rollover" time="0.005" /><testcase classname="tests.test_rf_generation" name="test_rinex_leap_seconds_fail_closed[                                                            END OF HEADER\n-missing LEAP SECONDS]" time="0.002" /><testcase classname="tests.test_rf_generation" name="test_rinex_leap_seconds_fail_closed[  nope                                                      LEAP SECONDS\n                                                            END OF HEADER\n-malformed LEAP SECONDS]" time="0.002" /><testcase classname="tests.test_rf_generation" name="test_rinex_leap_seconds_fail_closed[    18                                                      LEAP SECONDS\n    18                                                      LEAP SECONDS\n                                                            END OF HEADER\n-duplicate LEAP SECONDS]" time="0.002" /><testcase classname="tests.test_rf_generation" name="test_rinex_leap_seconds_fail_closed[    18                                                      LEAP SECONDS\n-END OF HEADER]" time="0.002" /><testcase classname="tests.test_rf_impairment_integration" name="test_impairment_yaml_validation_and_clean_default" time="0.016" /><testcase classname="tests.test_rf_impairment_integration" name="test_strict_integer_preserves_full_uint64_range_and_script_seed_round_trip" time="0.007" /><testcase classname="tests.test_rf_impairment_integration" name="test_profile_semantics_reject_empty_contradictory_or_preset_overrides[impairments: {}-empty]" time="0.003" /><testcase classname="tests.test_rf_impairment_integration" name="test_profile_semantics_reject_empty_contradictory_or_preset_overrides[impairments:\n  enabled: true\n  profile: clean-clean.*disabled]" time="0.004" /><testcase classname="tests.test_rf_impairment_integration" name="test_profile_semantics_reject_empty_contradictory_or_preset_overrides[impairments:\n  enabled: false\n  profile: open_sky_normal-open_sky_normal.*enabled]" time="0.004" /><testcase classname="tests.test_rf_impairment_integration" name="test_profile_semantics_reject_empty_contradictory_or_preset_overrides[impairments:\n  enabled: false\n  profile: explicit-explicit.*enabled]" time="0.004" /><testcase classname="tests.test_rf_impairment_integration" name="test_profile_semantics_reject_empty_contradictory_or_preset_overrides[impairments:\n  enabled: true-identity]" time="0.004" /><testcase classname="tests.test_rf_impairment_integration" name="test_profile_semantics_reject_empty_contradictory_or_preset_overrides[impairments:\n  enabled: true\n  profile: open_sky_normal\n  sample_snr_db: -10-only]" time="0.004" /><testcase classname="tests.test_rf_impairment_integration" name="test_enabled_pipeline_uses_clean_temp_and_records_provenance" time="0.720" /><testcase classname="tests.test_rf_impairment_integration" name="test_normal_v3_yaml_defaults_realistic_with_stable_diverse_seed" time="0.010" /><testcase classname="tests.test_rf_impairment_integration" name="test_normal_v3_can_write_clean_yaml" time="0.006" /><testcase classname="tests.test_rf_impairments" name="test_output_is_seeded_and_chunk_partition_invariant" time="0.207" /><testcase classname="tests.test_rf_impairments" name="test_awgn_achieves_clean_composite_sample_snr" time="0.074" /><testcase classname="tests.test_rf_impairments" name="test_oscillator_phase_is_continuous_and_matches_equation" time="0.016" /><testcase classname="tests.test_rf_impairments" name="test_fractional_multipath_impulse_delay" time="0.014" /><testcase classname="tests.test_rf_impairments" name="test_atomic_validation_and_cleanup" time="0.002" /><testcase classname="tests.test_rf_impairments" name="test_open_sky_profile_is_sane_reproducible_and_diverse" time="0.001" /><testcase classname="tests.test_rf_impairments" name="test_open_sky_frontend_cutoff_tracks_nyquist[1000000]" time="0.001" /><testcase classname="tests.test_rf_impairments" name="test_open_sky_frontend_cutoff_tracks_nyquist[2000000]" time="0.001" /><testcase classname="tests.test_rf_impairments" name="test_open_sky_frontend_cutoff_tracks_nyquist[2600000]" time="0.001" /><testcase classname="tests.test_rf_impairments" name="test_open_sky_frontend_cutoff_tracks_nyquist[4000000]" time="0.001" /><testcase classname="tests.test_rf_impairments" name="test_open_sky_frontend_cutoff_tracks_nyquist[5000000]" time="0.001" /><testcase classname="tests.test_rf_impairments" name="test_receiver_agc_prevents_negative_snr_adc_saturation_and_reports_measurements" time="0.107" /><testcase classname="tests.test_rf_impairments" name="test_two_pass_processor_does_not_create_channel_intermediate" time="0.018" /><testcase classname="tests.test_rf_impairments" name="test_manifest_records_runtime_filter_rng_and_layer_model" time="0.024" /><testcase classname="tests.test_score_peak_floor_contrastive_predictive" name="test_frozen_cpc_scores_attack_run_without_refitting" time="0.006"><failure message="FileNotFoundError: [Errno 2] No such file or directory: '/home/ubuntu/projects/gnss-doppler-gcspo-stage0-static-rerun/scripts/train_peak_floor_temporal_autoencoder.py'">tmp_path = PosixPath('/tmp/pytest-of-ubuntu/pytest-30/test_frozen_cpc_scores_attack_0')

    def test_frozen_cpc_scores_attack_run_without_refitting(tmp_path):
&gt;       m=load(TRAIN,"pf_cpc_train_for_score_test")
          ^^^^^^^^^^^^^^^^^^^^^^^^^^^^^^^^^^^^^^^^^

tests/test_score_peak_floor_contrastive_predictive.py:38: 
_ _ _ _ _ _ _ _ _ _ _ _ _ _ _ _ _ _ _ _ _ _ _ _ _ _ _ _ _ _ _ _ _ _ _ _ _ _ _ _ 
tests/test_score_peak_floor_contrastive_predictive.py:18: in load
    assert spec.loader is not None; spec.loader.exec_module(module); return module
                                    ^^^^^^^^^^^^^^^^^^^^^^^^^^^^^^^
&lt;frozen importlib._bootstrap_external&gt;:995: in exec_module
    ???
&lt;frozen importlib._bootstrap&gt;:488: in _call_with_frames_removed
    ???
scripts/train_peak_floor_contrastive_predictive.py:34: in &lt;module&gt;
    _spec.loader.exec_module(_base)
&lt;frozen importlib._bootstrap_external&gt;:991: in exec_module
    ???
&lt;frozen importlib._bootstrap_external&gt;:1128: in get_code
    ???
_ _ _ _ _ _ _ _ _ _ _ _ _ _ _ _ _ _ _ _ _ _ _ _ _ _ _ _ _ _ _ _ _ _ _ _ _ _ _ _ 

self = &lt;_frozen_importlib_external.SourceFileLoader object at 0x73bb9122c950&gt;
path = '/home/ubuntu/projects/gnss-doppler-gcspo-stage0-static-rerun/scripts/train_peak_floor_temporal_autoencoder.py'

&gt;   ???
E   FileNotFoundError: [Errno 2] No such file or directory: '/home/ubuntu/projects/gnss-doppler-gcspo-stage0-static-rerun/scripts/train_peak_floor_temporal_autoencoder.py'

&lt;frozen importlib._bootstrap_external&gt;:1186: FileNotFoundError</failure></testcase><testcase classname="tests.test_score_peak_floor_dynamic_innovation_copula" name="test_tiny_cpu_campaign_frozen_score_and_tamper_rejection" time="0.960" /><testcase classname="tests.test_score_peak_floor_dynamic_innovation_copula" name="test_manifest_cannot_omit_required_frozen_artifact" time="0.695" /><testcase classname="tests.test_score_peak_floor_dynamic_innovation_copula" name="test_post_label_uses_raw_support_start_and_sidecar_refuses_overwrite" time="0.686" /><testcase classname="tests.test_score_texbat_prn_node_gru" name="test_scorer_supports_generic_prefix_and_onset_without_changing_defaults" time="0.009" /><testcase classname="tests.test_score_texbat_prn_node_gru" name="test_checkpoint_provenance_records_hash_and_feature_contract" time="0.009" /><testcase classname="tests.test_score_texbat_prn_node_gru" name="test_oakbat_threshold_summary_uses_dynamic_onset_neutral_keys" time="0.010" /><testcase classname="tests.test_score_texbat_prn_node_gru" name="test_clean_threshold_summary_has_only_false_positive_metrics" time="0.009" /><testcase classname="tests.test_score_texbat_prn_node_gru" name="test_default_plot_restores_exact_texbat_time_label" time="0.261" /><testcase classname="tests.test_score_texbat_prn_node_gru" name="test_scorer_roots_are_resolved_from_script_not_cwd" time="0.009" /><testcase classname="tests.test_score_texbat_prn_node_gru" name="test_checkpoint_loader_uses_safe_load_and_fails_closed_on_structure" time="0.009" /><testcase classname="tests.test_score_texbat_prn_node_gru" name="test_numeric_feature_validation_rejects_nan_and_infinity" time="0.011" /><testcase classname="tests.test_score_texbat_prn_node_gru" name="test_event_aggregation_keeps_runs_separate_and_one_run_values" time="0.021" /><testcase classname="tests.test_score_texbat_prn_node_gru" name="test_score_timing_contract_records_frozen_start_and_availability_offset" time="0.009" /><testcase classname="tests.test_score_texbat_prn_node_gru" name="test_validation_prn_scores_fail_closed_before_quantiles[prn_node_mae\n1.0\n]" time="0.011" /><testcase classname="tests.test_score_texbat_prn_node_gru" name="test_validation_prn_scores_fail_closed_before_quantiles[prn_node_rmse\n]" time="0.011" /><testcase classname="tests.test_score_texbat_prn_node_gru" name="test_validation_prn_scores_fail_closed_before_quantiles[prn_node_rmse\n\n]" time="0.010" /><testcase classname="tests.test_score_texbat_prn_node_gru" name="test_validation_prn_scores_fail_closed_before_quantiles[prn_node_rmse\nnot-a-number\n]" time="0.010" /><testcase classname="tests.test_score_texbat_prn_node_gru" name="test_validation_prn_scores_fail_closed_before_quantiles[prn_node_rmse\nnan\n]" time="0.010" /><testcase classname="tests.test_score_texbat_prn_node_gru" name="test_validation_prn_scores_fail_closed_before_quantiles[prn_node_rmse\ninf\n]" time="0.010" /><testcase classname="tests.test_score_texbat_prn_node_gru" name="test_validation_prn_scores_fail_closed_before_quantiles[prn_node_rmse\n-inf\n]" time="0.011" /><testcase classname="tests.test_score_texbat_prn_node_gru" name="test_validation_prn_scores_accept_numeric_nonempty_finite_values" time="0.011" /><testcase classname="tests.test_script_entrypoint" name="test_generate_script_can_show_help_without_package_install" time="0.093" /><testcase classname="tests.test_script_entrypoint" name="test_generate_script_requires_explicit_notebook_created_config" time="0.090" /><testcase classname="tests.test_tap_residual_common_drive" name="test_vector_extraction_shape_ordering_and_b0_unchanged" time="0.012" /><testcase classname="tests.test_tap_residual_common_drive" name="test_leave_one_out_self_exclusion" time="0.009" /><testcase classname="tests.test_tap_residual_common_drive" name="test_permutation_invariance" time="0.019" /><testcase classname="tests.test_tap_residual_common_drive" name="test_duplicate_rejection_and_variable_count_mask" time="0.015" /><testcase classname="tests.test_tap_residual_common_drive" name="test_no_future_influence_and_run_reset" time="0.004" /><testcase classname="tests.test_tap_residual_common_drive" name="test_joint_requires_magnitude_and_positive_alignment" time="0.024" /><testcase classname="tests.test_tap_residual_common_drive" name="test_finite_edges" time="0.011" /><testcase classname="tests.test_tap_residual_common_drive" name="test_clean_only_calibration_provenance_no_overwrite" time="0.026" /><testcase classname="tests.test_tap_residual_common_drive" name="test_exact_timing_contract" time="0.001" /><testcase classname="tests.test_tap_residual_common_drive" name="test_parallel_scorer_script_exists_and_does_not_modify_b0" time="0.004" /><testcase classname="tests.test_tap_residual_common_drive" name="test_public_score_rejects_null_and_empty_identifiers" time="0.009" /><testcase classname="tests.test_tap_residual_common_drive" name="test_sequence_contract_rejects_duplicates_gaps_and_inconsistent_times" time="0.012" /><testcase classname="tests.test_tap_residual_common_drive" name="test_clean_metadata_verified_and_fingerprint_bound" time="0.021" /><testcase classname="tests.test_tap_residual_common_drive" name="test_exact_frozen_feature_and_semantic_checkpoint_contract" time="0.005" /><testcase classname="tests.test_tap_residual_common_drive" name="test_scenario_slug_and_output_preflight" time="0.006" /><testcase classname="tests.test_tap_residual_common_drive" name="test_atomic_writes_and_pairwise_no_overwrite" time="0.027" /><testcase classname="tests.test_tap_residual_common_drive" name="test_calibration_atomic_replace_and_fingerprint_provenance" time="0.030" /><testcase classname="tests.test_tap_residual_common_drive" name="test_onset_windows_crossing_excluded_and_first_flag_times_same_row" time="0.006" /><testcase classname="tests.test_tap_residual_common_drive" name="test_atomic_no_clobber_wins_race_after_temp_is_complete" time="0.014" /><testcase classname="tests.test_tap_residual_common_drive" name="test_csv_and_json_atomic_helpers_no_clobber_under_race" time="0.015" /><testcase classname="tests.test_tap_residual_common_drive" name="test_csv_atomic_helper_no_clobber_under_race" time="0.016" /><testcase classname="tests.test_tap_residual_common_drive" name="test_same_event_rejects_remote_actual_time_but_allows_real_offsets" time="0.017" /><testcase classname="tests.test_tap_residual_common_drive" name="test_atomic_writer_never_reopens_mkstemp_path" time="0.015" /><testcase classname="tests.test_tracking_feature_dataset_baseline" name="test_dataset_exporter_reuses_collector_and_is_reproducible" time="0.019" /><testcase classname="tests.test_tracking_feature_dataset_baseline" name="test_dataset_exporter_rejects_empty_duplicate_and_bad_schema" time="0.003" /><testcase classname="tests.test_tracking_feature_dataset_baseline" name="test_normal_only_baseline_separates_schema_and_writes_reproducible_scores" time="0.069" /><testcase classname="tests.test_tracking_feature_dataset_baseline" name="test_baseline_rejects_run_leakage_unknown_group_schema_and_non_normal_training" time="0.003" /><testcase classname="tests.test_tracking_feature_dataset_baseline" name="test_dataset_writes_provenance_manifest_and_rejects_zero_row_run" time="0.002" /><testcase classname="tests.test_tracking_feature_dataset_baseline" name="test_baseline_rejects_path_alias_and_source_content_leakage" time="0.003" /><testcase classname="tests.test_tracking_feature_dataset_baseline" name="test_baseline_manifest_hashes_score_and_label_aware_evaluation" time="0.240" /><testcase classname="tests.test_tracking_feature_dataset_baseline" name="test_baseline_rejects_absent_duplicate_nan_malformed_and_fingerprint_leakage" time="0.008" /><testcase classname="tests.test_tracking_feature_dataset_baseline" name="test_baseline_evaluation_text_reflects_attack_test_label" time="0.239" /><testcase classname="tests.test_tracking_feature_dataset_baseline" name="test_baseline_score_direction_and_failed_pair_publish_removes_stale_manifest" time="0.006" /><testcase classname="tests.test_tracking_feature_dataset_baseline" name="test_baseline_rejects_stale_dataset_manifest_hash" time="0.003" /><testcase classname="tests.test_tracking_feature_windows" name="test_compute_tracking_window_feature_records_returns_expected_feature_statistics" time="0.002" /><testcase classname="tests.test_tracking_feature_windows" name="test_export_receiver_run_tracking_feature_csv_writes_paper_ready_rows" time="0.010" /><testcase classname="tests.test_tracking_feature_windows" name="test_current_paper_schema_is_explicit_three_tap_epl_and_rejects_five_tap_placeholder" time="0.001" /><testcase classname="tests.test_tracking_feature_windows" name="test_collection_never_windows_across_prn_or_time_gap_segments_and_honors_filter" time="0.024" /><testcase classname="tests.test_tracking_feature_windows" name="test_export_receiver_run_tap_feature_csv_writes_configurable_nine_tap_columns" time="0.012" /><testcase classname="tests.test_tracking_peaks" name="test_available_tracking_prns_reads_manifest_order" time="0.007" /><testcase classname="tests.test_tracking_peaks" name="test_load_receiver_tracking_peak_series_extracts_real_prn_peak_slice" time="0.010" /><testcase classname="tests.test_tracking_peaks" name="test_render_tracking_peak_dashboard_writes_png" time="0.580" /><testcase classname="tests.test_tracking_peaks" name="test_multi_prn_channel_discovers_all_epoch_prns_and_filters_requested_prn" time="0.009" /><testcase classname="tests.test_tracking_peaks" name="test_same_prn_reappearance_is_returned_as_distinct_segments" time="0.010" /><testcase classname="tests.test_tracking_peaks" name="test_load_receiver_tracking_peak_series_can_select_real_nine_tap_layout" time="0.011" /><testcase classname="tests.test_train_oakbat_cleanstatic_detector" name="test_split_boundaries_purges_and_sequences_are_partition_local" time="0.076" /><testcase classname="tests.test_train_oakbat_cleanstatic_detector" name="test_cli_has_only_clean_input_output_and_normal_training_knobs" time="0.017" /><testcase classname="tests.test_train_oakbat_cleanstatic_detector" name="test_feature_order_and_train_only_standardizer" time="0.075" /><testcase classname="tests.test_train_oakbat_cleanstatic_detector" name="test_thresholds_use_calibration_only_and_existing_event_builder" time="0.029" /><testcase classname="tests.test_train_oakbat_cleanstatic_detector" name="test_fail_closed_data_contract[&lt;lambda&gt;-tap_count]" time="0.043" /><testcase classname="tests.test_train_oakbat_cleanstatic_detector" name="test_fail_closed_data_contract[&lt;lambda&gt;-tap_layout]" time="0.043" /><testcase classname="tests.test_train_oakbat_cleanstatic_detector" name="test_fail_closed_data_contract[&lt;lambda&gt;-feature]" time="0.044" /><testcase classname="tests.test_train_oakbat_cleanstatic_detector" name="test_fail_closed_data_contract[&lt;lambda&gt;-non-finite]" time="0.047" /><testcase classname="tests.test_train_oakbat_cleanstatic_detector" name="test_fail_closed_data_contract[&lt;lambda&gt;-duplicate]" time="0.049" /><testcase classname="tests.test_train_oakbat_cleanstatic_detector" name="test_partition_validator_rejects_overlap_and_empty_partition" time="0.131" /><testcase classname="tests.test_train_oakbat_cleanstatic_detector" name="test_tiny_training_freezes_then_scores_held_clean_and_rejects_tamper" time="0.426" /><testcase classname="tests.test_train_oakbat_cleanstatic_detector" name="test_rejects_insufficient_prns_and_detects_source_mutation" time="0.196" /><testcase classname="tests.test_train_oakbat_cleanstatic_detector" name="test_authentication_rejects_forged_path_attack_identity_and_bad_coverage" time="0.237" /><testcase classname="tests.test_train_oakbat_cleanstatic_detector" name="test_seq_len_is_frozen_and_cannot_be_overridden" time="0.063" /><testcase classname="tests.test_train_oakbat_cleanstatic_detector" name="test_loader_rejects_inventory_deletion_and_pointer_substitution" time="0.465" /><testcase classname="tests.test_train_oakbat_cleanstatic_detector" name="test_loader_rejects_parent_manifest_mutation_and_source_substitution" time="0.228" /><testcase classname="tests.test_train_oakbat_cleanstatic_detector" name="test_loader_rejects_split_semantic_pointer_tamper_even_with_rehashed_manifest" time="0.258" /><testcase classname="tests.test_train_oakbat_cleanstatic_detector" name="test_loader_rejects_coordinated_calibration_and_held_clean_forge" time="0.300" /><testcase classname="tests.test_train_oakbat_cleanstatic_detector" name="test_authentication_rejects_receiver_schema_and_feature_contract_tamper" time="0.112" /><testcase classname="tests.test_train_oakbat_cleanstatic_detector" name="test_temporal_contract_accepts_stable_per_prn_acquisition_offsets" time="0.069" /><testcase classname="tests.test_train_oakbat_cleanstatic_detector" name="test_temporal_contract_rejects_grid_and_prn_clock_disagreement[&lt;lambda&gt;-grid]" time="0.048" /><testcase classname="tests.test_train_oakbat_cleanstatic_detector" name="test_temporal_contract_rejects_grid_and_prn_clock_disagreement[&lt;lambda&gt;-offset]" time="0.050" /><testcase classname="tests.test_train_oakbat_cleanstatic_detector" name="test_temporal_contract_rejects_gap_and_duplicate_but_accepts_unordered_rows" time="0.087" /><testcase classname="tests.test_train_oakbat_cleanstatic_detector" name="test_invalid_hparams_fail_before_output_creation[lr-0.0]" time="0.065" /><testcase classname="tests.test_train_oakbat_cleanstatic_detector" name="test_invalid_hparams_fail_before_output_creation[lr-nan]" time="0.062" /><testcase classname="tests.test_train_oakbat_cleanstatic_detector" name="test_invalid_hparams_fail_before_output_creation[weight_decay--1.0]" time="0.062" /><testcase classname="tests.test_train_oakbat_cleanstatic_detector" name="test_invalid_hparams_fail_before_output_creation[weight_decay-inf]" time="0.062" /><testcase classname="tests.test_train_oakbat_cleanstatic_detector" name="test_invalid_hparams_fail_before_output_creation[dropout--0.1]" time="0.065" /><testcase classname="tests.test_train_oakbat_cleanstatic_detector" name="test_invalid_hparams_fail_before_output_creation[dropout-1.0]" time="0.064" /><testcase classname="tests.test_train_oakbat_cleanstatic_detector" name="test_invalid_hparams_fail_before_output_creation[hidden_dim-0]" time="0.064" /><testcase classname="tests.test_train_oakbat_cleanstatic_detector" name="test_invalid_hparams_fail_before_output_creation[emb_dim--1]" time="0.064" /><testcase classname="tests.test_train_oakbat_cleanstatic_detector" name="test_invalid_hparams_fail_before_output_creation[epochs-0]" time="0.064" /><testcase classname="tests.test_train_oakbat_cleanstatic_detector" name="test_invalid_hparams_fail_before_output_creation[batch_size-0]" time="0.063" /><testcase classname="tests.test_train_oakbat_cleanstatic_detector" name="test_open_model_uses_weights_only_and_rejects_nested_non_tensor_payload" time="0.257" /><testcase classname="tests.test_train_oakbat_cleanstatic_detector" name="test_loader_rejects_coordinated_checkpoint_metadata_and_score_substitution" time="0.509" /><testcase classname="tests.test_trajectory" name="test_exact_duration_contract_and_strict_no_prefix_truncation" time="0.023" /><testcase classname="tests.test_trajectory" name="test_ecef_trajectory_rejects_obvious_earth_interior_coordinates" time="0.002" /><testcase classname="tests.test_trajectory" name="test_ecef_trajectory_accepts_surface_and_aviation_coordinates[llh0]" time="0.002" /><testcase classname="tests.test_trajectory" name="test_ecef_trajectory_accepts_surface_and_aviation_coordinates[llh1]" time="0.002" /><testcase classname="tests.test_trajectory" name="test_wgs84_known_points_round_trip_and_enu_displacement" time="0.001" /><testcase classname="tests.test_trajectory" name="test_straight_si_speed_and_heading_after_csv_quantization" time="0.023" /><testcase classname="tests.test_trajectory" name="test_circle_radius_speed_direction_and_closed_laps" time="0.024" /><testcase classname="tests.test_trajectory" name="test_non_closed_circle_metadata_never_claims_closed" time="0.022" /><testcase classname="tests.test_trajectory" name="test_sweep_straight_semicircle_boundaries_are_c1_after_quantization" time="0.023" /><testcase classname="tests.test_trajectory" name="test_sidecar_reproducibility_metadata_and_hash" time="0.024" /><testcase classname="tests.test_trajectory" name="test_atomic_pair_policy_removes_stale_sidecar_on_publish_failure" time="0.042" /><testcase classname="tests.test_trajectory" name="test_generator_rejects_nonfinite_ranges_and_polar_origins[kwargs0]" time="0.002" /><testcase classname="tests.test_trajectory" name="test_generator_rejects_nonfinite_ranges_and_polar_origins[kwargs1]" time="0.002" /><testcase classname="tests.test_trajectory" name="test_generator_rejects_nonfinite_ranges_and_polar_origins[kwargs2]" time="0.002" /><testcase classname="tests.test_trajectory" name="test_generator_rejects_nonfinite_ranges_and_polar_origins[kwargs3]" time="0.002" /><testcase classname="tests.test_trajectory" name="test_generator_rejects_nonfinite_ranges_and_polar_origins[kwargs4]" time="0.002" /><testcase classname="tests.test_trajectory" name="test_generator_rejects_nonfinite_ranges_and_polar_origins[kwargs5]" time="0.002" /><testcase classname="tests.test_trajectory" name="test_only_kind_used_parameters_are_validated" time="0.021" /><testcase classname="tests.test_trajectory" name="test_dynamic_config_validation_relative_path_and_integer_contract" time="0.028" /><testcase classname="tests.test_trajectory" name="test_generated_sidecar_hash_mismatch_rejected" time="0.024" /></testsuite></testsuites>