<?xml version="1.0" encoding="utf-8"?><testsuites name="pytest tests"><testsuite name="pytest" errors="0" failures="0" skipped="0" tests="49" time="27.421" timestamp="2026-08-14T15:13:04.391684+09:00" hostname="gnss-lab"><testcase classname="tests.test_gcspo_round8_repairs" name="test_public_parity_rejects_boolean_numeric_trace_leaves[True-True]" time="8.265" /><testcase classname="tests.test_gcspo_round8_repairs" name="test_public_parity_rejects_boolean_numeric_trace_leaves[False-False]" time="0.135" /><testcase classname="tests.test_gcspo_round8_repairs" name="test_public_parity_rejects_boolean_numeric_trace_leaves[True-1]" time="0.135" /><testcase classname="tests.test_gcspo_round8_repairs" name="test_public_parity_rejects_boolean_numeric_trace_leaves[1-True]" time="0.135" /><testcase classname="tests.test_gcspo_round8_repairs" name="test_public_parity_rejects_boolean_numeric_trace_leaves[False-0]" time="0.134" /><testcase classname="tests.test_gcspo_round8_repairs" name="test_public_parity_rejects_boolean_numeric_trace_leaves[0-False]" time="0.133" /><testcase classname="tests.test_gcspo_round8_repairs" name="test_public_parity_rejects_boolean_numeric_trace_leaves[left6-right6]" time="0.133" /><testcase classname="tests.test_gcspo_round8_repairs" name="test_public_parity_rejects_boolean_numeric_trace_leaves[left7-right7]" time="0.134" /><testcase classname="tests.test_gcspo_round8_repairs" name="test_public_parity_rejects_boolean_numeric_trace_leaves[left8-right8]" time="0.133" /><testcase classname="tests.test_gcspo_round8_repairs" name="test_public_parity_rejects_empty_or_nested_empty_trace_documents[payload0]" time="0.133" /><testcase classname="tests.test_gcspo_round8_repairs" name="test_public_parity_rejects_empty_or_nested_empty_trace_documents[payload1]" time="0.130" /><testcase classname="tests.test_gcspo_round8_repairs" name="test_public_parity_rejects_empty_or_nested_empty_trace_documents[payload2]" time="0.129" /><testcase classname="tests.test_gcspo_round8_repairs" name="test_public_parity_rejects_empty_or_nested_empty_trace_documents[payload3]" time="0.128" /><testcase classname="tests.test_gcspo_round8_repairs" name="test_public_parity_rejects_empty_or_nested_empty_trace_documents[payload4]" time="0.127" /><testcase classname="tests.test_gcspo_round8_repairs" name="test_public_parity_rejects_both_sides_omitting_same_required_numeric_field" time="0.129" /><testcase classname="tests.test_gcspo_round8_repairs" name="test_public_parity_rejects_unexpected_numeric_field_coverage" time="0.152" /><testcase classname="tests.test_gcspo_round8_repairs" name="test_public_parity_rejects_matching_unapproved_nonnumeric_metadata" time="0.142" /><testcase classname="tests.test_gcspo_round8_repairs" name="test_public_parity_rejects_numeric_path_change_with_same_field_count" time="6.660" /><testcase classname="tests.test_gcspo_round8_repairs" name="test_public_strict_loader_rejects_nonfinite_constants[NaN]" time="0.001" /><testcase classname="tests.test_gcspo_round8_repairs" name="test_public_strict_loader_rejects_nonfinite_constants[Infinity]" time="0.000" /><testcase classname="tests.test_gcspo_round8_repairs" name="test_public_strict_loader_rejects_nonfinite_constants[-Infinity]" time="0.000" /><testcase classname="tests.test_gcspo_round8_repairs" name="test_public_parity_rejects_huge_integer_numeric_coercion" time="0.144" /><testcase classname="tests.test_gcspo_round8_repairs" name="test_public_parity_rejects_subtraction_overflow" time="0.142" /><testcase classname="tests.test_gcspo_round8_repairs" name="test_public_package_verifier_rejects_duplicate_package_metadata[round6_a5_provenance.json]" time="0.001" /><testcase classname="tests.test_gcspo_round8_repairs" name="test_public_package_verifier_rejects_duplicate_package_metadata[round6_evidence_manifest.json]" time="0.924" /><testcase classname="tests.test_gcspo_round8_repairs" name="test_public_package_verifier_rejects_duplicate_package_metadata[round6_a5_parity.json]" time="8.280" /><testcase classname="tests.test_gcspo_round8_repairs" name="test_public_package_verifier_rejects_duplicate_scientific_or_backend_json[bundle/clean_a5_report.json]" time="0.058" /><testcase classname="tests.test_gcspo_round8_repairs" name="test_public_package_verifier_rejects_duplicate_scientific_or_backend_json[bundle/a5_numeric_trace.json]" time="0.341" /><testcase classname="tests.test_gcspo_round8_repairs" name="test_public_package_verifier_rejects_duplicate_scientific_or_backend_json[bundle/a5_backend_truth.json]" time="0.306" /><testcase classname="tests.test_gcspo_round8_repairs" name="test_public_package_verifier_rejects_duplicate_challenge_json" time="0.001" /><testcase classname="tests.test_gcspo_round8_repairs" name="test_public_strict_loader_rejects_duplicate_nested_key" time="0.000" /><testcase classname="tests.test_gcspo_round8_repairs" name="test_public_freeze_verifier_rejects_duplicate_freeze_audit_handoff_json[round6_audit_report.json]" time="0.001" /><testcase classname="tests.test_gcspo_round8_repairs" name="test_public_freeze_verifier_rejects_duplicate_freeze_audit_handoff_json[round6_freeze_manifest.json]" time="0.001" /><testcase classname="tests.test_gcspo_round8_repairs" name="test_public_freeze_verifier_rejects_duplicate_freeze_audit_handoff_json[round6_phase1_handoff.json]" time="0.001" /><testcase classname="tests.test_gcspo_round8_repairs" name="test_public_freeze_verifier_rejects_duplicate_freeze_audit_handoff_json[round6_phase2_review_handoff.json]" time="0.001" /><testcase classname="tests.test_gcspo_round8_repairs" name="test_public_freeze_verifier_rejects_duplicate_freeze_audit_handoff_json[round7_audit_report.json]" time="0.002" /><testcase classname="tests.test_gcspo_round8_repairs" name="test_public_freeze_verifier_rejects_duplicate_freeze_audit_handoff_json[round7_freeze_manifest.json]" time="0.002" /><testcase classname="tests.test_gcspo_round8_repairs" name="test_public_freeze_verifier_rejects_duplicate_freeze_audit_handoff_json[round7_evidence_manifest.json]" time="0.002" /><testcase classname="tests.test_gcspo_round8_repairs" name="test_public_freeze_verifier_rejects_duplicate_freeze_audit_handoff_json[round7_repair_evidence.json]" time="0.002" /><testcase classname="tests.test_gcspo_round8_repairs" name="test_public_freeze_verifier_rejects_duplicate_freeze_audit_handoff_json[round7_repair_review_handoff.json]" time="0.002" /><testcase classname="tests.test_gcspo_round8_repairs" name="test_public_freeze_verifier_rejects_duplicate_freeze_audit_handoff_json[round6_independent_review_rejection.json]" time="0.001" /><testcase classname="tests.test_gcspo_round8_repairs" name="test_public_freeze_verifier_rejects_duplicate_historical_manifest" time="0.005" /><testcase classname="tests.test_gcspo_round8_repairs" name="test_public_round8_freeze_verifier_rejects_duplicate_general_json[round8_audit_report.json]" time="0.007" /><testcase classname="tests.test_gcspo_round8_repairs" name="test_public_round8_freeze_verifier_rejects_duplicate_general_json[round8_evidence_manifest.json]" time="0.005" /><testcase classname="tests.test_gcspo_round8_repairs" name="test_public_round8_freeze_verifier_rejects_duplicate_general_json[round8_freeze_manifest.json]" time="0.006" /><testcase classname="tests.test_gcspo_round8_repairs" name="test_public_round8_freeze_verifier_rejects_duplicate_general_json[round8_green_report.json]" time="0.006" /><testcase classname="tests.test_gcspo_round8_repairs" name="test_public_round8_freeze_verifier_rejects_duplicate_general_json[round8_red_report.json]" time="0.006" /><testcase classname="tests.test_gcspo_round8_repairs" name="test_public_round8_freeze_verifier_rejects_duplicate_general_json[round8_repair_review_handoff.json]" time="0.006" /><testcase classname="tests.test_gcspo_round8_repairs" name="test_public_round8_freeze_verifier_rejects_duplicate_historical_round7_manifest" time="0.010" /></testsuite></testsuites>