<?xml version="1.0" encoding="utf-8"?><testsuites name="pytest tests"><testsuite name="pytest" errors="0" failures="0" skipped="0" tests="19" time="3.968" timestamp="2026-08-14T11:23:03.166326+09:00" hostname="gnss-lab"><testcase classname="tests.test_gcspo_round4_freeze_repairs" name="test_consumer_receives_authenticated_snapshot_not_mutated_live_descriptor" time="0.186" /><testcase classname="tests.test_gcspo_round4_freeze_repairs" name="test_mutation_during_snapshot_acquisition_fails_without_consumer_success" time="0.044" /><testcase classname="tests.test_gcspo_round4_freeze_repairs" name="test_review_candidate_rows_are_bound_to_declared_git_target_tree[target_differs]" time="0.028" /><testcase classname="tests.test_gcspo_round4_freeze_repairs" name="test_review_candidate_rows_are_bound_to_declared_git_target_tree[target_lacks_row]" time="0.024" /><testcase classname="tests.test_gcspo_round4_freeze_repairs" name="test_review_wrapper_parent_must_equal_manifest_target" time="0.047" /><testcase classname="tests.test_gcspo_round4_freeze_repairs" name="test_causal_provenance_and_full_workload_cpu_cuda_parity_pass_synthetic" time="0.128" /><testcase classname="tests.test_gcspo_round4_freeze_repairs" name="test_causal_provenance_rejects_tamper_copy_and_incomplete_cases[duplicate_nonce]" time="0.113" /><testcase classname="tests.test_gcspo_round4_freeze_repairs" name="test_causal_provenance_rejects_tamper_copy_and_incomplete_cases[same_process_identity]" time="0.109" /><testcase classname="tests.test_gcspo_round4_freeze_repairs" name="test_causal_provenance_rejects_tamper_copy_and_incomplete_cases[missing_prepared]" time="0.107" /><testcase classname="tests.test_gcspo_round4_freeze_repairs" name="test_causal_provenance_rejects_tamper_copy_and_incomplete_cases[missing_completed]" time="0.110" /><testcase classname="tests.test_gcspo_round4_freeze_repairs" name="test_causal_provenance_rejects_tamper_copy_and_incomplete_cases[modified_transcript]" time="0.108" /><testcase classname="tests.test_gcspo_round4_freeze_repairs" name="test_causal_provenance_rejects_tamper_copy_and_incomplete_cases[nonzero_exit]" time="0.108" /><testcase classname="tests.test_gcspo_round4_freeze_repairs" name="test_causal_provenance_rejects_tamper_copy_and_incomplete_cases[preexisting_output]" time="0.025" /><testcase classname="tests.test_gcspo_round4_freeze_repairs" name="test_causal_provenance_rejects_tamper_copy_and_incomplete_cases[source_mismatch]" time="0.109" /><testcase classname="tests.test_gcspo_round4_freeze_repairs" name="test_remote_precondition_requires_symbolic_branch_and_exact_ahead_behind" time="0.001" /><testcase classname="tests.test_gcspo_round4_run_repair" name="test_one_worker_a5_scoring_runs_in_launch_process_without_pool" time="1.155" /><testcase classname="tests.test_gcspo_round4_run_repair" name="test_cuda_backend_is_initialized_and_attested_before_workload" time="0.002" /><testcase classname="tests.test_gcspo_round4_run_repair" name="test_causal_launcher_preserves_virtualenv_symlink_path" time="0.002" /><testcase classname="tests.test_gcspo_round4_run_repair" name="test_explicit_cpu_uses_same_torch_float64_algorithm_as_explicit_cuda" time="1.499" /></testsuite></testsuites>